call back

Start Simulation
---------------------------------------Configuration Summary--------------------------------------------
Rank count   :   1
Bank count   :   8
Row count    :   32768
Column count :   1024
	Address Mapping 	: 425
	Request Queue 		: 1 perREQ 0 WBuffer 0
	Request Scheduler 	: FRFCFS
	Command Generator 	: OPEN
	Command Queue 		: 8 perREQ 0
	Command Scheduler 	: FRFCFS
Requestor 0 End @ 12815399
Requestor 1 End @ 21329346
==== Channel [0] ====


Statistics Assuming Cores are In Order:


REQ under analysis: Open Request Ratio : 0.006899
   
REQ under analysis: WC Open Read : 59	WC Close Read : 58	WC Open Write : 50	WC Close Write : 48
   
-----------------------------------------Simulation Summary---------------------------------------------
Bandwidth = 4800.9 MB/s
   
Number of Open Read     :  6137
Number of Close Read	:  893864
Number of Open Write    :  762
Number of Close Write   :  99237
   
//// Channel [0] ////
-----------------------------------------Summary Per Requestor------------------------------------------- 
Requestor 0: Worst-Case 670 Done 1000000 Request From 1000000 Computation Time = 0 @ 1.25
Requestor 1: Worst-Case 688 Done 1000000 Request From 1000000 Computation Time = 0 @ 1.25
Simulation End @ 21329347 time = 18541584
