call back

Start Simulation
---------------------------------------Configuration Summary--------------------------------------------
Rank count   :   1
Bank count   :   8
Row count    :   32768
Column count :   1024
	Address Mapping 	: 425
	Request Queue 		: 1 perREQ 0 WBuffer 0
	Request Scheduler 	: FCFS
	Command Generator 	: OPEN
	Command Queue 		: 8 perREQ 0
	Command Scheduler 	: PUSH
Requestor 0 End @ 5708735
==== Channel [0] ====


Statistics Assuming Cores are In Order:


REQ under analysis: Open Request Ratio : 0.99902
   
REQ under analysis: WC Open Read : 4	WC Close Read : 7	WC Open Write : 11	WC Close Write : 0
   
-----------------------------------------Simulation Summary---------------------------------------------
Bandwidth = 8968.71 MB/s
   
Number of Open Read     :  899216
Number of Close Read	:  785
Number of Open Write    :  99804
Number of Close Write   :  195
   
//// Channel [0] ////
-----------------------------------------Summary Per Requestor------------------------------------------- 
Requestor 0: Worst-Case 211 Done 1000000 Request From 1000000 Computation Time = 0 @ 1.25
Simulation End @ 5708736 time = 4625270
