call back

Start Simulation
---------------------------------------Configuration Summary--------------------------------------------
Rank count   :   1
Bank count   :   8
Row count    :   32768
Column count :   1024
	Address Mapping 	: 425
	Request Queue 		: 1 perREQ 0 WBuffer 0
	Request Scheduler 	: FRFCFS
	Command Generator 	: OPEN
	Command Queue 		: 8 perREQ 0
	Command Scheduler 	: FRFCFS
Requestor 0 End @ 6220340
Requestor 1 End @ 11296553
==== Channel [0] ====


Statistics Assuming Cores are In Order:


REQ under analysis: Open Request Ratio : 0.99649
   
REQ under analysis: WC Open Read : 23	WC Close Read : 4	WC Open Write : 11	WC Close Write : 11
   
-----------------------------------------Simulation Summary---------------------------------------------
Bandwidth = 9064.71 MB/s
   
Number of Open Read     :  896880
Number of Close Read	:  3121
Number of Open Write    :  99610
Number of Close Write   :  389
   
//// Channel [0] ////
-----------------------------------------Summary Per Requestor------------------------------------------- 
Requestor 0: Worst-Case 254 Done 1000000 Request From 1000000 Computation Time = 0 @ 1.25
Requestor 1: Worst-Case 17596 Done 1000000 Request From 1000000 Computation Time = 0 @ 1.25
Simulation End @ 11296554 time = 9377417
