call back

Start Simulation
---------------------------------------Configuration Summary--------------------------------------------
Rank count   :   1
Bank count   :   8
Row count    :   32768
Column count :   1024
	Address Mapping 	: 425
	Request Queue 		: 1 perREQ 0 WBuffer 1
	Request Scheduler 	: FRFCFS_Batching
	Command Generator 	: OPEN
	Command Queue 		: 8 perREQ 0
	Command Scheduler 	: FRFCFS
Requestor 0 End @ 9342807
Requestor 1 End @ 9342859
==== Channel [0] ====


Statistics Assuming Cores are In Order:


REQ under analysis: Open Request Ratio : 0.983009
   
REQ under analysis: WC Open Read : 4350	WC Close Read : 30560	WC Open Write : 0	WC Close Write : 0
   
-----------------------------------------Simulation Summary---------------------------------------------
Bandwidth = 10960.2 MB/s
   
Number of Open Read     :  983009
Number of Close Read	:  16991
Number of Open Write    :  0
Number of Close Write   :  0
   
//// Channel [0] ////
-----------------------------------------Summary Per Requestor------------------------------------------- 
Requestor 0: Worst-Case 33985 Done 1000000 Request From 1000000 Computation Time = 0 @ 1.25
Requestor 1: Worst-Case 3852314 Done 1000000 Request From 1000000 Computation Time = 0 @ 1.25
Simulation End @ 9342860 time = 5796570
