call back

Start Simulation
---------------------------------------Configuration Summary--------------------------------------------
Rank count   :   1
Bank count   :   8
Row count    :   32768
Column count :   1024
	Address Mapping 	: 425
	Request Queue 		: 1 perREQ 0 WBuffer 0
	Request Scheduler 	: FCFS
	Command Generator 	: OPEN
	Command Queue 		: 8 perREQ 0
	Command Scheduler 	: PUSH
TRACE-REQUEST:READ		1:		Address: 0		Bank: 0		Column: 0		Row: 0
TRACE-REQUEST:READ		11:		Address: 0		Bank: 0		Column: 0		Row: 0
TRACE-REQUEST:READ		15:		Address: 0		Bank: 0		Column: 0		Row: 0
TRACE-REQUEST:READ		19:		Address: 0		Bank: 0		Column: 0		Row: 0
TRACE-REQUEST:READ		23:		Address: 16777216	Bank: 0		Column: 0		Row: 32
TRACE-REQUEST:READ		48:		Address: 0		Bank: 0		Column: 0		Row: 0
TRACE-REQUEST:READ		85:		Address: 0		Bank: 0		Column: 0		Row: 0
TRACE-REQUEST:READ		89:		Address: 0		Bank: 0		Column: 0		Row: 0
TRACE-REQUEST:READ		93:		Address: 0		Bank: 0		Column: 0		Row: 0
TRACE-REQUEST:READ		97:		Address: 0		Bank: 0		Column: 0		Row: 0
TRACE-REQUEST:READ		101:		Address: 0		Bank: 0		Column: 0		Row: 0
TRACE-REQUEST:READ		105:		Address: 0		Bank: 0		Column: 0		Row: 0
TRACE-REQUEST:READ		109:		Address: 0		Bank: 0		Column: 0		Row: 0
TRACE-REQUEST:READ		113:		Address: 0		Bank: 0		Column: 0		Row: 0
TRACE-REQUEST:READ		117:		Address: 0		Bank: 0		Column: 0		Row: 0
TRACE-REQUEST:READ		121:		Address: 0		Bank: 0		Column: 0		Row: 0
TRACE-REQUEST:READ		125:		Address: 0		Bank: 0		Column: 0		Row: 0
TRACE-REQUEST:READ		129:		Address: 0		Bank: 0		Column: 0		Row: 0
TRACE-REQUEST:READ		133:		Address: 0		Bank: 0		Column: 0		Row: 0
TRACE-REQUEST:READ		137:		Address: 0		Bank: 0		Column: 0		Row: 0
TRACE-REQUEST:READ		141:		Address: 0		Bank: 0		Column: 0		Row: 0
TRACE-REQUEST:READ		145:		Address: 0		Bank: 0		Column: 0		Row: 0
TRACE-REQUEST:READ		149:		Address: 0		Bank: 0		Column: 0		Row: 0
TRACE-REQUEST:READ		153:		Address: 0		Bank: 0		Column: 0		Row: 0
TRACE-REQUEST:READ		157:		Address: 0		Bank: 0		Column: 0		Row: 0
TRACE-REQUEST:READ		161:		Address: 0		Bank: 0		Column: 0		Row: 0
TRACE-REQUEST:READ		165:		Address: 0		Bank: 0		Column: 0		Row: 0
TRACE-REQUEST:READ		169:		Address: 0		Bank: 0		Column: 0		Row: 0
TRACE-REQUEST:READ		173:		Address: 0		Bank: 0		Column: 0		Row: 0
TRACE-REQUEST:READ		177:		Address: 0		Bank: 0		Column: 0		Row: 0
TRACE-REQUEST:READ		181:		Address: 0		Bank: 0		Column: 0		Row: 0
TRACE-REQUEST:READ		185:		Address: 0		Bank: 0		Column: 0		Row: 0
TRACE-REQUEST:READ		189:		Address: 0		Bank: 0		Column: 0		Row: 0
TRACE-REQUEST:READ		193:		Address: 0		Bank: 0		Column: 0		Row: 0
TRACE-REQUEST:READ		197:		Address: 0		Bank: 0		Column: 0		Row: 0
TRACE-REQUEST:READ		201:		Address: 0		Bank: 0		Column: 0		Row: 0
TRACE-REQUEST:READ		205:		Address: 0		Bank: 0		Column: 0		Row: 0
TRACE-REQUEST:READ		209:		Address: 0		Bank: 0		Column: 0		Row: 0
TRACE-REQUEST:READ		213:		Address: 0		Bank: 0		Column: 0		Row: 0
TRACE-REQUEST:READ		217:		Address: 0		Bank: 0		Column: 0		Row: 0
TRACE-REQUEST:READ		221:		Address: 0		Bank: 0		Column: 0		Row: 0
TRACE-REQUEST:READ		225:		Address: 0		Bank: 0		Column: 0		Row: 0
TRACE-REQUEST:READ		229:		Address: 0		Bank: 0		Column: 0		Row: 0
TRACE-REQUEST:READ		233:		Address: 0		Bank: 0		Column: 0		Row: 0
TRACE-REQUEST:READ		237:		Address: 0		Bank: 0		Column: 0		Row: 0
TRACE-REQUEST:READ		241:		Address: 0		Bank: 0		Column: 0		Row: 0
TRACE-REQUEST:READ		245:		Address: 0		Bank: 0		Column: 0		Row: 0
TRACE-REQUEST:READ		249:		Address: 0		Bank: 0		Column: 0		Row: 0
TRACE-REQUEST:READ		253:		Address: 0		Bank: 0		Column: 0		Row: 0
TRACE-REQUEST:READ		257:		Address: 0		Bank: 0		Column: 0		Row: 0
TRACE-REQUEST:READ		261:		Address: 0		Bank: 0		Column: 0		Row: 0
TRACE-REQUEST:READ		265:		Address: 0		Bank: 0		Column: 0		Row: 0
TRACE-REQUEST:READ		269:		Address: 0		Bank: 0		Column: 0		Row: 0
TRACE-REQUEST:READ		273:		Address: 0		Bank: 0		Column: 0		Row: 0
TRACE-REQUEST:READ		277:		Address: 0		Bank: 0		Column: 0		Row: 0
TRACE-REQUEST:READ		281:		Address: 0		Bank: 0		Column: 0		Row: 0
TRACE-REQUEST:READ		285:		Address: 0		Bank: 0		Column: 0		Row: 0
TRACE-REQUEST:READ		289:		Address: 0		Bank: 0		Column: 0		Row: 0
TRACE-REQUEST:READ		293:		Address: 0		Bank: 0		Column: 0		Row: 0
TRACE-REQUEST:READ		297:		Address: 0		Bank: 0		Column: 0		Row: 0
TRACE-REQUEST:READ		301:		Address: 0		Bank: 0		Column: 0		Row: 0
TRACE-REQUEST:READ		305:		Address: 0		Bank: 0		Column: 0		Row: 0
TRACE-REQUEST:READ		309:		Address: 0		Bank: 0		Column: 0		Row: 0
TRACE-REQUEST:READ		313:		Address: 0		Bank: 0		Column: 0		Row: 0
TRACE-REQUEST:READ		317:		Address: 0		Bank: 0		Column: 0		Row: 0
TRACE-REQUEST:READ		321:		Address: 0		Bank: 0		Column: 0		Row: 0
TRACE-REQUEST:READ		325:		Address: 0		Bank: 0		Column: 0		Row: 0
TRACE-REQUEST:READ		329:		Address: 0		Bank: 0		Column: 0		Row: 0
TRACE-REQUEST:READ		333:		Address: 0		Bank: 0		Column: 0		Row: 0
TRACE-REQUEST:READ		337:		Address: 0		Bank: 0		Column: 0		Row: 0
TRACE-REQUEST:READ		341:		Address: 0		Bank: 0		Column: 0		Row: 0
TRACE-REQUEST:READ		345:		Address: 0		Bank: 0		Column: 0		Row: 0
TRACE-REQUEST:READ		349:		Address: 0		Bank: 0		Column: 0		Row: 0
TRACE-REQUEST:READ		353:		Address: 0		Bank: 0		Column: 0		Row: 0
TRACE-REQUEST:READ		357:		Address: 0		Bank: 0		Column: 0		Row: 0
TRACE-REQUEST:READ		361:		Address: 0		Bank: 0		Column: 0		Row: 0
TRACE-REQUEST:READ		365:		Address: 0		Bank: 0		Column: 0		Row: 0
TRACE-REQUEST:READ		369:		Address: 0		Bank: 0		Column: 0		Row: 0
TRACE-REQUEST:READ		373:		Address: 0		Bank: 0		Column: 0		Row: 0
TRACE-REQUEST:READ		377:		Address: 0		Bank: 0		Column: 0		Row: 0
TRACE-REQUEST:READ		381:		Address: 0		Bank: 0		Column: 0		Row: 0
TRACE-REQUEST:READ		385:		Address: 0		Bank: 0		Column: 0		Row: 0
TRACE-REQUEST:READ		389:		Address: 0		Bank: 0		Column: 0		Row: 0
TRACE-REQUEST:READ		393:		Address: 0		Bank: 0		Column: 0		Row: 0
TRACE-REQUEST:READ		397:		Address: 0		Bank: 0		Column: 0		Row: 0
TRACE-REQUEST:READ		401:		Address: 0		Bank: 0		Column: 0		Row: 0
TRACE-REQUEST:READ		405:		Address: 0		Bank: 0		Column: 0		Row: 0
TRACE-REQUEST:READ		409:		Address: 0		Bank: 0		Column: 0		Row: 0
TRACE-REQUEST:READ		413:		Address: 0		Bank: 0		Column: 0		Row: 0
TRACE-REQUEST:READ		417:		Address: 0		Bank: 0		Column: 0		Row: 0
TRACE-REQUEST:READ		421:		Address: 0		Bank: 0		Column: 0		Row: 0
TRACE-REQUEST:READ		425:		Address: 0		Bank: 0		Column: 0		Row: 0
TRACE-REQUEST:READ		429:		Address: 0		Bank: 0		Column: 0		Row: 0
TRACE-REQUEST:READ		433:		Address: 0		Bank: 0		Column: 0		Row: 0
TRACE-REQUEST:READ		437:		Address: 0		Bank: 0		Column: 0		Row: 0
TRACE-REQUEST:READ		441:		Address: 0		Bank: 0		Column: 0		Row: 0
TRACE-REQUEST:READ		445:		Address: 0		Bank: 0		Column: 0		Row: 0
TRACE-REQUEST:READ		449:		Address: 0		Bank: 0		Column: 0		Row: 0
TRACE-REQUEST:READ		453:		Address: 0		Bank: 0		Column: 0		Row: 0
TRACE-REQUEST:READ		457:		Address: 0		Bank: 0		Column: 0		Row: 0
TRACE-REQUEST:READ		461:		Address: 0		Bank: 0		Column: 0		Row: 0
TRACE-REQUEST:READ		465:		Address: 0		Bank: 0		Column: 0		Row: 0
TRACE-REQUEST:READ		469:		Address: 0		Bank: 0		Column: 0		Row: 0
TRACE-REQUEST:READ		473:		Address: 0		Bank: 0		Column: 0		Row: 0
TRACE-REQUEST:READ		477:		Address: 0		Bank: 0		Column: 0		Row: 0
TRACE-REQUEST:READ		481:		Address: 0		Bank: 0		Column: 0		Row: 0
TRACE-REQUEST:READ		485:		Address: 0		Bank: 0		Column: 0		Row: 0
TRACE-REQUEST:READ		489:		Address: 0		Bank: 0		Column: 0		Row: 0
TRACE-REQUEST:READ		493:		Address: 0		Bank: 0		Column: 0		Row: 0
TRACE-REQUEST:READ		497:		Address: 0		Bank: 0		Column: 0		Row: 0
TRACE-REQUEST:READ		501:		Address: 0		Bank: 0		Column: 0		Row: 0
TRACE-REQUEST:READ		505:		Address: 0		Bank: 0		Column: 0		Row: 0
TRACE-REQUEST:READ		509:		Address: 0		Bank: 0		Column: 0		Row: 0
TRACE-REQUEST:READ		513:		Address: 0		Bank: 0		Column: 0		Row: 0
TRACE-REQUEST:READ		517:		Address: 0		Bank: 0		Column: 0		Row: 0
TRACE-REQUEST:READ		521:		Address: 0		Bank: 0		Column: 0		Row: 0
TRACE-REQUEST:READ		525:		Address: 0		Bank: 0		Column: 0		Row: 0
TRACE-REQUEST:READ		529:		Address: 0		Bank: 0		Column: 0		Row: 0
TRACE-REQUEST:READ		533:		Address: 0		Bank: 0		Column: 0		Row: 0
TRACE-REQUEST:READ		537:		Address: 0		Bank: 0		Column: 0		Row: 0
TRACE-REQUEST:READ		541:		Address: 0		Bank: 0		Column: 0		Row: 0
TRACE-REQUEST:READ		545:		Address: 0		Bank: 0		Column: 0		Row: 0
TRACE-REQUEST:READ		549:		Address: 0		Bank: 0		Column: 0		Row: 0
TRACE-REQUEST:READ		553:		Address: 0		Bank: 0		Column: 0		Row: 0
TRACE-REQUEST:READ		557:		Address: 0		Bank: 0		Column: 0		Row: 0
TRACE-REQUEST:READ		561:		Address: 0		Bank: 0		Column: 0		Row: 0
TRACE-REQUEST:READ		565:		Address: 0		Bank: 0		Column: 0		Row: 0
TRACE-REQUEST:READ		569:		Address: 0		Bank: 0		Column: 0		Row: 0
TRACE-REQUEST:READ		573:		Address: 0		Bank: 0		Column: 0		Row: 0
TRACE-REQUEST:READ		577:		Address: 0		Bank: 0		Column: 0		Row: 0
TRACE-REQUEST:READ		581:		Address: 0		Bank: 0		Column: 0		Row: 0
TRACE-REQUEST:READ		585:		Address: 0		Bank: 0		Column: 0		Row: 0
TRACE-REQUEST:READ		589:		Address: 0		Bank: 0		Column: 0		Row: 0
TRACE-REQUEST:READ		593:		Address: 0		Bank: 0		Column: 0		Row: 0
TRACE-REQUEST:READ		597:		Address: 0		Bank: 0		Column: 0		Row: 0
TRACE-REQUEST:READ		601:		Address: 0		Bank: 0		Column: 0		Row: 0
TRACE-REQUEST:READ		605:		Address: 0		Bank: 0		Column: 0		Row: 0
TRACE-REQUEST:READ		609:		Address: 0		Bank: 0		Column: 0		Row: 0
TRACE-REQUEST:READ		613:		Address: 0		Bank: 0		Column: 0		Row: 0
TRACE-REQUEST:READ		617:		Address: 0		Bank: 0		Column: 0		Row: 0
TRACE-REQUEST:READ		621:		Address: 0		Bank: 0		Column: 0		Row: 0
TRACE-REQUEST:READ		625:		Address: 0		Bank: 0		Column: 0		Row: 0
TRACE-REQUEST:READ		629:		Address: 0		Bank: 0		Column: 0		Row: 0
TRACE-REQUEST:READ		633:		Address: 0		Bank: 0		Column: 0		Row: 0
TRACE-REQUEST:READ		637:		Address: 0		Bank: 0		Column: 0		Row: 0
TRACE-REQUEST:READ		641:		Address: 0		Bank: 0		Column: 0		Row: 0
TRACE-REQUEST:READ		645:		Address: 0		Bank: 0		Column: 0		Row: 0
TRACE-REQUEST:READ		649:		Address: 0		Bank: 0		Column: 0		Row: 0
TRACE-REQUEST:READ		653:		Address: 0		Bank: 0		Column: 0		Row: 0
TRACE-REQUEST:READ		657:		Address: 0		Bank: 0		Column: 0		Row: 0
TRACE-REQUEST:READ		661:		Address: 0		Bank: 0		Column: 0		Row: 0
TRACE-REQUEST:READ		665:		Address: 0		Bank: 0		Column: 0		Row: 0
TRACE-REQUEST:READ		669:		Address: 0		Bank: 0		Column: 0		Row: 0
TRACE-REQUEST:READ		673:		Address: 0		Bank: 0		Column: 0		Row: 0
TRACE-REQUEST:READ		677:		Address: 0		Bank: 0		Column: 0		Row: 0
TRACE-REQUEST:READ		681:		Address: 0		Bank: 0		Column: 0		Row: 0
TRACE-REQUEST:READ		685:		Address: 0		Bank: 0		Column: 0		Row: 0
TRACE-REQUEST:READ		689:		Address: 0		Bank: 0		Column: 0		Row: 0
TRACE-REQUEST:READ		693:		Address: 0		Bank: 0		Column: 0		Row: 0
TRACE-REQUEST:READ		697:		Address: 0		Bank: 0		Column: 0		Row: 0
TRACE-REQUEST:READ		701:		Address: 0		Bank: 0		Column: 0		Row: 0
TRACE-REQUEST:READ		705:		Address: 0		Bank: 0		Column: 0		Row: 0
TRACE-REQUEST:READ		709:		Address: 0		Bank: 0		Column: 0		Row: 0
TRACE-REQUEST:READ		713:		Address: 0		Bank: 0		Column: 0		Row: 0
TRACE-REQUEST:READ		717:		Address: 0		Bank: 0		Column: 0		Row: 0
TRACE-REQUEST:READ		721:		Address: 0		Bank: 0		Column: 0		Row: 0
TRACE-REQUEST:READ		725:		Address: 0		Bank: 0		Column: 0		Row: 0
TRACE-REQUEST:READ		729:		Address: 0		Bank: 0		Column: 0		Row: 0
TRACE-REQUEST:READ		733:		Address: 0		Bank: 0		Column: 0		Row: 0
TRACE-REQUEST:READ		737:		Address: 0		Bank: 0		Column: 0		Row: 0
TRACE-REQUEST:READ		741:		Address: 0		Bank: 0		Column: 0		Row: 0
TRACE-REQUEST:READ		745:		Address: 0		Bank: 0		Column: 0		Row: 0
TRACE-REQUEST:READ		749:		Address: 0		Bank: 0		Column: 0		Row: 0
TRACE-REQUEST:READ		753:		Address: 0		Bank: 0		Column: 0		Row: 0
TRACE-REQUEST:READ		757:		Address: 0		Bank: 0		Column: 0		Row: 0
TRACE-REQUEST:READ		761:		Address: 0		Bank: 0		Column: 0		Row: 0
TRACE-REQUEST:READ		765:		Address: 0		Bank: 0		Column: 0		Row: 0
TRACE-REQUEST:READ		769:		Address: 0		Bank: 0		Column: 0		Row: 0
TRACE-REQUEST:READ		773:		Address: 0		Bank: 0		Column: 0		Row: 0
TRACE-REQUEST:READ		777:		Address: 0		Bank: 0		Column: 0		Row: 0
TRACE-REQUEST:READ		781:		Address: 0		Bank: 0		Column: 0		Row: 0
TRACE-REQUEST:READ		785:		Address: 0		Bank: 0		Column: 0		Row: 0
TRACE-REQUEST:READ		789:		Address: 0		Bank: 0		Column: 0		Row: 0
TRACE-REQUEST:READ		793:		Address: 0		Bank: 0		Column: 0		Row: 0
TRACE-REQUEST:READ		797:		Address: 0		Bank: 0		Column: 0		Row: 0
TRACE-REQUEST:READ		801:		Address: 0		Bank: 0		Column: 0		Row: 0
TRACE-REQUEST:READ		805:		Address: 0		Bank: 0		Column: 0		Row: 0
TRACE-REQUEST:READ		809:		Address: 0		Bank: 0		Column: 0		Row: 0
TRACE-REQUEST:READ		813:		Address: 0		Bank: 0		Column: 0		Row: 0
TRACE-REQUEST:READ		817:		Address: 0		Bank: 0		Column: 0		Row: 0
TRACE-REQUEST:READ		821:		Address: 0		Bank: 0		Column: 0		Row: 0
TRACE-REQUEST:READ		825:		Address: 0		Bank: 0		Column: 0		Row: 0
TRACE-REQUEST:READ		829:		Address: 0		Bank: 0		Column: 0		Row: 0
TRACE-REQUEST:READ		833:		Address: 0		Bank: 0		Column: 0		Row: 0
TRACE-REQUEST:READ		837:		Address: 0		Bank: 0		Column: 0		Row: 0
TRACE-REQUEST:READ		841:		Address: 0		Bank: 0		Column: 0		Row: 0
TRACE-REQUEST:READ		845:		Address: 0		Bank: 0		Column: 0		Row: 0
TRACE-REQUEST:READ		849:		Address: 0		Bank: 0		Column: 0		Row: 0
TRACE-REQUEST:READ		853:		Address: 0		Bank: 0		Column: 0		Row: 0
TRACE-REQUEST:READ		857:		Address: 0		Bank: 0		Column: 0		Row: 0
TRACE-REQUEST:READ		861:		Address: 0		Bank: 0		Column: 0		Row: 0
TRACE-REQUEST:READ		865:		Address: 0		Bank: 0		Column: 0		Row: 0
TRACE-REQUEST:READ		869:		Address: 0		Bank: 0		Column: 0		Row: 0
TRACE-REQUEST:READ		873:		Address: 0		Bank: 0		Column: 0		Row: 0
TRACE-REQUEST:READ		877:		Address: 0		Bank: 0		Column: 0		Row: 0
TRACE-REQUEST:READ		881:		Address: 0		Bank: 0		Column: 0		Row: 0
TRACE-REQUEST:READ		885:		Address: 0		Bank: 0		Column: 0		Row: 0
TRACE-REQUEST:READ		889:		Address: 0		Bank: 0		Column: 0		Row: 0
TRACE-REQUEST:READ		893:		Address: 0		Bank: 0		Column: 0		Row: 0
TRACE-REQUEST:READ		897:		Address: 0		Bank: 0		Column: 0		Row: 0
TRACE-REQUEST:READ		901:		Address: 0		Bank: 0		Column: 0		Row: 0
TRACE-REQUEST:READ		905:		Address: 0		Bank: 0		Column: 0		Row: 0
TRACE-REQUEST:READ		909:		Address: 0		Bank: 0		Column: 0		Row: 0
TRACE-REQUEST:READ		913:		Address: 0		Bank: 0		Column: 0		Row: 0
TRACE-REQUEST:READ		917:		Address: 0		Bank: 0		Column: 0		Row: 0
TRACE-REQUEST:READ		921:		Address: 0		Bank: 0		Column: 0		Row: 0
TRACE-REQUEST:READ		925:		Address: 0		Bank: 0		Column: 0		Row: 0
TRACE-REQUEST:READ		929:		Address: 0		Bank: 0		Column: 0		Row: 0
TRACE-REQUEST:READ		933:		Address: 0		Bank: 0		Column: 0		Row: 0
TRACE-REQUEST:READ		937:		Address: 0		Bank: 0		Column: 0		Row: 0
TRACE-REQUEST:READ		941:		Address: 0		Bank: 0		Column: 0		Row: 0
TRACE-REQUEST:READ		945:		Address: 0		Bank: 0		Column: 0		Row: 0
TRACE-REQUEST:READ		949:		Address: 0		Bank: 0		Column: 0		Row: 0
TRACE-REQUEST:READ		953:		Address: 0		Bank: 0		Column: 0		Row: 0
TRACE-REQUEST:READ		957:		Address: 0		Bank: 0		Column: 0		Row: 0
TRACE-REQUEST:READ		961:		Address: 0		Bank: 0		Column: 0		Row: 0
TRACE-REQUEST:READ		965:		Address: 0		Bank: 0		Column: 0		Row: 0
TRACE-REQUEST:READ		969:		Address: 0		Bank: 0		Column: 0		Row: 0
TRACE-REQUEST:READ		973:		Address: 0		Bank: 0		Column: 0		Row: 0
TRACE-REQUEST:READ		977:		Address: 0		Bank: 0		Column: 0		Row: 0
TRACE-REQUEST:READ		981:		Address: 0		Bank: 0		Column: 0		Row: 0
TRACE-REQUEST:READ		985:		Address: 0		Bank: 0		Column: 0		Row: 0
TRACE-REQUEST:READ		989:		Address: 0		Bank: 0		Column: 0		Row: 0
TRACE-REQUEST:READ		993:		Address: 0		Bank: 0		Column: 0		Row: 0
TRACE-REQUEST:READ		997:		Address: 0		Bank: 0		Column: 0		Row: 0
TRACE-REQUEST:READ		1001:		Address: 0		Bank: 0		Column: 0		Row: 0
TRACE-REQUEST:READ		1005:		Address: 0		Bank: 0		Column: 0		Row: 0
TRACE-REQUEST:READ		1009:		Address: 0		Bank: 0		Column: 0		Row: 0
TRACE-REQUEST:READ		1013:		Address: 0		Bank: 0		Column: 0		Row: 0
TRACE-REQUEST:READ		1017:		Address: 0		Bank: 0		Column: 0		Row: 0
TRACE-REQUEST:READ		1021:		Address: 0		Bank: 0		Column: 0		Row: 0
TRACE-REQUEST:READ		1025:		Address: 0		Bank: 0		Column: 0		Row: 0
TRACE-REQUEST:READ		1029:		Address: 0		Bank: 0		Column: 0		Row: 0
TRACE-REQUEST:READ		1033:		Address: 0		Bank: 0		Column: 0		Row: 0
TRACE-REQUEST:READ		1037:		Address: 0		Bank: 0		Column: 0		Row: 0
TRACE-REQUEST:READ		1041:		Address: 0		Bank: 0		Column: 0		Row: 0
TRACE-REQUEST:READ		1045:		Address: 0		Bank: 0		Column: 0		Row: 0
TRACE-REQUEST:READ		1049:		Address: 0		Bank: 0		Column: 0		Row: 0
TRACE-REQUEST:READ		1053:		Address: 0		Bank: 0		Column: 0		Row: 0
TRACE-REQUEST:READ		1057:		Address: 0		Bank: 0		Column: 0		Row: 0
TRACE-REQUEST:READ		1061:		Address: 0		Bank: 0		Column: 0		Row: 0
TRACE-REQUEST:READ		1065:		Address: 0		Bank: 0		Column: 0		Row: 0
TRACE-REQUEST:READ		1069:		Address: 0		Bank: 0		Column: 0		Row: 0
TRACE-REQUEST:READ		1073:		Address: 0		Bank: 0		Column: 0		Row: 0
TRACE-REQUEST:READ		1077:		Address: 0		Bank: 0		Column: 0		Row: 0
TRACE-REQUEST:READ		1081:		Address: 0		Bank: 0		Column: 0		Row: 0
TRACE-REQUEST:READ		1085:		Address: 0		Bank: 0		Column: 0		Row: 0
TRACE-REQUEST:READ		1089:		Address: 0		Bank: 0		Column: 0		Row: 0
TRACE-REQUEST:READ		1093:		Address: 0		Bank: 0		Column: 0		Row: 0
TRACE-REQUEST:READ		1097:		Address: 0		Bank: 0		Column: 0		Row: 0
TRACE-REQUEST:READ		1101:		Address: 0		Bank: 0		Column: 0		Row: 0
TRACE-REQUEST:READ		1105:		Address: 0		Bank: 0		Column: 0		Row: 0
TRACE-REQUEST:READ		1109:		Address: 0		Bank: 0		Column: 0		Row: 0
TRACE-REQUEST:READ		1113:		Address: 0		Bank: 0		Column: 0		Row: 0
TRACE-REQUEST:READ		1117:		Address: 0		Bank: 0		Column: 0		Row: 0
TRACE-REQUEST:READ		1121:		Address: 0		Bank: 0		Column: 0		Row: 0
TRACE-REQUEST:READ		1125:		Address: 0		Bank: 0		Column: 0		Row: 0
TRACE-REQUEST:READ		1129:		Address: 0		Bank: 0		Column: 0		Row: 0
TRACE-REQUEST:READ		1133:		Address: 0		Bank: 0		Column: 0		Row: 0
TRACE-REQUEST:READ		1137:		Address: 0		Bank: 0		Column: 0		Row: 0
TRACE-REQUEST:READ		1141:		Address: 0		Bank: 0		Column: 0		Row: 0
TRACE-REQUEST:READ		1145:		Address: 0		Bank: 0		Column: 0		Row: 0
TRACE-REQUEST:READ		1149:		Address: 0		Bank: 0		Column: 0		Row: 0
TRACE-REQUEST:READ		1153:		Address: 0		Bank: 0		Column: 0		Row: 0
TRACE-REQUEST:READ		1157:		Address: 0		Bank: 0		Column: 0		Row: 0
TRACE-REQUEST:READ		1161:		Address: 0		Bank: 0		Column: 0		Row: 0
TRACE-REQUEST:READ		1165:		Address: 0		Bank: 0		Column: 0		Row: 0
TRACE-REQUEST:READ		1169:		Address: 0		Bank: 0		Column: 0		Row: 0
TRACE-REQUEST:READ		1173:		Address: 0		Bank: 0		Column: 0		Row: 0
TRACE-REQUEST:READ		1177:		Address: 0		Bank: 0		Column: 0		Row: 0
TRACE-REQUEST:READ		1181:		Address: 0		Bank: 0		Column: 0		Row: 0
TRACE-REQUEST:READ		1185:		Address: 0		Bank: 0		Column: 0		Row: 0
TRACE-REQUEST:READ		1189:		Address: 0		Bank: 0		Column: 0		Row: 0
TRACE-REQUEST:READ		1193:		Address: 0		Bank: 0		Column: 0		Row: 0
TRACE-REQUEST:READ		1197:		Address: 0		Bank: 0		Column: 0		Row: 0
TRACE-REQUEST:READ		1201:		Address: 0		Bank: 0		Column: 0		Row: 0
TRACE-REQUEST:READ		1205:		Address: 0		Bank: 0		Column: 0		Row: 0
TRACE-REQUEST:READ		1209:		Address: 0		Bank: 0		Column: 0		Row: 0
TRACE-REQUEST:READ		1213:		Address: 0		Bank: 0		Column: 0		Row: 0
TRACE-REQUEST:READ		1217:		Address: 0		Bank: 0		Column: 0		Row: 0
TRACE-REQUEST:READ		1221:		Address: 0		Bank: 0		Column: 0		Row: 0
TRACE-REQUEST:READ		1225:		Address: 0		Bank: 0		Column: 0		Row: 0
TRACE-REQUEST:READ		1229:		Address: 0		Bank: 0		Column: 0		Row: 0
TRACE-REQUEST:READ		1233:		Address: 0		Bank: 0		Column: 0		Row: 0
TRACE-REQUEST:READ		1237:		Address: 0		Bank: 0		Column: 0		Row: 0
TRACE-REQUEST:READ		1241:		Address: 0		Bank: 0		Column: 0		Row: 0
TRACE-REQUEST:READ		1245:		Address: 0		Bank: 0		Column: 0		Row: 0
TRACE-REQUEST:READ		1249:		Address: 0		Bank: 0		Column: 0		Row: 0
TRACE-REQUEST:READ		1253:		Address: 0		Bank: 0		Column: 0		Row: 0
TRACE-REQUEST:READ		1257:		Address: 0		Bank: 0		Column: 0		Row: 0
TRACE-REQUEST:READ		1261:		Address: 0		Bank: 0		Column: 0		Row: 0
TRACE-REQUEST:READ		1265:		Address: 0		Bank: 0		Column: 0		Row: 0
TRACE-REQUEST:READ		1269:		Address: 0		Bank: 0		Column: 0		Row: 0
TRACE-REQUEST:READ		1273:		Address: 0		Bank: 0		Column: 0		Row: 0
TRACE-REQUEST:READ		1277:		Address: 0		Bank: 0		Column: 0		Row: 0
TRACE-REQUEST:READ		1281:		Address: 0		Bank: 0		Column: 0		Row: 0
TRACE-REQUEST:READ		1285:		Address: 0		Bank: 0		Column: 0		Row: 0
TRACE-REQUEST:READ		1289:		Address: 0		Bank: 0		Column: 0		Row: 0
TRACE-REQUEST:READ		1293:		Address: 0		Bank: 0		Column: 0		Row: 0
TRACE-REQUEST:READ		1297:		Address: 0		Bank: 0		Column: 0		Row: 0
TRACE-REQUEST:READ		1301:		Address: 0		Bank: 0		Column: 0		Row: 0
TRACE-REQUEST:READ		1305:		Address: 0		Bank: 0		Column: 0		Row: 0
TRACE-REQUEST:READ		1309:		Address: 0		Bank: 0		Column: 0		Row: 0
TRACE-REQUEST:READ		1313:		Address: 0		Bank: 0		Column: 0		Row: 0
TRACE-REQUEST:READ		1317:		Address: 0		Bank: 0		Column: 0		Row: 0
TRACE-REQUEST:READ		1321:		Address: 0		Bank: 0		Column: 0		Row: 0
TRACE-REQUEST:READ		1325:		Address: 0		Bank: 0		Column: 0		Row: 0
TRACE-REQUEST:READ		1329:		Address: 0		Bank: 0		Column: 0		Row: 0
TRACE-REQUEST:READ		1333:		Address: 0		Bank: 0		Column: 0		Row: 0
TRACE-REQUEST:READ		1337:		Address: 0		Bank: 0		Column: 0		Row: 0
TRACE-REQUEST:READ		1341:		Address: 0		Bank: 0		Column: 0		Row: 0
TRACE-REQUEST:READ		1345:		Address: 0		Bank: 0		Column: 0		Row: 0
TRACE-REQUEST:READ		1349:		Address: 0		Bank: 0		Column: 0		Row: 0
TRACE-REQUEST:READ		1353:		Address: 0		Bank: 0		Column: 0		Row: 0
TRACE-REQUEST:READ		1357:		Address: 0		Bank: 0		Column: 0		Row: 0
TRACE-REQUEST:READ		1361:		Address: 0		Bank: 0		Column: 0		Row: 0
TRACE-REQUEST:READ		1365:		Address: 0		Bank: 0		Column: 0		Row: 0
TRACE-REQUEST:READ		1369:		Address: 0		Bank: 0		Column: 0		Row: 0
TRACE-REQUEST:READ		1373:		Address: 0		Bank: 0		Column: 0		Row: 0
TRACE-REQUEST:READ		1377:		Address: 0		Bank: 0		Column: 0		Row: 0
TRACE-REQUEST:READ		1381:		Address: 0		Bank: 0		Column: 0		Row: 0
TRACE-REQUEST:READ		1385:		Address: 0		Bank: 0		Column: 0		Row: 0
TRACE-REQUEST:READ		1389:		Address: 0		Bank: 0		Column: 0		Row: 0
TRACE-REQUEST:READ		1393:		Address: 0		Bank: 0		Column: 0		Row: 0
TRACE-REQUEST:READ		1397:		Address: 0		Bank: 0		Column: 0		Row: 0
TRACE-REQUEST:READ		1401:		Address: 0		Bank: 0		Column: 0		Row: 0
TRACE-REQUEST:READ		1405:		Address: 0		Bank: 0		Column: 0		Row: 0
TRACE-REQUEST:READ		1409:		Address: 0		Bank: 0		Column: 0		Row: 0
TRACE-REQUEST:READ		1413:		Address: 0		Bank: 0		Column: 0		Row: 0
TRACE-REQUEST:READ		1417:		Address: 0		Bank: 0		Column: 0		Row: 0
TRACE-REQUEST:READ		1421:		Address: 0		Bank: 0		Column: 0		Row: 0
TRACE-REQUEST:READ		1425:		Address: 0		Bank: 0		Column: 0		Row: 0
TRACE-REQUEST:READ		1429:		Address: 0		Bank: 0		Column: 0		Row: 0
TRACE-REQUEST:READ		1433:		Address: 0		Bank: 0		Column: 0		Row: 0
TRACE-REQUEST:READ		1437:		Address: 0		Bank: 0		Column: 0		Row: 0
TRACE-REQUEST:READ		1441:		Address: 0		Bank: 0		Column: 0		Row: 0
TRACE-REQUEST:READ		1445:		Address: 0		Bank: 0		Column: 0		Row: 0
TRACE-REQUEST:READ		1449:		Address: 0		Bank: 0		Column: 0		Row: 0
TRACE-REQUEST:READ		1453:		Address: 0		Bank: 0		Column: 0		Row: 0
TRACE-REQUEST:READ		1457:		Address: 0		Bank: 0		Column: 0		Row: 0
TRACE-REQUEST:READ		1461:		Address: 0		Bank: 0		Column: 0		Row: 0
TRACE-REQUEST:READ		1465:		Address: 0		Bank: 0		Column: 0		Row: 0
TRACE-REQUEST:READ		1469:		Address: 0		Bank: 0		Column: 0		Row: 0
TRACE-REQUEST:READ		1473:		Address: 0		Bank: 0		Column: 0		Row: 0
TRACE-REQUEST:READ		1477:		Address: 0		Bank: 0		Column: 0		Row: 0
TRACE-REQUEST:READ		1481:		Address: 0		Bank: 0		Column: 0		Row: 0
TRACE-REQUEST:READ		1485:		Address: 0		Bank: 0		Column: 0		Row: 0
TRACE-REQUEST:READ		1489:		Address: 0		Bank: 0		Column: 0		Row: 0
TRACE-REQUEST:READ		1493:		Address: 0		Bank: 0		Column: 0		Row: 0
TRACE-REQUEST:READ		1497:		Address: 0		Bank: 0		Column: 0		Row: 0
TRACE-REQUEST:READ		1501:		Address: 0		Bank: 0		Column: 0		Row: 0
TRACE-REQUEST:READ		1505:		Address: 0		Bank: 0		Column: 0		Row: 0
TRACE-REQUEST:READ		1509:		Address: 0		Bank: 0		Column: 0		Row: 0
TRACE-REQUEST:READ		1513:		Address: 0		Bank: 0		Column: 0		Row: 0
TRACE-REQUEST:READ		1517:		Address: 0		Bank: 0		Column: 0		Row: 0
TRACE-REQUEST:READ		1521:		Address: 0		Bank: 0		Column: 0		Row: 0
TRACE-REQUEST:READ		1525:		Address: 0		Bank: 0		Column: 0		Row: 0
TRACE-REQUEST:READ		1529:		Address: 0		Bank: 0		Column: 0		Row: 0
TRACE-REQUEST:READ		1533:		Address: 0		Bank: 0		Column: 0		Row: 0
TRACE-REQUEST:READ		1537:		Address: 0		Bank: 0		Column: 0		Row: 0
TRACE-REQUEST:READ		1541:		Address: 0		Bank: 0		Column: 0		Row: 0
TRACE-REQUEST:READ		1545:		Address: 0		Bank: 0		Column: 0		Row: 0
TRACE-REQUEST:READ		1549:		Address: 0		Bank: 0		Column: 0		Row: 0
TRACE-REQUEST:READ		1553:		Address: 0		Bank: 0		Column: 0		Row: 0
TRACE-REQUEST:READ		1557:		Address: 0		Bank: 0		Column: 0		Row: 0
TRACE-REQUEST:READ		1561:		Address: 0		Bank: 0		Column: 0		Row: 0
TRACE-REQUEST:READ		1565:		Address: 0		Bank: 0		Column: 0		Row: 0
TRACE-REQUEST:READ		1569:		Address: 0		Bank: 0		Column: 0		Row: 0
TRACE-REQUEST:READ		1573:		Address: 0		Bank: 0		Column: 0		Row: 0
TRACE-REQUEST:READ		1577:		Address: 0		Bank: 0		Column: 0		Row: 0
TRACE-REQUEST:READ		1581:		Address: 0		Bank: 0		Column: 0		Row: 0
TRACE-REQUEST:READ		1585:		Address: 0		Bank: 0		Column: 0		Row: 0
TRACE-REQUEST:READ		1589:		Address: 0		Bank: 0		Column: 0		Row: 0
TRACE-REQUEST:READ		1593:		Address: 0		Bank: 0		Column: 0		Row: 0
TRACE-REQUEST:READ		1597:		Address: 0		Bank: 0		Column: 0		Row: 0
TRACE-REQUEST:READ		1601:		Address: 0		Bank: 0		Column: 0		Row: 0
TRACE-REQUEST:READ		1605:		Address: 0		Bank: 0		Column: 0		Row: 0
TRACE-REQUEST:READ		1609:		Address: 0		Bank: 0		Column: 0		Row: 0
TRACE-REQUEST:READ		1613:		Address: 0		Bank: 0		Column: 0		Row: 0
TRACE-REQUEST:READ		1617:		Address: 0		Bank: 0		Column: 0		Row: 0
TRACE-REQUEST:READ		1621:		Address: 0		Bank: 0		Column: 0		Row: 0
TRACE-REQUEST:READ		1625:		Address: 0		Bank: 0		Column: 0		Row: 0
TRACE-REQUEST:READ		1629:		Address: 0		Bank: 0		Column: 0		Row: 0
TRACE-REQUEST:READ		1633:		Address: 0		Bank: 0		Column: 0		Row: 0
TRACE-REQUEST:READ		1637:		Address: 0		Bank: 0		Column: 0		Row: 0
TRACE-REQUEST:READ		1641:		Address: 0		Bank: 0		Column: 0		Row: 0
TRACE-REQUEST:READ		1645:		Address: 0		Bank: 0		Column: 0		Row: 0
TRACE-REQUEST:READ		1649:		Address: 0		Bank: 0		Column: 0		Row: 0
TRACE-REQUEST:READ		1653:		Address: 0		Bank: 0		Column: 0		Row: 0
TRACE-REQUEST:READ		1657:		Address: 0		Bank: 0		Column: 0		Row: 0
TRACE-REQUEST:READ		1661:		Address: 0		Bank: 0		Column: 0		Row: 0
TRACE-REQUEST:READ		1665:		Address: 0		Bank: 0		Column: 0		Row: 0
TRACE-REQUEST:READ		1669:		Address: 0		Bank: 0		Column: 0		Row: 0
TRACE-REQUEST:READ		1673:		Address: 0		Bank: 0		Column: 0		Row: 0
TRACE-REQUEST:READ		1677:		Address: 0		Bank: 0		Column: 0		Row: 0
TRACE-REQUEST:READ		1681:		Address: 0		Bank: 0		Column: 0		Row: 0
TRACE-REQUEST:READ		1685:		Address: 0		Bank: 0		Column: 0		Row: 0
TRACE-REQUEST:READ		1689:		Address: 0		Bank: 0		Column: 0		Row: 0
TRACE-REQUEST:READ		1693:		Address: 0		Bank: 0		Column: 0		Row: 0
TRACE-REQUEST:READ		1697:		Address: 0		Bank: 0		Column: 0		Row: 0
TRACE-REQUEST:READ		1701:		Address: 0		Bank: 0		Column: 0		Row: 0
TRACE-REQUEST:READ		1705:		Address: 0		Bank: 0		Column: 0		Row: 0
TRACE-REQUEST:READ		1709:		Address: 0		Bank: 0		Column: 0		Row: 0
TRACE-REQUEST:READ		1713:		Address: 0		Bank: 0		Column: 0		Row: 0
TRACE-REQUEST:READ		1717:		Address: 0		Bank: 0		Column: 0		Row: 0
TRACE-REQUEST:READ		1721:		Address: 0		Bank: 0		Column: 0		Row: 0
TRACE-REQUEST:READ		1725:		Address: 0		Bank: 0		Column: 0		Row: 0
TRACE-REQUEST:READ		1729:		Address: 0		Bank: 0		Column: 0		Row: 0
TRACE-REQUEST:READ		1733:		Address: 0		Bank: 0		Column: 0		Row: 0
TRACE-REQUEST:READ		1737:		Address: 0		Bank: 0		Column: 0		Row: 0
TRACE-REQUEST:READ		1741:		Address: 0		Bank: 0		Column: 0		Row: 0
TRACE-REQUEST:READ		1745:		Address: 0		Bank: 0		Column: 0		Row: 0
TRACE-REQUEST:READ		1749:		Address: 0		Bank: 0		Column: 0		Row: 0
TRACE-REQUEST:READ		1753:		Address: 0		Bank: 0		Column: 0		Row: 0
TRACE-REQUEST:READ		1757:		Address: 0		Bank: 0		Column: 0		Row: 0
TRACE-REQUEST:READ		1761:		Address: 0		Bank: 0		Column: 0		Row: 0
TRACE-REQUEST:READ		1765:		Address: 0		Bank: 0		Column: 0		Row: 0
TRACE-REQUEST:READ		1769:		Address: 0		Bank: 0		Column: 0		Row: 0
TRACE-REQUEST:READ		1773:		Address: 0		Bank: 0		Column: 0		Row: 0
TRACE-REQUEST:READ		1777:		Address: 0		Bank: 0		Column: 0		Row: 0
TRACE-REQUEST:READ		1781:		Address: 0		Bank: 0		Column: 0		Row: 0
TRACE-REQUEST:READ		1785:		Address: 0		Bank: 0		Column: 0		Row: 0
TRACE-REQUEST:READ		1789:		Address: 0		Bank: 0		Column: 0		Row: 0
TRACE-REQUEST:READ		1793:		Address: 0		Bank: 0		Column: 0		Row: 0
TRACE-REQUEST:READ		1797:		Address: 0		Bank: 0		Column: 0		Row: 0
TRACE-REQUEST:READ		1801:		Address: 0		Bank: 0		Column: 0		Row: 0
TRACE-REQUEST:READ		1805:		Address: 0		Bank: 0		Column: 0		Row: 0
TRACE-REQUEST:READ		1809:		Address: 0		Bank: 0		Column: 0		Row: 0
TRACE-REQUEST:READ		1813:		Address: 0		Bank: 0		Column: 0		Row: 0
TRACE-REQUEST:READ		1817:		Address: 0		Bank: 0		Column: 0		Row: 0
TRACE-REQUEST:READ		1821:		Address: 0		Bank: 0		Column: 0		Row: 0
TRACE-REQUEST:READ		1825:		Address: 0		Bank: 0		Column: 0		Row: 0
TRACE-REQUEST:READ		1829:		Address: 0		Bank: 0		Column: 0		Row: 0
TRACE-REQUEST:READ		1833:		Address: 0		Bank: 0		Column: 0		Row: 0
TRACE-REQUEST:READ		1837:		Address: 0		Bank: 0		Column: 0		Row: 0
TRACE-REQUEST:READ		1841:		Address: 0		Bank: 0		Column: 0		Row: 0
TRACE-REQUEST:READ		1845:		Address: 0		Bank: 0		Column: 0		Row: 0
TRACE-REQUEST:READ		1849:		Address: 0		Bank: 0		Column: 0		Row: 0
TRACE-REQUEST:READ		1853:		Address: 0		Bank: 0		Column: 0		Row: 0
TRACE-REQUEST:READ		1857:		Address: 0		Bank: 0		Column: 0		Row: 0
TRACE-REQUEST:READ		1861:		Address: 0		Bank: 0		Column: 0		Row: 0
TRACE-REQUEST:READ		1865:		Address: 0		Bank: 0		Column: 0		Row: 0
TRACE-REQUEST:READ		1869:		Address: 0		Bank: 0		Column: 0		Row: 0
TRACE-REQUEST:READ		1873:		Address: 0		Bank: 0		Column: 0		Row: 0
TRACE-REQUEST:READ		1877:		Address: 0		Bank: 0		Column: 0		Row: 0
TRACE-REQUEST:READ		1881:		Address: 0		Bank: 0		Column: 0		Row: 0
TRACE-REQUEST:READ		1885:		Address: 0		Bank: 0		Column: 0		Row: 0
TRACE-REQUEST:READ		1889:		Address: 0		Bank: 0		Column: 0		Row: 0
TRACE-REQUEST:READ		1893:		Address: 0		Bank: 0		Column: 0		Row: 0
TRACE-REQUEST:READ		1897:		Address: 0		Bank: 0		Column: 0		Row: 0
TRACE-REQUEST:READ		1901:		Address: 0		Bank: 0		Column: 0		Row: 0
TRACE-REQUEST:READ		1905:		Address: 0		Bank: 0		Column: 0		Row: 0
TRACE-REQUEST:READ		1909:		Address: 0		Bank: 0		Column: 0		Row: 0
TRACE-REQUEST:READ		1913:		Address: 0		Bank: 0		Column: 0		Row: 0
TRACE-REQUEST:READ		1917:		Address: 0		Bank: 0		Column: 0		Row: 0
TRACE-REQUEST:READ		1921:		Address: 0		Bank: 0		Column: 0		Row: 0
TRACE-REQUEST:READ		1925:		Address: 0		Bank: 0		Column: 0		Row: 0
TRACE-REQUEST:READ		1929:		Address: 0		Bank: 0		Column: 0		Row: 0
TRACE-REQUEST:READ		1933:		Address: 0		Bank: 0		Column: 0		Row: 0
TRACE-REQUEST:READ		1937:		Address: 0		Bank: 0		Column: 0		Row: 0
TRACE-REQUEST:READ		1941:		Address: 0		Bank: 0		Column: 0		Row: 0
TRACE-REQUEST:READ		1945:		Address: 0		Bank: 0		Column: 0		Row: 0
TRACE-REQUEST:READ		1949:		Address: 0		Bank: 0		Column: 0		Row: 0
TRACE-REQUEST:READ		1953:		Address: 0		Bank: 0		Column: 0		Row: 0
TRACE-REQUEST:READ		1957:		Address: 0		Bank: 0		Column: 0		Row: 0
TRACE-REQUEST:READ		1961:		Address: 0		Bank: 0		Column: 0		Row: 0
TRACE-REQUEST:READ		1965:		Address: 0		Bank: 0		Column: 0		Row: 0
TRACE-REQUEST:READ		1969:		Address: 0		Bank: 0		Column: 0		Row: 0
TRACE-REQUEST:READ		1973:		Address: 0		Bank: 0		Column: 0		Row: 0
TRACE-REQUEST:READ		1977:		Address: 0		Bank: 0		Column: 0		Row: 0
TRACE-REQUEST:READ		1981:		Address: 0		Bank: 0		Column: 0		Row: 0
TRACE-REQUEST:READ		1985:		Address: 0		Bank: 0		Column: 0		Row: 0
TRACE-REQUEST:READ		1989:		Address: 0		Bank: 0		Column: 0		Row: 0
TRACE-REQUEST:READ		1993:		Address: 0		Bank: 0		Column: 0		Row: 0
TRACE-REQUEST:READ		1997:		Address: 0		Bank: 0		Column: 0		Row: 0
TRACE-REQUEST:READ		2001:		Address: 0		Bank: 0		Column: 0		Row: 0
TRACE-REQUEST:READ		2005:		Address: 0		Bank: 0		Column: 0		Row: 0
TRACE-REQUEST:READ		2009:		Address: 0		Bank: 0		Column: 0		Row: 0
TRACE-REQUEST:READ		2013:		Address: 0		Bank: 0		Column: 0		Row: 0
TRACE-REQUEST:READ		2017:		Address: 0		Bank: 0		Column: 0		Row: 0
TRACE-REQUEST:READ		2021:		Address: 0		Bank: 0		Column: 0		Row: 0
TRACE-REQUEST:READ		2025:		Address: 0		Bank: 0		Column: 0		Row: 0
TRACE-REQUEST:READ		2029:		Address: 0		Bank: 0		Column: 0		Row: 0
TRACE-REQUEST:READ		2033:		Address: 0		Bank: 0		Column: 0		Row: 0
TRACE-REQUEST:READ		2037:		Address: 0		Bank: 0		Column: 0		Row: 0
TRACE-REQUEST:READ		2041:		Address: 0		Bank: 0		Column: 0		Row: 0
TRACE-REQUEST:READ		2045:		Address: 0		Bank: 0		Column: 0		Row: 0
TRACE-REQUEST:READ		2049:		Address: 0		Bank: 0		Column: 0		Row: 0
TRACE-REQUEST:READ		2053:		Address: 0		Bank: 0		Column: 0		Row: 0
TRACE-REQUEST:READ		2057:		Address: 0		Bank: 0		Column: 0		Row: 0
TRACE-REQUEST:READ		2061:		Address: 0		Bank: 0		Column: 0		Row: 0
TRACE-REQUEST:READ		2065:		Address: 0		Bank: 0		Column: 0		Row: 0
TRACE-REQUEST:READ		2069:		Address: 0		Bank: 0		Column: 0		Row: 0
TRACE-REQUEST:READ		2073:		Address: 0		Bank: 0		Column: 0		Row: 0
TRACE-REQUEST:READ		2077:		Address: 0		Bank: 0		Column: 0		Row: 0
TRACE-REQUEST:READ		2081:		Address: 0		Bank: 0		Column: 0		Row: 0
TRACE-REQUEST:READ		2085:		Address: 0		Bank: 0		Column: 0		Row: 0
TRACE-REQUEST:READ		2089:		Address: 0		Bank: 0		Column: 0		Row: 0
TRACE-REQUEST:READ		2093:		Address: 0		Bank: 0		Column: 0		Row: 0
TRACE-REQUEST:READ		2097:		Address: 0		Bank: 0		Column: 0		Row: 0
TRACE-REQUEST:READ		2101:		Address: 0		Bank: 0		Column: 0		Row: 0
TRACE-REQUEST:READ		2105:		Address: 0		Bank: 0		Column: 0		Row: 0
TRACE-REQUEST:READ		2109:		Address: 0		Bank: 0		Column: 0		Row: 0
TRACE-REQUEST:READ		2113:		Address: 0		Bank: 0		Column: 0		Row: 0
TRACE-REQUEST:READ		2117:		Address: 0		Bank: 0		Column: 0		Row: 0
TRACE-REQUEST:READ		2121:		Address: 0		Bank: 0		Column: 0		Row: 0
TRACE-REQUEST:READ		2125:		Address: 0		Bank: 0		Column: 0		Row: 0
TRACE-REQUEST:READ		2129:		Address: 0		Bank: 0		Column: 0		Row: 0
TRACE-REQUEST:READ		2133:		Address: 0		Bank: 0		Column: 0		Row: 0
TRACE-REQUEST:READ		2137:		Address: 0		Bank: 0		Column: 0		Row: 0
TRACE-REQUEST:READ		2141:		Address: 0		Bank: 0		Column: 0		Row: 0
TRACE-REQUEST:READ		2145:		Address: 0		Bank: 0		Column: 0		Row: 0
TRACE-REQUEST:READ		2149:		Address: 0		Bank: 0		Column: 0		Row: 0
TRACE-REQUEST:READ		2153:		Address: 0		Bank: 0		Column: 0		Row: 0
TRACE-REQUEST:READ		2157:		Address: 0		Bank: 0		Column: 0		Row: 0
TRACE-REQUEST:READ		2161:		Address: 0		Bank: 0		Column: 0		Row: 0
TRACE-REQUEST:READ		2165:		Address: 0		Bank: 0		Column: 0		Row: 0
TRACE-REQUEST:READ		2169:		Address: 0		Bank: 0		Column: 0		Row: 0
TRACE-REQUEST:READ		2173:		Address: 0		Bank: 0		Column: 0		Row: 0
TRACE-REQUEST:READ		2177:		Address: 0		Bank: 0		Column: 0		Row: 0
TRACE-REQUEST:READ		2181:		Address: 0		Bank: 0		Column: 0		Row: 0
TRACE-REQUEST:READ		2185:		Address: 0		Bank: 0		Column: 0		Row: 0
TRACE-REQUEST:READ		2189:		Address: 0		Bank: 0		Column: 0		Row: 0
TRACE-REQUEST:READ		2193:		Address: 0		Bank: 0		Column: 0		Row: 0
TRACE-REQUEST:READ		2197:		Address: 0		Bank: 0		Column: 0		Row: 0
TRACE-REQUEST:READ		2201:		Address: 0		Bank: 0		Column: 0		Row: 0
TRACE-REQUEST:READ		2205:		Address: 0		Bank: 0		Column: 0		Row: 0
TRACE-REQUEST:READ		2209:		Address: 0		Bank: 0		Column: 0		Row: 0
TRACE-REQUEST:READ		2213:		Address: 0		Bank: 0		Column: 0		Row: 0
TRACE-REQUEST:READ		2217:		Address: 0		Bank: 0		Column: 0		Row: 0
TRACE-REQUEST:READ		2221:		Address: 0		Bank: 0		Column: 0		Row: 0
TRACE-REQUEST:READ		2225:		Address: 0		Bank: 0		Column: 0		Row: 0
TRACE-REQUEST:READ		2229:		Address: 0		Bank: 0		Column: 0		Row: 0
TRACE-REQUEST:READ		2233:		Address: 0		Bank: 0		Column: 0		Row: 0
TRACE-REQUEST:READ		2237:		Address: 0		Bank: 0		Column: 0		Row: 0
TRACE-REQUEST:READ		2241:		Address: 0		Bank: 0		Column: 0		Row: 0
TRACE-REQUEST:READ		2245:		Address: 0		Bank: 0		Column: 0		Row: 0
TRACE-REQUEST:READ		2249:		Address: 0		Bank: 0		Column: 0		Row: 0
TRACE-REQUEST:READ		2253:		Address: 0		Bank: 0		Column: 0		Row: 0
TRACE-REQUEST:READ		2257:		Address: 0		Bank: 0		Column: 0		Row: 0
TRACE-REQUEST:READ		2261:		Address: 0		Bank: 0		Column: 0		Row: 0
TRACE-REQUEST:READ		2265:		Address: 0		Bank: 0		Column: 0		Row: 0
TRACE-REQUEST:READ		2269:		Address: 0		Bank: 0		Column: 0		Row: 0
TRACE-REQUEST:READ		2273:		Address: 0		Bank: 0		Column: 0		Row: 0
TRACE-REQUEST:READ		2277:		Address: 0		Bank: 0		Column: 0		Row: 0
TRACE-REQUEST:READ		2281:		Address: 0		Bank: 0		Column: 0		Row: 0
TRACE-REQUEST:READ		2285:		Address: 0		Bank: 0		Column: 0		Row: 0
TRACE-REQUEST:READ		2289:		Address: 0		Bank: 0		Column: 0		Row: 0
TRACE-REQUEST:READ		2293:		Address: 0		Bank: 0		Column: 0		Row: 0
TRACE-REQUEST:READ		2297:		Address: 0		Bank: 0		Column: 0		Row: 0
TRACE-REQUEST:READ		2301:		Address: 0		Bank: 0		Column: 0		Row: 0
TRACE-REQUEST:READ		2305:		Address: 0		Bank: 0		Column: 0		Row: 0
TRACE-REQUEST:READ		2309:		Address: 0		Bank: 0		Column: 0		Row: 0
TRACE-REQUEST:READ		2313:		Address: 0		Bank: 0		Column: 0		Row: 0
TRACE-REQUEST:READ		2317:		Address: 0		Bank: 0		Column: 0		Row: 0
TRACE-REQUEST:READ		2321:		Address: 0		Bank: 0		Column: 0		Row: 0
TRACE-REQUEST:READ		2325:		Address: 0		Bank: 0		Column: 0		Row: 0
TRACE-REQUEST:READ		2329:		Address: 0		Bank: 0		Column: 0		Row: 0
TRACE-REQUEST:READ		2333:		Address: 0		Bank: 0		Column: 0		Row: 0
TRACE-REQUEST:READ		2337:		Address: 0		Bank: 0		Column: 0		Row: 0
TRACE-REQUEST:READ		2341:		Address: 0		Bank: 0		Column: 0		Row: 0
TRACE-REQUEST:READ		2345:		Address: 0		Bank: 0		Column: 0		Row: 0
TRACE-REQUEST:READ		2349:		Address: 0		Bank: 0		Column: 0		Row: 0
TRACE-REQUEST:READ		2353:		Address: 0		Bank: 0		Column: 0		Row: 0
TRACE-REQUEST:READ		2357:		Address: 0		Bank: 0		Column: 0		Row: 0
TRACE-REQUEST:READ		2361:		Address: 0		Bank: 0		Column: 0		Row: 0
TRACE-REQUEST:READ		2365:		Address: 0		Bank: 0		Column: 0		Row: 0
TRACE-REQUEST:READ		2369:		Address: 0		Bank: 0		Column: 0		Row: 0
TRACE-REQUEST:READ		2373:		Address: 0		Bank: 0		Column: 0		Row: 0
TRACE-REQUEST:READ		2377:		Address: 0		Bank: 0		Column: 0		Row: 0
TRACE-REQUEST:READ		2381:		Address: 0		Bank: 0		Column: 0		Row: 0
TRACE-REQUEST:READ		2385:		Address: 0		Bank: 0		Column: 0		Row: 0
TRACE-REQUEST:READ		2389:		Address: 0		Bank: 0		Column: 0		Row: 0
TRACE-REQUEST:READ		2393:		Address: 0		Bank: 0		Column: 0		Row: 0
TRACE-REQUEST:READ		2397:		Address: 0		Bank: 0		Column: 0		Row: 0
TRACE-REQUEST:READ		2401:		Address: 0		Bank: 0		Column: 0		Row: 0
TRACE-REQUEST:READ		2405:		Address: 0		Bank: 0		Column: 0		Row: 0
TRACE-REQUEST:READ		2409:		Address: 0		Bank: 0		Column: 0		Row: 0
TRACE-REQUEST:READ		2413:		Address: 0		Bank: 0		Column: 0		Row: 0
TRACE-REQUEST:READ		2417:		Address: 0		Bank: 0		Column: 0		Row: 0
TRACE-REQUEST:READ		2421:		Address: 0		Bank: 0		Column: 0		Row: 0
TRACE-REQUEST:READ		2425:		Address: 0		Bank: 0		Column: 0		Row: 0
TRACE-REQUEST:READ		2429:		Address: 0		Bank: 0		Column: 0		Row: 0
TRACE-REQUEST:READ		2433:		Address: 0		Bank: 0		Column: 0		Row: 0
TRACE-REQUEST:READ		2437:		Address: 0		Bank: 0		Column: 0		Row: 0
TRACE-REQUEST:READ		2441:		Address: 0		Bank: 0		Column: 0		Row: 0
TRACE-REQUEST:READ		2445:		Address: 0		Bank: 0		Column: 0		Row: 0
TRACE-REQUEST:READ		2449:		Address: 0		Bank: 0		Column: 0		Row: 0
TRACE-REQUEST:READ		2453:		Address: 0		Bank: 0		Column: 0		Row: 0
TRACE-REQUEST:READ		2457:		Address: 0		Bank: 0		Column: 0		Row: 0
TRACE-REQUEST:READ		2461:		Address: 0		Bank: 0		Column: 0		Row: 0
TRACE-REQUEST:READ		2465:		Address: 0		Bank: 0		Column: 0		Row: 0
TRACE-REQUEST:READ		2469:		Address: 0		Bank: 0		Column: 0		Row: 0
TRACE-REQUEST:READ		2473:		Address: 0		Bank: 0		Column: 0		Row: 0
TRACE-REQUEST:READ		2477:		Address: 0		Bank: 0		Column: 0		Row: 0
TRACE-REQUEST:READ		2481:		Address: 0		Bank: 0		Column: 0		Row: 0
TRACE-REQUEST:READ		2485:		Address: 0		Bank: 0		Column: 0		Row: 0
TRACE-REQUEST:READ		2489:		Address: 0		Bank: 0		Column: 0		Row: 0
TRACE-REQUEST:READ		2493:		Address: 0		Bank: 0		Column: 0		Row: 0
TRACE-REQUEST:READ		2497:		Address: 0		Bank: 0		Column: 0		Row: 0
TRACE-REQUEST:READ		2501:		Address: 0		Bank: 0		Column: 0		Row: 0
TRACE-REQUEST:READ		2505:		Address: 0		Bank: 0		Column: 0		Row: 0
TRACE-REQUEST:READ		2509:		Address: 0		Bank: 0		Column: 0		Row: 0
TRACE-REQUEST:READ		2513:		Address: 0		Bank: 0		Column: 0		Row: 0
TRACE-REQUEST:READ		2517:		Address: 0		Bank: 0		Column: 0		Row: 0
TRACE-REQUEST:READ		2521:		Address: 0		Bank: 0		Column: 0		Row: 0
TRACE-REQUEST:READ		2525:		Address: 0		Bank: 0		Column: 0		Row: 0
TRACE-REQUEST:READ		2529:		Address: 0		Bank: 0		Column: 0		Row: 0
TRACE-REQUEST:READ		2533:		Address: 0		Bank: 0		Column: 0		Row: 0
TRACE-REQUEST:READ		2537:		Address: 0		Bank: 0		Column: 0		Row: 0
TRACE-REQUEST:READ		2541:		Address: 0		Bank: 0		Column: 0		Row: 0
TRACE-REQUEST:READ		2545:		Address: 0		Bank: 0		Column: 0		Row: 0
TRACE-REQUEST:READ		2549:		Address: 0		Bank: 0		Column: 0		Row: 0
TRACE-REQUEST:READ		2553:		Address: 0		Bank: 0		Column: 0		Row: 0
TRACE-REQUEST:READ		2557:		Address: 0		Bank: 0		Column: 0		Row: 0
TRACE-REQUEST:READ		2561:		Address: 0		Bank: 0		Column: 0		Row: 0
TRACE-REQUEST:READ		2565:		Address: 0		Bank: 0		Column: 0		Row: 0
TRACE-REQUEST:READ		2569:		Address: 0		Bank: 0		Column: 0		Row: 0
TRACE-REQUEST:READ		2573:		Address: 0		Bank: 0		Column: 0		Row: 0
TRACE-REQUEST:READ		2577:		Address: 0		Bank: 0		Column: 0		Row: 0
TRACE-REQUEST:READ		2581:		Address: 0		Bank: 0		Column: 0		Row: 0
TRACE-REQUEST:READ		2585:		Address: 0		Bank: 0		Column: 0		Row: 0
TRACE-REQUEST:READ		2589:		Address: 0		Bank: 0		Column: 0		Row: 0
TRACE-REQUEST:READ		2593:		Address: 0		Bank: 0		Column: 0		Row: 0
TRACE-REQUEST:READ		2597:		Address: 0		Bank: 0		Column: 0		Row: 0
TRACE-REQUEST:READ		2601:		Address: 0		Bank: 0		Column: 0		Row: 0
TRACE-REQUEST:READ		2605:		Address: 0		Bank: 0		Column: 0		Row: 0
TRACE-REQUEST:READ		2609:		Address: 0		Bank: 0		Column: 0		Row: 0
TRACE-REQUEST:READ		2613:		Address: 0		Bank: 0		Column: 0		Row: 0
TRACE-REQUEST:READ		2617:		Address: 0		Bank: 0		Column: 0		Row: 0
TRACE-REQUEST:READ		2621:		Address: 0		Bank: 0		Column: 0		Row: 0
TRACE-REQUEST:READ		2625:		Address: 0		Bank: 0		Column: 0		Row: 0
TRACE-REQUEST:READ		2629:		Address: 0		Bank: 0		Column: 0		Row: 0
TRACE-REQUEST:READ		2633:		Address: 0		Bank: 0		Column: 0		Row: 0
TRACE-REQUEST:READ		2637:		Address: 0		Bank: 0		Column: 0		Row: 0
TRACE-REQUEST:READ		2641:		Address: 0		Bank: 0		Column: 0		Row: 0
TRACE-REQUEST:READ		2645:		Address: 0		Bank: 0		Column: 0		Row: 0
TRACE-REQUEST:READ		2649:		Address: 0		Bank: 0		Column: 0		Row: 0
TRACE-REQUEST:READ		2653:		Address: 0		Bank: 0		Column: 0		Row: 0
TRACE-REQUEST:READ		2657:		Address: 0		Bank: 0		Column: 0		Row: 0
TRACE-REQUEST:READ		2661:		Address: 0		Bank: 0		Column: 0		Row: 0
TRACE-REQUEST:READ		2665:		Address: 0		Bank: 0		Column: 0		Row: 0
TRACE-REQUEST:READ		2669:		Address: 0		Bank: 0		Column: 0		Row: 0
TRACE-REQUEST:READ		2673:		Address: 0		Bank: 0		Column: 0		Row: 0
TRACE-REQUEST:READ		2677:		Address: 0		Bank: 0		Column: 0		Row: 0
TRACE-REQUEST:READ		2681:		Address: 0		Bank: 0		Column: 0		Row: 0
TRACE-REQUEST:READ		2685:		Address: 0		Bank: 0		Column: 0		Row: 0
TRACE-REQUEST:READ		2689:		Address: 0		Bank: 0		Column: 0		Row: 0
TRACE-REQUEST:READ		2693:		Address: 0		Bank: 0		Column: 0		Row: 0
TRACE-REQUEST:READ		2697:		Address: 0		Bank: 0		Column: 0		Row: 0
TRACE-REQUEST:READ		2701:		Address: 0		Bank: 0		Column: 0		Row: 0
TRACE-REQUEST:READ		2705:		Address: 0		Bank: 0		Column: 0		Row: 0
TRACE-REQUEST:READ		2709:		Address: 0		Bank: 0		Column: 0		Row: 0
TRACE-REQUEST:READ		2713:		Address: 0		Bank: 0		Column: 0		Row: 0
TRACE-REQUEST:READ		2717:		Address: 0		Bank: 0		Column: 0		Row: 0
TRACE-REQUEST:READ		2721:		Address: 0		Bank: 0		Column: 0		Row: 0
TRACE-REQUEST:READ		2725:		Address: 0		Bank: 0		Column: 0		Row: 0
TRACE-REQUEST:READ		2729:		Address: 0		Bank: 0		Column: 0		Row: 0
TRACE-REQUEST:READ		2733:		Address: 0		Bank: 0		Column: 0		Row: 0
TRACE-REQUEST:READ		2737:		Address: 0		Bank: 0		Column: 0		Row: 0
TRACE-REQUEST:READ		2741:		Address: 0		Bank: 0		Column: 0		Row: 0
TRACE-REQUEST:READ		2745:		Address: 0		Bank: 0		Column: 0		Row: 0
TRACE-REQUEST:READ		2749:		Address: 0		Bank: 0		Column: 0		Row: 0
TRACE-REQUEST:READ		2753:		Address: 0		Bank: 0		Column: 0		Row: 0
TRACE-REQUEST:READ		2757:		Address: 0		Bank: 0		Column: 0		Row: 0
TRACE-REQUEST:READ		2761:		Address: 0		Bank: 0		Column: 0		Row: 0
TRACE-REQUEST:READ		2765:		Address: 0		Bank: 0		Column: 0		Row: 0
TRACE-REQUEST:READ		2769:		Address: 0		Bank: 0		Column: 0		Row: 0
TRACE-REQUEST:READ		2773:		Address: 0		Bank: 0		Column: 0		Row: 0
TRACE-REQUEST:READ		2777:		Address: 0		Bank: 0		Column: 0		Row: 0
TRACE-REQUEST:READ		2781:		Address: 0		Bank: 0		Column: 0		Row: 0
TRACE-REQUEST:READ		2785:		Address: 0		Bank: 0		Column: 0		Row: 0
TRACE-REQUEST:READ		2789:		Address: 0		Bank: 0		Column: 0		Row: 0
TRACE-REQUEST:READ		2793:		Address: 0		Bank: 0		Column: 0		Row: 0
TRACE-REQUEST:READ		2797:		Address: 0		Bank: 0		Column: 0		Row: 0
TRACE-REQUEST:READ		2801:		Address: 0		Bank: 0		Column: 0		Row: 0
TRACE-REQUEST:READ		2805:		Address: 0		Bank: 0		Column: 0		Row: 0
TRACE-REQUEST:READ		2809:		Address: 0		Bank: 0		Column: 0		Row: 0
TRACE-REQUEST:READ		2813:		Address: 0		Bank: 0		Column: 0		Row: 0
TRACE-REQUEST:READ		2817:		Address: 0		Bank: 0		Column: 0		Row: 0
TRACE-REQUEST:READ		2821:		Address: 0		Bank: 0		Column: 0		Row: 0
TRACE-REQUEST:READ		2825:		Address: 0		Bank: 0		Column: 0		Row: 0
TRACE-REQUEST:READ		2829:		Address: 0		Bank: 0		Column: 0		Row: 0
TRACE-REQUEST:READ		2833:		Address: 0		Bank: 0		Column: 0		Row: 0
TRACE-REQUEST:READ		2837:		Address: 0		Bank: 0		Column: 0		Row: 0
TRACE-REQUEST:READ		2841:		Address: 0		Bank: 0		Column: 0		Row: 0
TRACE-REQUEST:READ		2845:		Address: 0		Bank: 0		Column: 0		Row: 0
TRACE-REQUEST:READ		2849:		Address: 0		Bank: 0		Column: 0		Row: 0
TRACE-REQUEST:READ		2853:		Address: 0		Bank: 0		Column: 0		Row: 0
TRACE-REQUEST:READ		2857:		Address: 0		Bank: 0		Column: 0		Row: 0
TRACE-REQUEST:READ		2861:		Address: 0		Bank: 0		Column: 0		Row: 0
TRACE-REQUEST:READ		2865:		Address: 0		Bank: 0		Column: 0		Row: 0
TRACE-REQUEST:READ		2869:		Address: 0		Bank: 0		Column: 0		Row: 0
TRACE-REQUEST:READ		2873:		Address: 0		Bank: 0		Column: 0		Row: 0
TRACE-REQUEST:READ		2877:		Address: 0		Bank: 0		Column: 0		Row: 0
TRACE-REQUEST:READ		2881:		Address: 0		Bank: 0		Column: 0		Row: 0
TRACE-REQUEST:READ		2885:		Address: 0		Bank: 0		Column: 0		Row: 0
TRACE-REQUEST:READ		2889:		Address: 0		Bank: 0		Column: 0		Row: 0
TRACE-REQUEST:READ		2893:		Address: 0		Bank: 0		Column: 0		Row: 0
TRACE-REQUEST:READ		2897:		Address: 0		Bank: 0		Column: 0		Row: 0
TRACE-REQUEST:READ		2901:		Address: 0		Bank: 0		Column: 0		Row: 0
TRACE-REQUEST:READ		2905:		Address: 0		Bank: 0		Column: 0		Row: 0
TRACE-REQUEST:READ		2909:		Address: 0		Bank: 0		Column: 0		Row: 0
TRACE-REQUEST:READ		2913:		Address: 0		Bank: 0		Column: 0		Row: 0
TRACE-REQUEST:READ		2917:		Address: 0		Bank: 0		Column: 0		Row: 0
TRACE-REQUEST:READ		2921:		Address: 0		Bank: 0		Column: 0		Row: 0
TRACE-REQUEST:READ		2925:		Address: 0		Bank: 0		Column: 0		Row: 0
TRACE-REQUEST:READ		2929:		Address: 0		Bank: 0		Column: 0		Row: 0
TRACE-REQUEST:READ		2933:		Address: 0		Bank: 0		Column: 0		Row: 0
TRACE-REQUEST:READ		2937:		Address: 0		Bank: 0		Column: 0		Row: 0
TRACE-REQUEST:READ		2941:		Address: 0		Bank: 0		Column: 0		Row: 0
TRACE-REQUEST:READ		2945:		Address: 0		Bank: 0		Column: 0		Row: 0
TRACE-REQUEST:READ		2949:		Address: 0		Bank: 0		Column: 0		Row: 0
TRACE-REQUEST:READ		2953:		Address: 0		Bank: 0		Column: 0		Row: 0
TRACE-REQUEST:READ		2957:		Address: 0		Bank: 0		Column: 0		Row: 0
TRACE-REQUEST:READ		2961:		Address: 0		Bank: 0		Column: 0		Row: 0
TRACE-REQUEST:READ		2965:		Address: 0		Bank: 0		Column: 0		Row: 0
TRACE-REQUEST:READ		2969:		Address: 0		Bank: 0		Column: 0		Row: 0
TRACE-REQUEST:READ		2973:		Address: 0		Bank: 0		Column: 0		Row: 0
TRACE-REQUEST:READ		2977:		Address: 0		Bank: 0		Column: 0		Row: 0
TRACE-REQUEST:READ		2981:		Address: 0		Bank: 0		Column: 0		Row: 0
TRACE-REQUEST:READ		2985:		Address: 0		Bank: 0		Column: 0		Row: 0
TRACE-REQUEST:READ		2989:		Address: 0		Bank: 0		Column: 0		Row: 0
TRACE-REQUEST:READ		2993:		Address: 0		Bank: 0		Column: 0		Row: 0
TRACE-REQUEST:READ		2997:		Address: 0		Bank: 0		Column: 0		Row: 0
TRACE-REQUEST:READ		3001:		Address: 0		Bank: 0		Column: 0		Row: 0
TRACE-REQUEST:READ		3005:		Address: 0		Bank: 0		Column: 0		Row: 0
TRACE-REQUEST:READ		3009:		Address: 0		Bank: 0		Column: 0		Row: 0
TRACE-REQUEST:READ		3013:		Address: 0		Bank: 0		Column: 0		Row: 0
TRACE-REQUEST:READ		3017:		Address: 0		Bank: 0		Column: 0		Row: 0
TRACE-REQUEST:READ		3021:		Address: 0		Bank: 0		Column: 0		Row: 0
TRACE-REQUEST:READ		3025:		Address: 0		Bank: 0		Column: 0		Row: 0
TRACE-REQUEST:READ		3029:		Address: 0		Bank: 0		Column: 0		Row: 0
TRACE-REQUEST:READ		3033:		Address: 0		Bank: 0		Column: 0		Row: 0
TRACE-REQUEST:READ		3037:		Address: 0		Bank: 0		Column: 0		Row: 0
TRACE-REQUEST:READ		3041:		Address: 0		Bank: 0		Column: 0		Row: 0
TRACE-REQUEST:READ		3045:		Address: 0		Bank: 0		Column: 0		Row: 0
TRACE-REQUEST:READ		3049:		Address: 0		Bank: 0		Column: 0		Row: 0
TRACE-REQUEST:READ		3053:		Address: 0		Bank: 0		Column: 0		Row: 0
TRACE-REQUEST:READ		3057:		Address: 0		Bank: 0		Column: 0		Row: 0
TRACE-REQUEST:READ		3061:		Address: 0		Bank: 0		Column: 0		Row: 0
TRACE-REQUEST:READ		3065:		Address: 0		Bank: 0		Column: 0		Row: 0
TRACE-REQUEST:READ		3069:		Address: 0		Bank: 0		Column: 0		Row: 0
TRACE-REQUEST:READ		3073:		Address: 0		Bank: 0		Column: 0		Row: 0
TRACE-REQUEST:READ		3077:		Address: 0		Bank: 0		Column: 0		Row: 0
TRACE-REQUEST:READ		3081:		Address: 0		Bank: 0		Column: 0		Row: 0
TRACE-REQUEST:READ		3085:		Address: 0		Bank: 0		Column: 0		Row: 0
TRACE-REQUEST:READ		3089:		Address: 0		Bank: 0		Column: 0		Row: 0
TRACE-REQUEST:READ		3093:		Address: 0		Bank: 0		Column: 0		Row: 0
TRACE-REQUEST:READ		3097:		Address: 0		Bank: 0		Column: 0		Row: 0
TRACE-REQUEST:READ		3101:		Address: 0		Bank: 0		Column: 0		Row: 0
TRACE-REQUEST:READ		3105:		Address: 0		Bank: 0		Column: 0		Row: 0
TRACE-REQUEST:READ		3109:		Address: 0		Bank: 0		Column: 0		Row: 0
TRACE-REQUEST:READ		3113:		Address: 0		Bank: 0		Column: 0		Row: 0
TRACE-REQUEST:READ		3117:		Address: 0		Bank: 0		Column: 0		Row: 0
TRACE-REQUEST:READ		3121:		Address: 0		Bank: 0		Column: 0		Row: 0
TRACE-REQUEST:READ		3125:		Address: 0		Bank: 0		Column: 0		Row: 0
TRACE-REQUEST:READ		3129:		Address: 0		Bank: 0		Column: 0		Row: 0
TRACE-REQUEST:READ		3133:		Address: 0		Bank: 0		Column: 0		Row: 0
TRACE-REQUEST:READ		3137:		Address: 0		Bank: 0		Column: 0		Row: 0
TRACE-REQUEST:READ		3141:		Address: 0		Bank: 0		Column: 0		Row: 0
TRACE-REQUEST:READ		3145:		Address: 0		Bank: 0		Column: 0		Row: 0
TRACE-REQUEST:READ		3149:		Address: 0		Bank: 0		Column: 0		Row: 0
TRACE-REQUEST:READ		3153:		Address: 0		Bank: 0		Column: 0		Row: 0
TRACE-REQUEST:READ		3157:		Address: 0		Bank: 0		Column: 0		Row: 0
TRACE-REQUEST:READ		3161:		Address: 0		Bank: 0		Column: 0		Row: 0
TRACE-REQUEST:READ		3165:		Address: 0		Bank: 0		Column: 0		Row: 0
TRACE-REQUEST:READ		3169:		Address: 0		Bank: 0		Column: 0		Row: 0
TRACE-REQUEST:READ		3173:		Address: 0		Bank: 0		Column: 0		Row: 0
TRACE-REQUEST:READ		3177:		Address: 0		Bank: 0		Column: 0		Row: 0
TRACE-REQUEST:READ		3181:		Address: 0		Bank: 0		Column: 0		Row: 0
TRACE-REQUEST:READ		3185:		Address: 0		Bank: 0		Column: 0		Row: 0
TRACE-REQUEST:READ		3189:		Address: 0		Bank: 0		Column: 0		Row: 0
TRACE-REQUEST:READ		3193:		Address: 0		Bank: 0		Column: 0		Row: 0
TRACE-REQUEST:READ		3197:		Address: 0		Bank: 0		Column: 0		Row: 0
TRACE-REQUEST:READ		3201:		Address: 0		Bank: 0		Column: 0		Row: 0
TRACE-REQUEST:READ		3205:		Address: 0		Bank: 0		Column: 0		Row: 0
TRACE-REQUEST:READ		3209:		Address: 0		Bank: 0		Column: 0		Row: 0
TRACE-REQUEST:READ		3213:		Address: 0		Bank: 0		Column: 0		Row: 0
TRACE-REQUEST:READ		3217:		Address: 0		Bank: 0		Column: 0		Row: 0
TRACE-REQUEST:READ		3221:		Address: 0		Bank: 0		Column: 0		Row: 0
TRACE-REQUEST:READ		3225:		Address: 0		Bank: 0		Column: 0		Row: 0
TRACE-REQUEST:READ		3229:		Address: 0		Bank: 0		Column: 0		Row: 0
TRACE-REQUEST:READ		3233:		Address: 0		Bank: 0		Column: 0		Row: 0
TRACE-REQUEST:READ		3237:		Address: 0		Bank: 0		Column: 0		Row: 0
TRACE-REQUEST:READ		3241:		Address: 0		Bank: 0		Column: 0		Row: 0
TRACE-REQUEST:READ		3245:		Address: 0		Bank: 0		Column: 0		Row: 0
TRACE-REQUEST:READ		3249:		Address: 0		Bank: 0		Column: 0		Row: 0
TRACE-REQUEST:READ		3253:		Address: 0		Bank: 0		Column: 0		Row: 0
TRACE-REQUEST:READ		3257:		Address: 0		Bank: 0		Column: 0		Row: 0
TRACE-REQUEST:READ		3261:		Address: 0		Bank: 0		Column: 0		Row: 0
TRACE-REQUEST:READ		3265:		Address: 0		Bank: 0		Column: 0		Row: 0
TRACE-REQUEST:READ		3269:		Address: 0		Bank: 0		Column: 0		Row: 0
TRACE-REQUEST:READ		3273:		Address: 0		Bank: 0		Column: 0		Row: 0
TRACE-REQUEST:READ		3277:		Address: 0		Bank: 0		Column: 0		Row: 0
TRACE-REQUEST:READ		3281:		Address: 0		Bank: 0		Column: 0		Row: 0
TRACE-REQUEST:READ		3285:		Address: 0		Bank: 0		Column: 0		Row: 0
TRACE-REQUEST:READ		3289:		Address: 0		Bank: 0		Column: 0		Row: 0
TRACE-REQUEST:READ		3293:		Address: 0		Bank: 0		Column: 0		Row: 0
TRACE-REQUEST:READ		3297:		Address: 0		Bank: 0		Column: 0		Row: 0
TRACE-REQUEST:READ		3301:		Address: 0		Bank: 0		Column: 0		Row: 0
TRACE-REQUEST:READ		3305:		Address: 0		Bank: 0		Column: 0		Row: 0
TRACE-REQUEST:READ		3309:		Address: 0		Bank: 0		Column: 0		Row: 0
TRACE-REQUEST:READ		3313:		Address: 0		Bank: 0		Column: 0		Row: 0
TRACE-REQUEST:READ		3317:		Address: 0		Bank: 0		Column: 0		Row: 0
TRACE-REQUEST:READ		3321:		Address: 0		Bank: 0		Column: 0		Row: 0
TRACE-REQUEST:READ		3325:		Address: 0		Bank: 0		Column: 0		Row: 0
TRACE-REQUEST:READ		3329:		Address: 0		Bank: 0		Column: 0		Row: 0
TRACE-REQUEST:READ		3333:		Address: 0		Bank: 0		Column: 0		Row: 0
TRACE-REQUEST:READ		3337:		Address: 0		Bank: 0		Column: 0		Row: 0
TRACE-REQUEST:READ		3341:		Address: 0		Bank: 0		Column: 0		Row: 0
TRACE-REQUEST:READ		3345:		Address: 0		Bank: 0		Column: 0		Row: 0
TRACE-REQUEST:READ		3349:		Address: 0		Bank: 0		Column: 0		Row: 0
TRACE-REQUEST:READ		3353:		Address: 0		Bank: 0		Column: 0		Row: 0
TRACE-REQUEST:READ		3357:		Address: 0		Bank: 0		Column: 0		Row: 0
TRACE-REQUEST:READ		3361:		Address: 0		Bank: 0		Column: 0		Row: 0
TRACE-REQUEST:READ		3365:		Address: 0		Bank: 0		Column: 0		Row: 0
TRACE-REQUEST:READ		3369:		Address: 0		Bank: 0		Column: 0		Row: 0
TRACE-REQUEST:READ		3373:		Address: 0		Bank: 0		Column: 0		Row: 0
TRACE-REQUEST:READ		3377:		Address: 0		Bank: 0		Column: 0		Row: 0
TRACE-REQUEST:READ		3381:		Address: 0		Bank: 0		Column: 0		Row: 0
TRACE-REQUEST:READ		3385:		Address: 0		Bank: 0		Column: 0		Row: 0
TRACE-REQUEST:READ		3389:		Address: 0		Bank: 0		Column: 0		Row: 0
TRACE-REQUEST:READ		3393:		Address: 0		Bank: 0		Column: 0		Row: 0
TRACE-REQUEST:READ		3397:		Address: 0		Bank: 0		Column: 0		Row: 0
TRACE-REQUEST:READ		3401:		Address: 0		Bank: 0		Column: 0		Row: 0
TRACE-REQUEST:READ		3405:		Address: 0		Bank: 0		Column: 0		Row: 0
TRACE-REQUEST:READ		3409:		Address: 0		Bank: 0		Column: 0		Row: 0
TRACE-REQUEST:READ		3413:		Address: 0		Bank: 0		Column: 0		Row: 0
TRACE-REQUEST:READ		3417:		Address: 0		Bank: 0		Column: 0		Row: 0
TRACE-REQUEST:READ		3421:		Address: 0		Bank: 0		Column: 0		Row: 0
TRACE-REQUEST:READ		3425:		Address: 0		Bank: 0		Column: 0		Row: 0
TRACE-REQUEST:READ		3429:		Address: 0		Bank: 0		Column: 0		Row: 0
TRACE-REQUEST:READ		3433:		Address: 0		Bank: 0		Column: 0		Row: 0
TRACE-REQUEST:READ		3437:		Address: 0		Bank: 0		Column: 0		Row: 0
TRACE-REQUEST:READ		3441:		Address: 0		Bank: 0		Column: 0		Row: 0
TRACE-REQUEST:READ		3445:		Address: 0		Bank: 0		Column: 0		Row: 0
TRACE-REQUEST:READ		3449:		Address: 0		Bank: 0		Column: 0		Row: 0
TRACE-REQUEST:READ		3453:		Address: 0		Bank: 0		Column: 0		Row: 0
TRACE-REQUEST:READ		3457:		Address: 0		Bank: 0		Column: 0		Row: 0
TRACE-REQUEST:READ		3461:		Address: 0		Bank: 0		Column: 0		Row: 0
TRACE-REQUEST:READ		3465:		Address: 0		Bank: 0		Column: 0		Row: 0
TRACE-REQUEST:READ		3469:		Address: 0		Bank: 0		Column: 0		Row: 0
TRACE-REQUEST:READ		3473:		Address: 0		Bank: 0		Column: 0		Row: 0
TRACE-REQUEST:READ		3477:		Address: 0		Bank: 0		Column: 0		Row: 0
TRACE-REQUEST:READ		3481:		Address: 0		Bank: 0		Column: 0		Row: 0
TRACE-REQUEST:READ		3485:		Address: 0		Bank: 0		Column: 0		Row: 0
TRACE-REQUEST:READ		3489:		Address: 0		Bank: 0		Column: 0		Row: 0
TRACE-REQUEST:READ		3493:		Address: 0		Bank: 0		Column: 0		Row: 0
TRACE-REQUEST:READ		3497:		Address: 0		Bank: 0		Column: 0		Row: 0
TRACE-REQUEST:READ		3501:		Address: 0		Bank: 0		Column: 0		Row: 0
TRACE-REQUEST:READ		3505:		Address: 0		Bank: 0		Column: 0		Row: 0
TRACE-REQUEST:READ		3509:		Address: 0		Bank: 0		Column: 0		Row: 0
TRACE-REQUEST:READ		3513:		Address: 0		Bank: 0		Column: 0		Row: 0
TRACE-REQUEST:READ		3517:		Address: 0		Bank: 0		Column: 0		Row: 0
TRACE-REQUEST:READ		3521:		Address: 0		Bank: 0		Column: 0		Row: 0
TRACE-REQUEST:READ		3525:		Address: 0		Bank: 0		Column: 0		Row: 0
TRACE-REQUEST:READ		3529:		Address: 0		Bank: 0		Column: 0		Row: 0
TRACE-REQUEST:READ		3533:		Address: 0		Bank: 0		Column: 0		Row: 0
TRACE-REQUEST:READ		3537:		Address: 0		Bank: 0		Column: 0		Row: 0
TRACE-REQUEST:READ		3541:		Address: 0		Bank: 0		Column: 0		Row: 0
TRACE-REQUEST:READ		3545:		Address: 0		Bank: 0		Column: 0		Row: 0
TRACE-REQUEST:READ		3549:		Address: 0		Bank: 0		Column: 0		Row: 0
TRACE-REQUEST:READ		3553:		Address: 0		Bank: 0		Column: 0		Row: 0
TRACE-REQUEST:READ		3557:		Address: 0		Bank: 0		Column: 0		Row: 0
TRACE-REQUEST:READ		3561:		Address: 0		Bank: 0		Column: 0		Row: 0
TRACE-REQUEST:READ		3565:		Address: 0		Bank: 0		Column: 0		Row: 0
TRACE-REQUEST:READ		3569:		Address: 0		Bank: 0		Column: 0		Row: 0
TRACE-REQUEST:READ		3573:		Address: 0		Bank: 0		Column: 0		Row: 0
TRACE-REQUEST:READ		3577:		Address: 0		Bank: 0		Column: 0		Row: 0
TRACE-REQUEST:READ		3581:		Address: 0		Bank: 0		Column: 0		Row: 0
TRACE-REQUEST:READ		3585:		Address: 0		Bank: 0		Column: 0		Row: 0
TRACE-REQUEST:READ		3589:		Address: 0		Bank: 0		Column: 0		Row: 0
TRACE-REQUEST:READ		3593:		Address: 0		Bank: 0		Column: 0		Row: 0
TRACE-REQUEST:READ		3597:		Address: 0		Bank: 0		Column: 0		Row: 0
TRACE-REQUEST:READ		3601:		Address: 0		Bank: 0		Column: 0		Row: 0
TRACE-REQUEST:READ		3605:		Address: 0		Bank: 0		Column: 0		Row: 0
TRACE-REQUEST:READ		3609:		Address: 0		Bank: 0		Column: 0		Row: 0
TRACE-REQUEST:READ		3613:		Address: 0		Bank: 0		Column: 0		Row: 0
TRACE-REQUEST:READ		3617:		Address: 0		Bank: 0		Column: 0		Row: 0
TRACE-REQUEST:READ		3621:		Address: 0		Bank: 0		Column: 0		Row: 0
TRACE-REQUEST:READ		3625:		Address: 0		Bank: 0		Column: 0		Row: 0
TRACE-REQUEST:READ		3629:		Address: 0		Bank: 0		Column: 0		Row: 0
TRACE-REQUEST:READ		3633:		Address: 0		Bank: 0		Column: 0		Row: 0
TRACE-REQUEST:READ		3637:		Address: 0		Bank: 0		Column: 0		Row: 0
TRACE-REQUEST:READ		3641:		Address: 0		Bank: 0		Column: 0		Row: 0
TRACE-REQUEST:READ		3645:		Address: 0		Bank: 0		Column: 0		Row: 0
TRACE-REQUEST:READ		3649:		Address: 0		Bank: 0		Column: 0		Row: 0
TRACE-REQUEST:READ		3653:		Address: 0		Bank: 0		Column: 0		Row: 0
TRACE-REQUEST:READ		3657:		Address: 0		Bank: 0		Column: 0		Row: 0
TRACE-REQUEST:READ		3661:		Address: 0		Bank: 0		Column: 0		Row: 0
TRACE-REQUEST:READ		3665:		Address: 0		Bank: 0		Column: 0		Row: 0
TRACE-REQUEST:READ		3669:		Address: 0		Bank: 0		Column: 0		Row: 0
TRACE-REQUEST:READ		3673:		Address: 0		Bank: 0		Column: 0		Row: 0
TRACE-REQUEST:READ		3677:		Address: 0		Bank: 0		Column: 0		Row: 0
TRACE-REQUEST:READ		3681:		Address: 0		Bank: 0		Column: 0		Row: 0
TRACE-REQUEST:READ		3685:		Address: 0		Bank: 0		Column: 0		Row: 0
TRACE-REQUEST:READ		3689:		Address: 0		Bank: 0		Column: 0		Row: 0
TRACE-REQUEST:READ		3693:		Address: 0		Bank: 0		Column: 0		Row: 0
TRACE-REQUEST:READ		3697:		Address: 0		Bank: 0		Column: 0		Row: 0
TRACE-REQUEST:READ		3701:		Address: 0		Bank: 0		Column: 0		Row: 0
TRACE-REQUEST:READ		3705:		Address: 0		Bank: 0		Column: 0		Row: 0
TRACE-REQUEST:READ		3709:		Address: 0		Bank: 0		Column: 0		Row: 0
TRACE-REQUEST:READ		3713:		Address: 0		Bank: 0		Column: 0		Row: 0
TRACE-REQUEST:READ		3717:		Address: 0		Bank: 0		Column: 0		Row: 0
TRACE-REQUEST:READ		3721:		Address: 0		Bank: 0		Column: 0		Row: 0
TRACE-REQUEST:READ		3725:		Address: 0		Bank: 0		Column: 0		Row: 0
TRACE-REQUEST:READ		3729:		Address: 0		Bank: 0		Column: 0		Row: 0
TRACE-REQUEST:READ		3733:		Address: 0		Bank: 0		Column: 0		Row: 0
TRACE-REQUEST:READ		3737:		Address: 0		Bank: 0		Column: 0		Row: 0
TRACE-REQUEST:READ		3741:		Address: 0		Bank: 0		Column: 0		Row: 0
TRACE-REQUEST:READ		3745:		Address: 0		Bank: 0		Column: 0		Row: 0
TRACE-REQUEST:READ		3749:		Address: 0		Bank: 0		Column: 0		Row: 0
TRACE-REQUEST:READ		3753:		Address: 0		Bank: 0		Column: 0		Row: 0
TRACE-REQUEST:READ		3757:		Address: 0		Bank: 0		Column: 0		Row: 0
TRACE-REQUEST:READ		3761:		Address: 0		Bank: 0		Column: 0		Row: 0
TRACE-REQUEST:READ		3765:		Address: 0		Bank: 0		Column: 0		Row: 0
TRACE-REQUEST:READ		3769:		Address: 0		Bank: 0		Column: 0		Row: 0
TRACE-REQUEST:READ		3773:		Address: 0		Bank: 0		Column: 0		Row: 0
TRACE-REQUEST:READ		3777:		Address: 0		Bank: 0		Column: 0		Row: 0
TRACE-REQUEST:READ		3781:		Address: 0		Bank: 0		Column: 0		Row: 0
TRACE-REQUEST:READ		3785:		Address: 0		Bank: 0		Column: 0		Row: 0
TRACE-REQUEST:READ		3789:		Address: 0		Bank: 0		Column: 0		Row: 0
TRACE-REQUEST:READ		3793:		Address: 0		Bank: 0		Column: 0		Row: 0
TRACE-REQUEST:READ		3797:		Address: 0		Bank: 0		Column: 0		Row: 0
TRACE-REQUEST:READ		3801:		Address: 0		Bank: 0		Column: 0		Row: 0
TRACE-REQUEST:READ		3805:		Address: 0		Bank: 0		Column: 0		Row: 0
TRACE-REQUEST:READ		3809:		Address: 0		Bank: 0		Column: 0		Row: 0
TRACE-REQUEST:READ		3813:		Address: 0		Bank: 0		Column: 0		Row: 0
TRACE-REQUEST:READ		3817:		Address: 0		Bank: 0		Column: 0		Row: 0
TRACE-REQUEST:READ		3821:		Address: 0		Bank: 0		Column: 0		Row: 0
TRACE-REQUEST:READ		3825:		Address: 0		Bank: 0		Column: 0		Row: 0
TRACE-REQUEST:READ		3829:		Address: 0		Bank: 0		Column: 0		Row: 0
TRACE-REQUEST:READ		3833:		Address: 0		Bank: 0		Column: 0		Row: 0
TRACE-REQUEST:READ		3837:		Address: 0		Bank: 0		Column: 0		Row: 0
TRACE-REQUEST:READ		3841:		Address: 0		Bank: 0		Column: 0		Row: 0
TRACE-REQUEST:READ		3845:		Address: 0		Bank: 0		Column: 0		Row: 0
TRACE-REQUEST:READ		3849:		Address: 0		Bank: 0		Column: 0		Row: 0
TRACE-REQUEST:READ		3853:		Address: 0		Bank: 0		Column: 0		Row: 0
TRACE-REQUEST:READ		3857:		Address: 0		Bank: 0		Column: 0		Row: 0
TRACE-REQUEST:READ		3861:		Address: 0		Bank: 0		Column: 0		Row: 0
TRACE-REQUEST:READ		3865:		Address: 0		Bank: 0		Column: 0		Row: 0
TRACE-REQUEST:READ		3869:		Address: 0		Bank: 0		Column: 0		Row: 0
TRACE-REQUEST:READ		3873:		Address: 0		Bank: 0		Column: 0		Row: 0
TRACE-REQUEST:READ		3877:		Address: 0		Bank: 0		Column: 0		Row: 0
TRACE-REQUEST:READ		3881:		Address: 0		Bank: 0		Column: 0		Row: 0
TRACE-REQUEST:READ		3885:		Address: 0		Bank: 0		Column: 0		Row: 0
TRACE-REQUEST:READ		3889:		Address: 0		Bank: 0		Column: 0		Row: 0
TRACE-REQUEST:READ		3893:		Address: 0		Bank: 0		Column: 0		Row: 0
TRACE-REQUEST:READ		3897:		Address: 0		Bank: 0		Column: 0		Row: 0
TRACE-REQUEST:READ		3901:		Address: 0		Bank: 0		Column: 0		Row: 0
TRACE-REQUEST:READ		3905:		Address: 0		Bank: 0		Column: 0		Row: 0
TRACE-REQUEST:READ		3909:		Address: 0		Bank: 0		Column: 0		Row: 0
TRACE-REQUEST:READ		3913:		Address: 0		Bank: 0		Column: 0		Row: 0
TRACE-REQUEST:READ		3917:		Address: 0		Bank: 0		Column: 0		Row: 0
TRACE-REQUEST:READ		3921:		Address: 0		Bank: 0		Column: 0		Row: 0
TRACE-REQUEST:READ		3925:		Address: 0		Bank: 0		Column: 0		Row: 0
TRACE-REQUEST:READ		3929:		Address: 0		Bank: 0		Column: 0		Row: 0
TRACE-REQUEST:READ		3933:		Address: 0		Bank: 0		Column: 0		Row: 0
TRACE-REQUEST:READ		3937:		Address: 0		Bank: 0		Column: 0		Row: 0
TRACE-REQUEST:READ		3941:		Address: 0		Bank: 0		Column: 0		Row: 0
TRACE-REQUEST:READ		3945:		Address: 0		Bank: 0		Column: 0		Row: 0
TRACE-REQUEST:READ		3949:		Address: 0		Bank: 0		Column: 0		Row: 0
TRACE-REQUEST:READ		3953:		Address: 0		Bank: 0		Column: 0		Row: 0
TRACE-REQUEST:READ		3957:		Address: 0		Bank: 0		Column: 0		Row: 0
TRACE-REQUEST:READ		3961:		Address: 0		Bank: 0		Column: 0		Row: 0
TRACE-REQUEST:READ		3965:		Address: 0		Bank: 0		Column: 0		Row: 0
TRACE-REQUEST:READ		3969:		Address: 0		Bank: 0		Column: 0		Row: 0
TRACE-REQUEST:READ		3973:		Address: 0		Bank: 0		Column: 0		Row: 0
TRACE-REQUEST:READ		3977:		Address: 0		Bank: 0		Column: 0		Row: 0
TRACE-REQUEST:READ		3981:		Address: 0		Bank: 0		Column: 0		Row: 0
TRACE-REQUEST:READ		3985:		Address: 0		Bank: 0		Column: 0		Row: 0
TRACE-REQUEST:READ		3989:		Address: 0		Bank: 0		Column: 0		Row: 0
TRACE-REQUEST:READ		3993:		Address: 0		Bank: 0		Column: 0		Row: 0
TRACE-REQUEST:READ		3997:		Address: 0		Bank: 0		Column: 0		Row: 0
TRACE-REQUEST:READ		4001:		Address: 0		Bank: 0		Column: 0		Row: 0
TRACE-REQUEST:READ		4005:		Address: 0		Bank: 0		Column: 0		Row: 0
TRACE-REQUEST:READ		4009:		Address: 0		Bank: 0		Column: 0		Row: 0
TRACE-REQUEST:READ		4013:		Address: 0		Bank: 0		Column: 0		Row: 0
TRACE-REQUEST:READ		4017:		Address: 0		Bank: 0		Column: 0		Row: 0
TRACE-REQUEST:READ		4021:		Address: 0		Bank: 0		Column: 0		Row: 0
TRACE-REQUEST:READ		4025:		Address: 0		Bank: 0		Column: 0		Row: 0
TRACE-REQUEST:READ		4029:		Address: 0		Bank: 0		Column: 0		Row: 0
TRACE-REQUEST:READ		4033:		Address: 0		Bank: 0		Column: 0		Row: 0
TRACE-REQUEST:READ		4037:		Address: 0		Bank: 0		Column: 0		Row: 0
TRACE-REQUEST:READ		4041:		Address: 0		Bank: 0		Column: 0		Row: 0
TRACE-REQUEST:READ		4045:		Address: 0		Bank: 0		Column: 0		Row: 0
TRACE-REQUEST:READ		4049:		Address: 0		Bank: 0		Column: 0		Row: 0
TRACE-REQUEST:READ		4053:		Address: 0		Bank: 0		Column: 0		Row: 0
TRACE-REQUEST:READ		4057:		Address: 0		Bank: 0		Column: 0		Row: 0
Requestor 0 End @ 4073
==== Channel [0] ====


Statistics Assuming Cores are In Order:


REQ under analysis: Open Request Ratio : 0.994
   
REQ under analysis: WC Open Read : 4	WC Close Read : 12	WC Open Write : 0	WC Close Write : 0
   
-----------------------------------------Simulation Summary---------------------------------------------
Bandwidth = 12570.6 MB/s
   
Number of Open Read     :  994
Number of Close Read	:  6
Number of Open Write    :  0
Number of Close Write   :  0
   
//// Channel [0] ////
-----------------------------------------Summary Per Requestor------------------------------------------- 
Requestor 0: Worst-Case 183 Done 1000 Request From 1000 Computation Time = 0 @ 1.25
Simulation End @ 4074 time = 56375
