call back

Start Simulation
---------------------------------------Configuration Summary--------------------------------------------
Rank count   :   1
Bank count   :   8
Row count    :   32768
Column count :   1024
	Address Mapping 	: 425
	Request Queue 		: 1 perREQ 0 WBuffer 0
	Request Scheduler 	: FRFCFS_Threshold
	Command Generator 	: OPEN
	Command Queue 		: 8 perREQ 0
	Command Scheduler 	: FRFCFS
TRACE-REQUEST:READ		1:		Address: 0		Bank: 0		Column: 0		Row: 0
TRACE-REQUEST:READ		11:		Address: 0		Bank: 0		Column: 0		Row: 0
TRACE-REQUEST:READ		15:		Address: 0		Bank: 0		Column: 0		Row: 0
TRACE-REQUEST:READ		19:		Address: 0		Bank: 0		Column: 0		Row: 0
TRACE-REQUEST:READ		23:		Address: 0		Bank: 0		Column: 0		Row: 0
TRACE-REQUEST:READ		27:		Address: 0		Bank: 0		Column: 0		Row: 0
TRACE-REQUEST:READ		31:		Address: 0		Bank: 0		Column: 0		Row: 0
TRACE-REQUEST:READ		35:		Address: 0		Bank: 0		Column: 0		Row: 0
TRACE-REQUEST:READ		39:		Address: 0		Bank: 0		Column: 0		Row: 0
TRACE-REQUEST:READ		43:		Address: 0		Bank: 0		Column: 0		Row: 0
TRACE-REQUEST:READ		47:		Address: 16777216	Bank: 0		Column: 0		Row: 32
TRACE-REQUEST:READ		71:		Address: 0		Bank: 0		Column: 0		Row: 0
TRACE-REQUEST:READ		108:		Address: 0		Bank: 0		Column: 0		Row: 0
TRACE-REQUEST:READ		112:		Address: 0		Bank: 0		Column: 0		Row: 0
TRACE-REQUEST:READ		116:		Address: 0		Bank: 0		Column: 0		Row: 0
TRACE-REQUEST:READ		120:		Address: 0		Bank: 0		Column: 0		Row: 0
TRACE-REQUEST:READ		124:		Address: 0		Bank: 0		Column: 0		Row: 0
TRACE-REQUEST:READ		128:		Address: 0		Bank: 0		Column: 0		Row: 0
TRACE-REQUEST:READ		132:		Address: 0		Bank: 0		Column: 0		Row: 0
TRACE-REQUEST:READ		136:		Address: 0		Bank: 0		Column: 0		Row: 0
TRACE-REQUEST:READ		140:		Address: 0		Bank: 0		Column: 0		Row: 0
TRACE-REQUEST:READ		144:		Address: 0		Bank: 0		Column: 0		Row: 0
TRACE-REQUEST:READ		148:		Address: 0		Bank: 0		Column: 0		Row: 0
TRACE-REQUEST:READ		152:		Address: 0		Bank: 0		Column: 0		Row: 0
TRACE-REQUEST:READ		156:		Address: 0		Bank: 0		Column: 0		Row: 0
TRACE-REQUEST:READ		160:		Address: 0		Bank: 0		Column: 0		Row: 0
TRACE-REQUEST:READ		164:		Address: 0		Bank: 0		Column: 0		Row: 0
TRACE-REQUEST:READ		168:		Address: 0		Bank: 0		Column: 0		Row: 0
TRACE-REQUEST:READ		172:		Address: 0		Bank: 0		Column: 0		Row: 0
TRACE-REQUEST:READ		176:		Address: 0		Bank: 0		Column: 0		Row: 0
TRACE-REQUEST:READ		180:		Address: 0		Bank: 0		Column: 0		Row: 0
TRACE-REQUEST:READ		184:		Address: 0		Bank: 0		Column: 0		Row: 0
TRACE-REQUEST:READ		188:		Address: 0		Bank: 0		Column: 0		Row: 0
TRACE-REQUEST:READ		192:		Address: 0		Bank: 0		Column: 0		Row: 0
TRACE-REQUEST:READ		196:		Address: 0		Bank: 0		Column: 0		Row: 0
TRACE-REQUEST:READ		200:		Address: 0		Bank: 0		Column: 0		Row: 0
TRACE-REQUEST:READ		204:		Address: 0		Bank: 0		Column: 0		Row: 0
TRACE-REQUEST:READ		208:		Address: 0		Bank: 0		Column: 0		Row: 0
TRACE-REQUEST:READ		212:		Address: 0		Bank: 0		Column: 0		Row: 0
TRACE-REQUEST:READ		216:		Address: 0		Bank: 0		Column: 0		Row: 0
TRACE-REQUEST:READ		220:		Address: 0		Bank: 0		Column: 0		Row: 0
TRACE-REQUEST:READ		224:		Address: 0		Bank: 0		Column: 0		Row: 0
TRACE-REQUEST:READ		228:		Address: 0		Bank: 0		Column: 0		Row: 0
TRACE-REQUEST:READ		232:		Address: 0		Bank: 0		Column: 0		Row: 0
TRACE-REQUEST:READ		236:		Address: 0		Bank: 0		Column: 0		Row: 0
TRACE-REQUEST:READ		240:		Address: 0		Bank: 0		Column: 0		Row: 0
TRACE-REQUEST:READ		244:		Address: 0		Bank: 0		Column: 0		Row: 0
TRACE-REQUEST:READ		248:		Address: 0		Bank: 0		Column: 0		Row: 0
TRACE-REQUEST:READ		252:		Address: 0		Bank: 0		Column: 0		Row: 0
TRACE-REQUEST:READ		256:		Address: 0		Bank: 0		Column: 0		Row: 0
TRACE-REQUEST:READ		260:		Address: 0		Bank: 0		Column: 0		Row: 0
TRACE-REQUEST:READ		264:		Address: 0		Bank: 0		Column: 0		Row: 0
TRACE-REQUEST:READ		268:		Address: 0		Bank: 0		Column: 0		Row: 0
TRACE-REQUEST:READ		272:		Address: 0		Bank: 0		Column: 0		Row: 0
TRACE-REQUEST:READ		276:		Address: 0		Bank: 0		Column: 0		Row: 0
TRACE-REQUEST:READ		280:		Address: 0		Bank: 0		Column: 0		Row: 0
TRACE-REQUEST:READ		284:		Address: 0		Bank: 0		Column: 0		Row: 0
TRACE-REQUEST:READ		288:		Address: 0		Bank: 0		Column: 0		Row: 0
TRACE-REQUEST:READ		292:		Address: 0		Bank: 0		Column: 0		Row: 0
TRACE-REQUEST:READ		296:		Address: 0		Bank: 0		Column: 0		Row: 0
TRACE-REQUEST:READ		300:		Address: 0		Bank: 0		Column: 0		Row: 0
TRACE-REQUEST:READ		304:		Address: 0		Bank: 0		Column: 0		Row: 0
TRACE-REQUEST:READ		308:		Address: 0		Bank: 0		Column: 0		Row: 0
TRACE-REQUEST:READ		312:		Address: 0		Bank: 0		Column: 0		Row: 0
TRACE-REQUEST:READ		316:		Address: 0		Bank: 0		Column: 0		Row: 0
TRACE-REQUEST:READ		320:		Address: 0		Bank: 0		Column: 0		Row: 0
TRACE-REQUEST:READ		324:		Address: 0		Bank: 0		Column: 0		Row: 0
TRACE-REQUEST:READ		328:		Address: 0		Bank: 0		Column: 0		Row: 0
TRACE-REQUEST:READ		332:		Address: 0		Bank: 0		Column: 0		Row: 0
TRACE-REQUEST:READ		336:		Address: 0		Bank: 0		Column: 0		Row: 0
TRACE-REQUEST:READ		340:		Address: 0		Bank: 0		Column: 0		Row: 0
TRACE-REQUEST:READ		344:		Address: 0		Bank: 0		Column: 0		Row: 0
TRACE-REQUEST:READ		348:		Address: 0		Bank: 0		Column: 0		Row: 0
TRACE-REQUEST:READ		352:		Address: 0		Bank: 0		Column: 0		Row: 0
TRACE-REQUEST:READ		356:		Address: 0		Bank: 0		Column: 0		Row: 0
TRACE-REQUEST:READ		360:		Address: 0		Bank: 0		Column: 0		Row: 0
TRACE-REQUEST:READ		364:		Address: 0		Bank: 0		Column: 0		Row: 0
TRACE-REQUEST:READ		368:		Address: 0		Bank: 0		Column: 0		Row: 0
TRACE-REQUEST:READ		372:		Address: 0		Bank: 0		Column: 0		Row: 0
TRACE-REQUEST:READ		376:		Address: 0		Bank: 0		Column: 0		Row: 0
TRACE-REQUEST:READ		380:		Address: 0		Bank: 0		Column: 0		Row: 0
TRACE-REQUEST:READ		384:		Address: 0		Bank: 0		Column: 0		Row: 0
TRACE-REQUEST:READ		388:		Address: 0		Bank: 0		Column: 0		Row: 0
TRACE-REQUEST:READ		392:		Address: 0		Bank: 0		Column: 0		Row: 0
TRACE-REQUEST:READ		396:		Address: 0		Bank: 0		Column: 0		Row: 0
TRACE-REQUEST:READ		400:		Address: 0		Bank: 0		Column: 0		Row: 0
TRACE-REQUEST:READ		404:		Address: 0		Bank: 0		Column: 0		Row: 0
TRACE-REQUEST:READ		408:		Address: 0		Bank: 0		Column: 0		Row: 0
TRACE-REQUEST:READ		412:		Address: 0		Bank: 0		Column: 0		Row: 0
TRACE-REQUEST:READ		416:		Address: 0		Bank: 0		Column: 0		Row: 0
TRACE-REQUEST:READ		420:		Address: 0		Bank: 0		Column: 0		Row: 0
TRACE-REQUEST:READ		424:		Address: 0		Bank: 0		Column: 0		Row: 0
TRACE-REQUEST:READ		428:		Address: 0		Bank: 0		Column: 0		Row: 0
TRACE-REQUEST:READ		432:		Address: 0		Bank: 0		Column: 0		Row: 0
TRACE-REQUEST:READ		436:		Address: 0		Bank: 0		Column: 0		Row: 0
TRACE-REQUEST:READ		440:		Address: 0		Bank: 0		Column: 0		Row: 0
TRACE-REQUEST:READ		444:		Address: 0		Bank: 0		Column: 0		Row: 0
TRACE-REQUEST:READ		448:		Address: 0		Bank: 0		Column: 0		Row: 0
TRACE-REQUEST:READ		452:		Address: 0		Bank: 0		Column: 0		Row: 0
TRACE-REQUEST:READ		456:		Address: 0		Bank: 0		Column: 0		Row: 0
TRACE-REQUEST:READ		460:		Address: 0		Bank: 0		Column: 0		Row: 0
TRACE-REQUEST:READ		464:		Address: 0		Bank: 0		Column: 0		Row: 0
TRACE-REQUEST:READ		468:		Address: 0		Bank: 0		Column: 0		Row: 0
TRACE-REQUEST:READ		472:		Address: 0		Bank: 0		Column: 0		Row: 0
TRACE-REQUEST:READ		476:		Address: 0		Bank: 0		Column: 0		Row: 0
TRACE-REQUEST:READ		480:		Address: 0		Bank: 0		Column: 0		Row: 0
TRACE-REQUEST:READ		484:		Address: 0		Bank: 0		Column: 0		Row: 0
TRACE-REQUEST:READ		488:		Address: 0		Bank: 0		Column: 0		Row: 0
TRACE-REQUEST:READ		492:		Address: 0		Bank: 0		Column: 0		Row: 0
TRACE-REQUEST:READ		496:		Address: 0		Bank: 0		Column: 0		Row: 0
TRACE-REQUEST:READ		500:		Address: 0		Bank: 0		Column: 0		Row: 0
TRACE-REQUEST:READ		504:		Address: 0		Bank: 0		Column: 0		Row: 0
TRACE-REQUEST:READ		508:		Address: 0		Bank: 0		Column: 0		Row: 0
TRACE-REQUEST:READ		512:		Address: 0		Bank: 0		Column: 0		Row: 0
TRACE-REQUEST:READ		516:		Address: 0		Bank: 0		Column: 0		Row: 0
TRACE-REQUEST:READ		520:		Address: 0		Bank: 0		Column: 0		Row: 0
TRACE-REQUEST:READ		524:		Address: 0		Bank: 0		Column: 0		Row: 0
TRACE-REQUEST:READ		528:		Address: 0		Bank: 0		Column: 0		Row: 0
TRACE-REQUEST:READ		532:		Address: 0		Bank: 0		Column: 0		Row: 0
TRACE-REQUEST:READ		536:		Address: 0		Bank: 0		Column: 0		Row: 0
TRACE-REQUEST:READ		540:		Address: 0		Bank: 0		Column: 0		Row: 0
TRACE-REQUEST:READ		544:		Address: 0		Bank: 0		Column: 0		Row: 0
TRACE-REQUEST:READ		548:		Address: 0		Bank: 0		Column: 0		Row: 0
TRACE-REQUEST:READ		552:		Address: 0		Bank: 0		Column: 0		Row: 0
TRACE-REQUEST:READ		556:		Address: 0		Bank: 0		Column: 0		Row: 0
TRACE-REQUEST:READ		560:		Address: 0		Bank: 0		Column: 0		Row: 0
TRACE-REQUEST:READ		564:		Address: 0		Bank: 0		Column: 0		Row: 0
TRACE-REQUEST:READ		568:		Address: 0		Bank: 0		Column: 0		Row: 0
TRACE-REQUEST:READ		572:		Address: 0		Bank: 0		Column: 0		Row: 0
TRACE-REQUEST:READ		576:		Address: 0		Bank: 0		Column: 0		Row: 0
TRACE-REQUEST:READ		580:		Address: 0		Bank: 0		Column: 0		Row: 0
TRACE-REQUEST:READ		584:		Address: 0		Bank: 0		Column: 0		Row: 0
TRACE-REQUEST:READ		588:		Address: 0		Bank: 0		Column: 0		Row: 0
TRACE-REQUEST:READ		592:		Address: 0		Bank: 0		Column: 0		Row: 0
TRACE-REQUEST:READ		596:		Address: 0		Bank: 0		Column: 0		Row: 0
TRACE-REQUEST:READ		600:		Address: 0		Bank: 0		Column: 0		Row: 0
TRACE-REQUEST:READ		604:		Address: 0		Bank: 0		Column: 0		Row: 0
TRACE-REQUEST:READ		608:		Address: 0		Bank: 0		Column: 0		Row: 0
TRACE-REQUEST:READ		612:		Address: 0		Bank: 0		Column: 0		Row: 0
TRACE-REQUEST:READ		616:		Address: 0		Bank: 0		Column: 0		Row: 0
TRACE-REQUEST:READ		620:		Address: 0		Bank: 0		Column: 0		Row: 0
TRACE-REQUEST:READ		624:		Address: 0		Bank: 0		Column: 0		Row: 0
TRACE-REQUEST:READ		628:		Address: 0		Bank: 0		Column: 0		Row: 0
TRACE-REQUEST:READ		632:		Address: 0		Bank: 0		Column: 0		Row: 0
TRACE-REQUEST:READ		636:		Address: 0		Bank: 0		Column: 0		Row: 0
TRACE-REQUEST:READ		640:		Address: 0		Bank: 0		Column: 0		Row: 0
TRACE-REQUEST:READ		644:		Address: 0		Bank: 0		Column: 0		Row: 0
TRACE-REQUEST:READ		648:		Address: 0		Bank: 0		Column: 0		Row: 0
TRACE-REQUEST:READ		652:		Address: 0		Bank: 0		Column: 0		Row: 0
TRACE-REQUEST:READ		656:		Address: 0		Bank: 0		Column: 0		Row: 0
TRACE-REQUEST:READ		660:		Address: 0		Bank: 0		Column: 0		Row: 0
TRACE-REQUEST:READ		664:		Address: 0		Bank: 0		Column: 0		Row: 0
TRACE-REQUEST:READ		668:		Address: 0		Bank: 0		Column: 0		Row: 0
TRACE-REQUEST:READ		672:		Address: 0		Bank: 0		Column: 0		Row: 0
TRACE-REQUEST:READ		676:		Address: 0		Bank: 0		Column: 0		Row: 0
TRACE-REQUEST:READ		680:		Address: 0		Bank: 0		Column: 0		Row: 0
TRACE-REQUEST:READ		684:		Address: 0		Bank: 0		Column: 0		Row: 0
TRACE-REQUEST:READ		688:		Address: 0		Bank: 0		Column: 0		Row: 0
TRACE-REQUEST:READ		692:		Address: 0		Bank: 0		Column: 0		Row: 0
TRACE-REQUEST:READ		696:		Address: 0		Bank: 0		Column: 0		Row: 0
TRACE-REQUEST:READ		700:		Address: 0		Bank: 0		Column: 0		Row: 0
TRACE-REQUEST:READ		704:		Address: 0		Bank: 0		Column: 0		Row: 0
TRACE-REQUEST:READ		708:		Address: 0		Bank: 0		Column: 0		Row: 0
TRACE-REQUEST:READ		712:		Address: 0		Bank: 0		Column: 0		Row: 0
TRACE-REQUEST:READ		716:		Address: 0		Bank: 0		Column: 0		Row: 0
TRACE-REQUEST:READ		720:		Address: 0		Bank: 0		Column: 0		Row: 0
TRACE-REQUEST:READ		724:		Address: 0		Bank: 0		Column: 0		Row: 0
TRACE-REQUEST:READ		728:		Address: 0		Bank: 0		Column: 0		Row: 0
TRACE-REQUEST:READ		732:		Address: 0		Bank: 0		Column: 0		Row: 0
TRACE-REQUEST:READ		736:		Address: 0		Bank: 0		Column: 0		Row: 0
TRACE-REQUEST:READ		740:		Address: 0		Bank: 0		Column: 0		Row: 0
TRACE-REQUEST:READ		744:		Address: 0		Bank: 0		Column: 0		Row: 0
TRACE-REQUEST:READ		748:		Address: 0		Bank: 0		Column: 0		Row: 0
TRACE-REQUEST:READ		752:		Address: 0		Bank: 0		Column: 0		Row: 0
TRACE-REQUEST:READ		756:		Address: 0		Bank: 0		Column: 0		Row: 0
TRACE-REQUEST:READ		760:		Address: 0		Bank: 0		Column: 0		Row: 0
TRACE-REQUEST:READ		764:		Address: 0		Bank: 0		Column: 0		Row: 0
TRACE-REQUEST:READ		768:		Address: 0		Bank: 0		Column: 0		Row: 0
TRACE-REQUEST:READ		772:		Address: 0		Bank: 0		Column: 0		Row: 0
TRACE-REQUEST:READ		776:		Address: 0		Bank: 0		Column: 0		Row: 0
TRACE-REQUEST:READ		780:		Address: 0		Bank: 0		Column: 0		Row: 0
TRACE-REQUEST:READ		784:		Address: 0		Bank: 0		Column: 0		Row: 0
TRACE-REQUEST:READ		788:		Address: 0		Bank: 0		Column: 0		Row: 0
TRACE-REQUEST:READ		792:		Address: 0		Bank: 0		Column: 0		Row: 0
TRACE-REQUEST:READ		796:		Address: 0		Bank: 0		Column: 0		Row: 0
TRACE-REQUEST:READ		800:		Address: 0		Bank: 0		Column: 0		Row: 0
TRACE-REQUEST:READ		804:		Address: 0		Bank: 0		Column: 0		Row: 0
TRACE-REQUEST:READ		808:		Address: 0		Bank: 0		Column: 0		Row: 0
TRACE-REQUEST:READ		812:		Address: 0		Bank: 0		Column: 0		Row: 0
TRACE-REQUEST:READ		816:		Address: 0		Bank: 0		Column: 0		Row: 0
TRACE-REQUEST:READ		820:		Address: 0		Bank: 0		Column: 0		Row: 0
TRACE-REQUEST:READ		824:		Address: 0		Bank: 0		Column: 0		Row: 0
TRACE-REQUEST:READ		828:		Address: 0		Bank: 0		Column: 0		Row: 0
TRACE-REQUEST:READ		832:		Address: 0		Bank: 0		Column: 0		Row: 0
TRACE-REQUEST:READ		836:		Address: 0		Bank: 0		Column: 0		Row: 0
TRACE-REQUEST:READ		840:		Address: 0		Bank: 0		Column: 0		Row: 0
TRACE-REQUEST:READ		844:		Address: 0		Bank: 0		Column: 0		Row: 0
TRACE-REQUEST:READ		848:		Address: 0		Bank: 0		Column: 0		Row: 0
TRACE-REQUEST:READ		852:		Address: 0		Bank: 0		Column: 0		Row: 0
TRACE-REQUEST:READ		856:		Address: 0		Bank: 0		Column: 0		Row: 0
TRACE-REQUEST:READ		860:		Address: 0		Bank: 0		Column: 0		Row: 0
TRACE-REQUEST:READ		864:		Address: 0		Bank: 0		Column: 0		Row: 0
TRACE-REQUEST:READ		868:		Address: 0		Bank: 0		Column: 0		Row: 0
TRACE-REQUEST:READ		872:		Address: 0		Bank: 0		Column: 0		Row: 0
TRACE-REQUEST:READ		876:		Address: 0		Bank: 0		Column: 0		Row: 0
TRACE-REQUEST:READ		880:		Address: 0		Bank: 0		Column: 0		Row: 0
TRACE-REQUEST:READ		884:		Address: 0		Bank: 0		Column: 0		Row: 0
TRACE-REQUEST:READ		888:		Address: 0		Bank: 0		Column: 0		Row: 0
TRACE-REQUEST:READ		892:		Address: 0		Bank: 0		Column: 0		Row: 0
TRACE-REQUEST:READ		896:		Address: 0		Bank: 0		Column: 0		Row: 0
TRACE-REQUEST:READ		900:		Address: 0		Bank: 0		Column: 0		Row: 0
TRACE-REQUEST:READ		904:		Address: 0		Bank: 0		Column: 0		Row: 0
TRACE-REQUEST:READ		908:		Address: 0		Bank: 0		Column: 0		Row: 0
TRACE-REQUEST:READ		912:		Address: 0		Bank: 0		Column: 0		Row: 0
TRACE-REQUEST:READ		916:		Address: 0		Bank: 0		Column: 0		Row: 0
TRACE-REQUEST:READ		920:		Address: 0		Bank: 0		Column: 0		Row: 0
TRACE-REQUEST:READ		924:		Address: 0		Bank: 0		Column: 0		Row: 0
TRACE-REQUEST:READ		928:		Address: 0		Bank: 0		Column: 0		Row: 0
TRACE-REQUEST:READ		932:		Address: 0		Bank: 0		Column: 0		Row: 0
TRACE-REQUEST:READ		936:		Address: 0		Bank: 0		Column: 0		Row: 0
TRACE-REQUEST:READ		940:		Address: 0		Bank: 0		Column: 0		Row: 0
TRACE-REQUEST:READ		944:		Address: 0		Bank: 0		Column: 0		Row: 0
TRACE-REQUEST:READ		948:		Address: 0		Bank: 0		Column: 0		Row: 0
TRACE-REQUEST:READ		952:		Address: 0		Bank: 0		Column: 0		Row: 0
TRACE-REQUEST:READ		956:		Address: 0		Bank: 0		Column: 0		Row: 0
TRACE-REQUEST:READ		960:		Address: 0		Bank: 0		Column: 0		Row: 0
TRACE-REQUEST:READ		964:		Address: 0		Bank: 0		Column: 0		Row: 0
TRACE-REQUEST:READ		968:		Address: 0		Bank: 0		Column: 0		Row: 0
TRACE-REQUEST:READ		972:		Address: 0		Bank: 0		Column: 0		Row: 0
TRACE-REQUEST:READ		976:		Address: 0		Bank: 0		Column: 0		Row: 0
TRACE-REQUEST:READ		980:		Address: 0		Bank: 0		Column: 0		Row: 0
TRACE-REQUEST:READ		984:		Address: 0		Bank: 0		Column: 0		Row: 0
TRACE-REQUEST:READ		988:		Address: 0		Bank: 0		Column: 0		Row: 0
TRACE-REQUEST:READ		992:		Address: 0		Bank: 0		Column: 0		Row: 0
TRACE-REQUEST:READ		996:		Address: 0		Bank: 0		Column: 0		Row: 0
TRACE-REQUEST:READ		1000:		Address: 0		Bank: 0		Column: 0		Row: 0
TRACE-REQUEST:READ		1004:		Address: 0		Bank: 0		Column: 0		Row: 0
TRACE-REQUEST:READ		1008:		Address: 0		Bank: 0		Column: 0		Row: 0
TRACE-REQUEST:READ		1012:		Address: 0		Bank: 0		Column: 0		Row: 0
TRACE-REQUEST:READ		1016:		Address: 0		Bank: 0		Column: 0		Row: 0
TRACE-REQUEST:READ		1020:		Address: 0		Bank: 0		Column: 0		Row: 0
TRACE-REQUEST:READ		1024:		Address: 0		Bank: 0		Column: 0		Row: 0
TRACE-REQUEST:READ		1028:		Address: 0		Bank: 0		Column: 0		Row: 0
TRACE-REQUEST:READ		1032:		Address: 0		Bank: 0		Column: 0		Row: 0
TRACE-REQUEST:READ		1036:		Address: 0		Bank: 0		Column: 0		Row: 0
TRACE-REQUEST:READ		1040:		Address: 0		Bank: 0		Column: 0		Row: 0
TRACE-REQUEST:READ		1044:		Address: 0		Bank: 0		Column: 0		Row: 0
TRACE-REQUEST:READ		1048:		Address: 0		Bank: 0		Column: 0		Row: 0
TRACE-REQUEST:READ		1052:		Address: 0		Bank: 0		Column: 0		Row: 0
TRACE-REQUEST:READ		1056:		Address: 0		Bank: 0		Column: 0		Row: 0
TRACE-REQUEST:READ		1060:		Address: 0		Bank: 0		Column: 0		Row: 0
TRACE-REQUEST:READ		1064:		Address: 0		Bank: 0		Column: 0		Row: 0
TRACE-REQUEST:READ		1068:		Address: 0		Bank: 0		Column: 0		Row: 0
TRACE-REQUEST:READ		1072:		Address: 0		Bank: 0		Column: 0		Row: 0
TRACE-REQUEST:READ		1076:		Address: 0		Bank: 0		Column: 0		Row: 0
TRACE-REQUEST:READ		1080:		Address: 0		Bank: 0		Column: 0		Row: 0
TRACE-REQUEST:READ		1084:		Address: 0		Bank: 0		Column: 0		Row: 0
TRACE-REQUEST:READ		1088:		Address: 0		Bank: 0		Column: 0		Row: 0
TRACE-REQUEST:READ		1092:		Address: 0		Bank: 0		Column: 0		Row: 0
TRACE-REQUEST:READ		1096:		Address: 0		Bank: 0		Column: 0		Row: 0
TRACE-REQUEST:READ		1100:		Address: 0		Bank: 0		Column: 0		Row: 0
TRACE-REQUEST:READ		1104:		Address: 0		Bank: 0		Column: 0		Row: 0
TRACE-REQUEST:READ		1108:		Address: 0		Bank: 0		Column: 0		Row: 0
TRACE-REQUEST:READ		1112:		Address: 0		Bank: 0		Column: 0		Row: 0
TRACE-REQUEST:READ		1116:		Address: 0		Bank: 0		Column: 0		Row: 0
TRACE-REQUEST:READ		1120:		Address: 0		Bank: 0		Column: 0		Row: 0
TRACE-REQUEST:READ		1124:		Address: 0		Bank: 0		Column: 0		Row: 0
TRACE-REQUEST:READ		1128:		Address: 0		Bank: 0		Column: 0		Row: 0
TRACE-REQUEST:READ		1132:		Address: 0		Bank: 0		Column: 0		Row: 0
TRACE-REQUEST:READ		1136:		Address: 0		Bank: 0		Column: 0		Row: 0
TRACE-REQUEST:READ		1140:		Address: 0		Bank: 0		Column: 0		Row: 0
TRACE-REQUEST:READ		1144:		Address: 0		Bank: 0		Column: 0		Row: 0
TRACE-REQUEST:READ		1148:		Address: 0		Bank: 0		Column: 0		Row: 0
TRACE-REQUEST:READ		1152:		Address: 0		Bank: 0		Column: 0		Row: 0
TRACE-REQUEST:READ		1156:		Address: 0		Bank: 0		Column: 0		Row: 0
TRACE-REQUEST:READ		1160:		Address: 0		Bank: 0		Column: 0		Row: 0
TRACE-REQUEST:READ		1164:		Address: 0		Bank: 0		Column: 0		Row: 0
TRACE-REQUEST:READ		1168:		Address: 0		Bank: 0		Column: 0		Row: 0
TRACE-REQUEST:READ		1172:		Address: 0		Bank: 0		Column: 0		Row: 0
TRACE-REQUEST:READ		1176:		Address: 0		Bank: 0		Column: 0		Row: 0
TRACE-REQUEST:READ		1180:		Address: 0		Bank: 0		Column: 0		Row: 0
TRACE-REQUEST:READ		1184:		Address: 0		Bank: 0		Column: 0		Row: 0
TRACE-REQUEST:READ		1188:		Address: 0		Bank: 0		Column: 0		Row: 0
TRACE-REQUEST:READ		1192:		Address: 0		Bank: 0		Column: 0		Row: 0
TRACE-REQUEST:READ		1196:		Address: 0		Bank: 0		Column: 0		Row: 0
TRACE-REQUEST:READ		1200:		Address: 0		Bank: 0		Column: 0		Row: 0
TRACE-REQUEST:READ		1204:		Address: 0		Bank: 0		Column: 0		Row: 0
TRACE-REQUEST:READ		1208:		Address: 0		Bank: 0		Column: 0		Row: 0
TRACE-REQUEST:READ		1212:		Address: 0		Bank: 0		Column: 0		Row: 0
TRACE-REQUEST:READ		1216:		Address: 0		Bank: 0		Column: 0		Row: 0
TRACE-REQUEST:READ		1220:		Address: 0		Bank: 0		Column: 0		Row: 0
TRACE-REQUEST:READ		1224:		Address: 0		Bank: 0		Column: 0		Row: 0
TRACE-REQUEST:READ		1228:		Address: 0		Bank: 0		Column: 0		Row: 0
TRACE-REQUEST:READ		1232:		Address: 0		Bank: 0		Column: 0		Row: 0
TRACE-REQUEST:READ		1236:		Address: 0		Bank: 0		Column: 0		Row: 0
TRACE-REQUEST:READ		1240:		Address: 0		Bank: 0		Column: 0		Row: 0
TRACE-REQUEST:READ		1244:		Address: 0		Bank: 0		Column: 0		Row: 0
TRACE-REQUEST:READ		1248:		Address: 0		Bank: 0		Column: 0		Row: 0
TRACE-REQUEST:READ		1252:		Address: 0		Bank: 0		Column: 0		Row: 0
TRACE-REQUEST:READ		1256:		Address: 0		Bank: 0		Column: 0		Row: 0
TRACE-REQUEST:READ		1260:		Address: 0		Bank: 0		Column: 0		Row: 0
TRACE-REQUEST:READ		1264:		Address: 0		Bank: 0		Column: 0		Row: 0
TRACE-REQUEST:READ		1268:		Address: 0		Bank: 0		Column: 0		Row: 0
TRACE-REQUEST:READ		1272:		Address: 0		Bank: 0		Column: 0		Row: 0
TRACE-REQUEST:READ		1276:		Address: 0		Bank: 0		Column: 0		Row: 0
TRACE-REQUEST:READ		1280:		Address: 0		Bank: 0		Column: 0		Row: 0
TRACE-REQUEST:READ		1284:		Address: 0		Bank: 0		Column: 0		Row: 0
TRACE-REQUEST:READ		1288:		Address: 0		Bank: 0		Column: 0		Row: 0
TRACE-REQUEST:READ		1292:		Address: 0		Bank: 0		Column: 0		Row: 0
TRACE-REQUEST:READ		1296:		Address: 0		Bank: 0		Column: 0		Row: 0
TRACE-REQUEST:READ		1300:		Address: 0		Bank: 0		Column: 0		Row: 0
TRACE-REQUEST:READ		1304:		Address: 0		Bank: 0		Column: 0		Row: 0
TRACE-REQUEST:READ		1308:		Address: 0		Bank: 0		Column: 0		Row: 0
TRACE-REQUEST:READ		1312:		Address: 0		Bank: 0		Column: 0		Row: 0
TRACE-REQUEST:READ		1316:		Address: 0		Bank: 0		Column: 0		Row: 0
TRACE-REQUEST:READ		1320:		Address: 0		Bank: 0		Column: 0		Row: 0
TRACE-REQUEST:READ		1324:		Address: 0		Bank: 0		Column: 0		Row: 0
TRACE-REQUEST:READ		1328:		Address: 0		Bank: 0		Column: 0		Row: 0
TRACE-REQUEST:READ		1332:		Address: 0		Bank: 0		Column: 0		Row: 0
TRACE-REQUEST:READ		1336:		Address: 0		Bank: 0		Column: 0		Row: 0
TRACE-REQUEST:READ		1340:		Address: 0		Bank: 0		Column: 0		Row: 0
TRACE-REQUEST:READ		1344:		Address: 0		Bank: 0		Column: 0		Row: 0
TRACE-REQUEST:READ		1348:		Address: 0		Bank: 0		Column: 0		Row: 0
TRACE-REQUEST:READ		1352:		Address: 0		Bank: 0		Column: 0		Row: 0
TRACE-REQUEST:READ		1356:		Address: 0		Bank: 0		Column: 0		Row: 0
TRACE-REQUEST:READ		1360:		Address: 0		Bank: 0		Column: 0		Row: 0
TRACE-REQUEST:READ		1364:		Address: 0		Bank: 0		Column: 0		Row: 0
TRACE-REQUEST:READ		1368:		Address: 0		Bank: 0		Column: 0		Row: 0
TRACE-REQUEST:READ		1372:		Address: 0		Bank: 0		Column: 0		Row: 0
TRACE-REQUEST:READ		1376:		Address: 0		Bank: 0		Column: 0		Row: 0
TRACE-REQUEST:READ		1380:		Address: 0		Bank: 0		Column: 0		Row: 0
TRACE-REQUEST:READ		1384:		Address: 0		Bank: 0		Column: 0		Row: 0
TRACE-REQUEST:READ		1388:		Address: 0		Bank: 0		Column: 0		Row: 0
TRACE-REQUEST:READ		1392:		Address: 0		Bank: 0		Column: 0		Row: 0
TRACE-REQUEST:READ		1396:		Address: 0		Bank: 0		Column: 0		Row: 0
TRACE-REQUEST:READ		1400:		Address: 0		Bank: 0		Column: 0		Row: 0
TRACE-REQUEST:READ		1404:		Address: 0		Bank: 0		Column: 0		Row: 0
TRACE-REQUEST:READ		1408:		Address: 0		Bank: 0		Column: 0		Row: 0
TRACE-REQUEST:READ		1412:		Address: 0		Bank: 0		Column: 0		Row: 0
TRACE-REQUEST:READ		1416:		Address: 0		Bank: 0		Column: 0		Row: 0
TRACE-REQUEST:READ		1420:		Address: 0		Bank: 0		Column: 0		Row: 0
TRACE-REQUEST:READ		1424:		Address: 0		Bank: 0		Column: 0		Row: 0
TRACE-REQUEST:READ		1428:		Address: 0		Bank: 0		Column: 0		Row: 0
TRACE-REQUEST:READ		1432:		Address: 0		Bank: 0		Column: 0		Row: 0
TRACE-REQUEST:READ		1436:		Address: 0		Bank: 0		Column: 0		Row: 0
TRACE-REQUEST:READ		1440:		Address: 0		Bank: 0		Column: 0		Row: 0
TRACE-REQUEST:READ		1444:		Address: 0		Bank: 0		Column: 0		Row: 0
TRACE-REQUEST:READ		1448:		Address: 0		Bank: 0		Column: 0		Row: 0
TRACE-REQUEST:READ		1452:		Address: 0		Bank: 0		Column: 0		Row: 0
TRACE-REQUEST:READ		1456:		Address: 0		Bank: 0		Column: 0		Row: 0
TRACE-REQUEST:READ		1460:		Address: 0		Bank: 0		Column: 0		Row: 0
TRACE-REQUEST:READ		1464:		Address: 0		Bank: 0		Column: 0		Row: 0
TRACE-REQUEST:READ		1468:		Address: 0		Bank: 0		Column: 0		Row: 0
TRACE-REQUEST:READ		1472:		Address: 0		Bank: 0		Column: 0		Row: 0
TRACE-REQUEST:READ		1476:		Address: 0		Bank: 0		Column: 0		Row: 0
TRACE-REQUEST:READ		1480:		Address: 0		Bank: 0		Column: 0		Row: 0
TRACE-REQUEST:READ		1484:		Address: 0		Bank: 0		Column: 0		Row: 0
TRACE-REQUEST:READ		1488:		Address: 0		Bank: 0		Column: 0		Row: 0
TRACE-REQUEST:READ		1492:		Address: 0		Bank: 0		Column: 0		Row: 0
TRACE-REQUEST:READ		1496:		Address: 0		Bank: 0		Column: 0		Row: 0
TRACE-REQUEST:READ		1500:		Address: 0		Bank: 0		Column: 0		Row: 0
TRACE-REQUEST:READ		1504:		Address: 0		Bank: 0		Column: 0		Row: 0
TRACE-REQUEST:READ		1508:		Address: 0		Bank: 0		Column: 0		Row: 0
TRACE-REQUEST:READ		1512:		Address: 0		Bank: 0		Column: 0		Row: 0
TRACE-REQUEST:READ		1516:		Address: 0		Bank: 0		Column: 0		Row: 0
TRACE-REQUEST:READ		1520:		Address: 0		Bank: 0		Column: 0		Row: 0
TRACE-REQUEST:READ		1524:		Address: 0		Bank: 0		Column: 0		Row: 0
TRACE-REQUEST:READ		1528:		Address: 0		Bank: 0		Column: 0		Row: 0
TRACE-REQUEST:READ		1532:		Address: 0		Bank: 0		Column: 0		Row: 0
TRACE-REQUEST:READ		1536:		Address: 0		Bank: 0		Column: 0		Row: 0
TRACE-REQUEST:READ		1540:		Address: 0		Bank: 0		Column: 0		Row: 0
TRACE-REQUEST:READ		1544:		Address: 0		Bank: 0		Column: 0		Row: 0
TRACE-REQUEST:READ		1548:		Address: 0		Bank: 0		Column: 0		Row: 0
TRACE-REQUEST:READ		1552:		Address: 0		Bank: 0		Column: 0		Row: 0
TRACE-REQUEST:READ		1556:		Address: 0		Bank: 0		Column: 0		Row: 0
TRACE-REQUEST:READ		1560:		Address: 0		Bank: 0		Column: 0		Row: 0
TRACE-REQUEST:READ		1564:		Address: 0		Bank: 0		Column: 0		Row: 0
TRACE-REQUEST:READ		1568:		Address: 0		Bank: 0		Column: 0		Row: 0
TRACE-REQUEST:READ		1572:		Address: 0		Bank: 0		Column: 0		Row: 0
TRACE-REQUEST:READ		1576:		Address: 0		Bank: 0		Column: 0		Row: 0
TRACE-REQUEST:READ		1580:		Address: 0		Bank: 0		Column: 0		Row: 0
TRACE-REQUEST:READ		1584:		Address: 0		Bank: 0		Column: 0		Row: 0
TRACE-REQUEST:READ		1588:		Address: 0		Bank: 0		Column: 0		Row: 0
TRACE-REQUEST:READ		1592:		Address: 0		Bank: 0		Column: 0		Row: 0
TRACE-REQUEST:READ		1596:		Address: 0		Bank: 0		Column: 0		Row: 0
TRACE-REQUEST:READ		1600:		Address: 0		Bank: 0		Column: 0		Row: 0
TRACE-REQUEST:READ		1604:		Address: 0		Bank: 0		Column: 0		Row: 0
TRACE-REQUEST:READ		1608:		Address: 0		Bank: 0		Column: 0		Row: 0
TRACE-REQUEST:READ		1612:		Address: 0		Bank: 0		Column: 0		Row: 0
TRACE-REQUEST:READ		1616:		Address: 0		Bank: 0		Column: 0		Row: 0
TRACE-REQUEST:READ		1620:		Address: 0		Bank: 0		Column: 0		Row: 0
TRACE-REQUEST:READ		1624:		Address: 0		Bank: 0		Column: 0		Row: 0
TRACE-REQUEST:READ		1628:		Address: 0		Bank: 0		Column: 0		Row: 0
TRACE-REQUEST:READ		1632:		Address: 0		Bank: 0		Column: 0		Row: 0
TRACE-REQUEST:READ		1636:		Address: 0		Bank: 0		Column: 0		Row: 0
TRACE-REQUEST:READ		1640:		Address: 0		Bank: 0		Column: 0		Row: 0
TRACE-REQUEST:READ		1644:		Address: 0		Bank: 0		Column: 0		Row: 0
TRACE-REQUEST:READ		1648:		Address: 0		Bank: 0		Column: 0		Row: 0
TRACE-REQUEST:READ		1652:		Address: 0		Bank: 0		Column: 0		Row: 0
TRACE-REQUEST:READ		1656:		Address: 0		Bank: 0		Column: 0		Row: 0
TRACE-REQUEST:READ		1660:		Address: 0		Bank: 0		Column: 0		Row: 0
TRACE-REQUEST:READ		1664:		Address: 0		Bank: 0		Column: 0		Row: 0
TRACE-REQUEST:READ		1668:		Address: 0		Bank: 0		Column: 0		Row: 0
TRACE-REQUEST:READ		1672:		Address: 0		Bank: 0		Column: 0		Row: 0
TRACE-REQUEST:READ		1676:		Address: 0		Bank: 0		Column: 0		Row: 0
TRACE-REQUEST:READ		1680:		Address: 0		Bank: 0		Column: 0		Row: 0
TRACE-REQUEST:READ		1684:		Address: 0		Bank: 0		Column: 0		Row: 0
TRACE-REQUEST:READ		1688:		Address: 0		Bank: 0		Column: 0		Row: 0
TRACE-REQUEST:READ		1692:		Address: 0		Bank: 0		Column: 0		Row: 0
TRACE-REQUEST:READ		1696:		Address: 0		Bank: 0		Column: 0		Row: 0
TRACE-REQUEST:READ		1700:		Address: 0		Bank: 0		Column: 0		Row: 0
TRACE-REQUEST:READ		1704:		Address: 0		Bank: 0		Column: 0		Row: 0
TRACE-REQUEST:READ		1708:		Address: 0		Bank: 0		Column: 0		Row: 0
TRACE-REQUEST:READ		1712:		Address: 0		Bank: 0		Column: 0		Row: 0
TRACE-REQUEST:READ		1716:		Address: 0		Bank: 0		Column: 0		Row: 0
TRACE-REQUEST:READ		1720:		Address: 0		Bank: 0		Column: 0		Row: 0
TRACE-REQUEST:READ		1724:		Address: 0		Bank: 0		Column: 0		Row: 0
TRACE-REQUEST:READ		1728:		Address: 0		Bank: 0		Column: 0		Row: 0
TRACE-REQUEST:READ		1732:		Address: 0		Bank: 0		Column: 0		Row: 0
TRACE-REQUEST:READ		1736:		Address: 0		Bank: 0		Column: 0		Row: 0
TRACE-REQUEST:READ		1740:		Address: 0		Bank: 0		Column: 0		Row: 0
TRACE-REQUEST:READ		1744:		Address: 0		Bank: 0		Column: 0		Row: 0
TRACE-REQUEST:READ		1748:		Address: 0		Bank: 0		Column: 0		Row: 0
TRACE-REQUEST:READ		1752:		Address: 0		Bank: 0		Column: 0		Row: 0
TRACE-REQUEST:READ		1756:		Address: 0		Bank: 0		Column: 0		Row: 0
TRACE-REQUEST:READ		1760:		Address: 0		Bank: 0		Column: 0		Row: 0
TRACE-REQUEST:READ		1764:		Address: 0		Bank: 0		Column: 0		Row: 0
TRACE-REQUEST:READ		1768:		Address: 0		Bank: 0		Column: 0		Row: 0
TRACE-REQUEST:READ		1772:		Address: 0		Bank: 0		Column: 0		Row: 0
TRACE-REQUEST:READ		1776:		Address: 0		Bank: 0		Column: 0		Row: 0
TRACE-REQUEST:READ		1780:		Address: 0		Bank: 0		Column: 0		Row: 0
TRACE-REQUEST:READ		1784:		Address: 0		Bank: 0		Column: 0		Row: 0
TRACE-REQUEST:READ		1788:		Address: 0		Bank: 0		Column: 0		Row: 0
TRACE-REQUEST:READ		1792:		Address: 0		Bank: 0		Column: 0		Row: 0
TRACE-REQUEST:READ		1796:		Address: 0		Bank: 0		Column: 0		Row: 0
TRACE-REQUEST:READ		1800:		Address: 0		Bank: 0		Column: 0		Row: 0
TRACE-REQUEST:READ		1804:		Address: 0		Bank: 0		Column: 0		Row: 0
TRACE-REQUEST:READ		1808:		Address: 0		Bank: 0		Column: 0		Row: 0
TRACE-REQUEST:READ		1812:		Address: 0		Bank: 0		Column: 0		Row: 0
TRACE-REQUEST:READ		1816:		Address: 0		Bank: 0		Column: 0		Row: 0
TRACE-REQUEST:READ		1820:		Address: 0		Bank: 0		Column: 0		Row: 0
TRACE-REQUEST:READ		1824:		Address: 0		Bank: 0		Column: 0		Row: 0
TRACE-REQUEST:READ		1828:		Address: 0		Bank: 0		Column: 0		Row: 0
TRACE-REQUEST:READ		1832:		Address: 0		Bank: 0		Column: 0		Row: 0
TRACE-REQUEST:READ		1836:		Address: 0		Bank: 0		Column: 0		Row: 0
TRACE-REQUEST:READ		1840:		Address: 0		Bank: 0		Column: 0		Row: 0
TRACE-REQUEST:READ		1844:		Address: 0		Bank: 0		Column: 0		Row: 0
TRACE-REQUEST:READ		1848:		Address: 0		Bank: 0		Column: 0		Row: 0
TRACE-REQUEST:READ		1852:		Address: 0		Bank: 0		Column: 0		Row: 0
TRACE-REQUEST:READ		1856:		Address: 0		Bank: 0		Column: 0		Row: 0
TRACE-REQUEST:READ		1860:		Address: 0		Bank: 0		Column: 0		Row: 0
TRACE-REQUEST:READ		1864:		Address: 0		Bank: 0		Column: 0		Row: 0
TRACE-REQUEST:READ		1868:		Address: 0		Bank: 0		Column: 0		Row: 0
TRACE-REQUEST:READ		1872:		Address: 0		Bank: 0		Column: 0		Row: 0
TRACE-REQUEST:READ		1876:		Address: 0		Bank: 0		Column: 0		Row: 0
TRACE-REQUEST:READ		1880:		Address: 0		Bank: 0		Column: 0		Row: 0
TRACE-REQUEST:READ		1884:		Address: 0		Bank: 0		Column: 0		Row: 0
TRACE-REQUEST:READ		1888:		Address: 0		Bank: 0		Column: 0		Row: 0
TRACE-REQUEST:READ		1892:		Address: 0		Bank: 0		Column: 0		Row: 0
TRACE-REQUEST:READ		1896:		Address: 0		Bank: 0		Column: 0		Row: 0
TRACE-REQUEST:READ		1900:		Address: 0		Bank: 0		Column: 0		Row: 0
TRACE-REQUEST:READ		1904:		Address: 0		Bank: 0		Column: 0		Row: 0
TRACE-REQUEST:READ		1908:		Address: 0		Bank: 0		Column: 0		Row: 0
TRACE-REQUEST:READ		1912:		Address: 0		Bank: 0		Column: 0		Row: 0
TRACE-REQUEST:READ		1916:		Address: 0		Bank: 0		Column: 0		Row: 0
TRACE-REQUEST:READ		1920:		Address: 0		Bank: 0		Column: 0		Row: 0
TRACE-REQUEST:READ		1924:		Address: 0		Bank: 0		Column: 0		Row: 0
TRACE-REQUEST:READ		1928:		Address: 0		Bank: 0		Column: 0		Row: 0
TRACE-REQUEST:READ		1932:		Address: 0		Bank: 0		Column: 0		Row: 0
TRACE-REQUEST:READ		1936:		Address: 0		Bank: 0		Column: 0		Row: 0
TRACE-REQUEST:READ		1940:		Address: 0		Bank: 0		Column: 0		Row: 0
TRACE-REQUEST:READ		1944:		Address: 0		Bank: 0		Column: 0		Row: 0
TRACE-REQUEST:READ		1948:		Address: 0		Bank: 0		Column: 0		Row: 0
TRACE-REQUEST:READ		1952:		Address: 0		Bank: 0		Column: 0		Row: 0
TRACE-REQUEST:READ		1956:		Address: 0		Bank: 0		Column: 0		Row: 0
TRACE-REQUEST:READ		1960:		Address: 0		Bank: 0		Column: 0		Row: 0
TRACE-REQUEST:READ		1964:		Address: 0		Bank: 0		Column: 0		Row: 0
TRACE-REQUEST:READ		1968:		Address: 0		Bank: 0		Column: 0		Row: 0
TRACE-REQUEST:READ		1972:		Address: 0		Bank: 0		Column: 0		Row: 0
TRACE-REQUEST:READ		1976:		Address: 0		Bank: 0		Column: 0		Row: 0
TRACE-REQUEST:READ		1980:		Address: 0		Bank: 0		Column: 0		Row: 0
TRACE-REQUEST:READ		1984:		Address: 0		Bank: 0		Column: 0		Row: 0
TRACE-REQUEST:READ		1988:		Address: 0		Bank: 0		Column: 0		Row: 0
TRACE-REQUEST:READ		1992:		Address: 0		Bank: 0		Column: 0		Row: 0
TRACE-REQUEST:READ		1996:		Address: 0		Bank: 0		Column: 0		Row: 0
TRACE-REQUEST:READ		2000:		Address: 0		Bank: 0		Column: 0		Row: 0
TRACE-REQUEST:READ		2004:		Address: 0		Bank: 0		Column: 0		Row: 0
TRACE-REQUEST:READ		2008:		Address: 0		Bank: 0		Column: 0		Row: 0
TRACE-REQUEST:READ		2012:		Address: 0		Bank: 0		Column: 0		Row: 0
TRACE-REQUEST:READ		2016:		Address: 0		Bank: 0		Column: 0		Row: 0
TRACE-REQUEST:READ		2020:		Address: 0		Bank: 0		Column: 0		Row: 0
TRACE-REQUEST:READ		2024:		Address: 0		Bank: 0		Column: 0		Row: 0
TRACE-REQUEST:READ		2028:		Address: 0		Bank: 0		Column: 0		Row: 0
TRACE-REQUEST:READ		2032:		Address: 0		Bank: 0		Column: 0		Row: 0
TRACE-REQUEST:READ		2036:		Address: 0		Bank: 0		Column: 0		Row: 0
TRACE-REQUEST:READ		2040:		Address: 0		Bank: 0		Column: 0		Row: 0
TRACE-REQUEST:READ		2044:		Address: 0		Bank: 0		Column: 0		Row: 0
TRACE-REQUEST:READ		2048:		Address: 0		Bank: 0		Column: 0		Row: 0
TRACE-REQUEST:READ		2052:		Address: 0		Bank: 0		Column: 0		Row: 0
TRACE-REQUEST:READ		2056:		Address: 0		Bank: 0		Column: 0		Row: 0
TRACE-REQUEST:READ		2060:		Address: 0		Bank: 0		Column: 0		Row: 0
TRACE-REQUEST:READ		2064:		Address: 0		Bank: 0		Column: 0		Row: 0
TRACE-REQUEST:READ		2068:		Address: 0		Bank: 0		Column: 0		Row: 0
TRACE-REQUEST:READ		2072:		Address: 0		Bank: 0		Column: 0		Row: 0
TRACE-REQUEST:READ		2076:		Address: 0		Bank: 0		Column: 0		Row: 0
TRACE-REQUEST:READ		2080:		Address: 0		Bank: 0		Column: 0		Row: 0
TRACE-REQUEST:READ		2084:		Address: 0		Bank: 0		Column: 0		Row: 0
TRACE-REQUEST:READ		2088:		Address: 0		Bank: 0		Column: 0		Row: 0
TRACE-REQUEST:READ		2092:		Address: 0		Bank: 0		Column: 0		Row: 0
TRACE-REQUEST:READ		2096:		Address: 0		Bank: 0		Column: 0		Row: 0
TRACE-REQUEST:READ		2100:		Address: 0		Bank: 0		Column: 0		Row: 0
TRACE-REQUEST:READ		2104:		Address: 0		Bank: 0		Column: 0		Row: 0
TRACE-REQUEST:READ		2108:		Address: 0		Bank: 0		Column: 0		Row: 0
TRACE-REQUEST:READ		2112:		Address: 0		Bank: 0		Column: 0		Row: 0
TRACE-REQUEST:READ		2116:		Address: 0		Bank: 0		Column: 0		Row: 0
TRACE-REQUEST:READ		2120:		Address: 0		Bank: 0		Column: 0		Row: 0
TRACE-REQUEST:READ		2124:		Address: 0		Bank: 0		Column: 0		Row: 0
TRACE-REQUEST:READ		2128:		Address: 0		Bank: 0		Column: 0		Row: 0
TRACE-REQUEST:READ		2132:		Address: 0		Bank: 0		Column: 0		Row: 0
TRACE-REQUEST:READ		2136:		Address: 0		Bank: 0		Column: 0		Row: 0
TRACE-REQUEST:READ		2140:		Address: 0		Bank: 0		Column: 0		Row: 0
TRACE-REQUEST:READ		2144:		Address: 0		Bank: 0		Column: 0		Row: 0
TRACE-REQUEST:READ		2148:		Address: 0		Bank: 0		Column: 0		Row: 0
TRACE-REQUEST:READ		2152:		Address: 0		Bank: 0		Column: 0		Row: 0
TRACE-REQUEST:READ		2156:		Address: 0		Bank: 0		Column: 0		Row: 0
TRACE-REQUEST:READ		2160:		Address: 0		Bank: 0		Column: 0		Row: 0
TRACE-REQUEST:READ		2164:		Address: 0		Bank: 0		Column: 0		Row: 0
TRACE-REQUEST:READ		2168:		Address: 0		Bank: 0		Column: 0		Row: 0
TRACE-REQUEST:READ		2172:		Address: 0		Bank: 0		Column: 0		Row: 0
TRACE-REQUEST:READ		2176:		Address: 0		Bank: 0		Column: 0		Row: 0
TRACE-REQUEST:READ		2180:		Address: 0		Bank: 0		Column: 0		Row: 0
TRACE-REQUEST:READ		2184:		Address: 0		Bank: 0		Column: 0		Row: 0
TRACE-REQUEST:READ		2188:		Address: 0		Bank: 0		Column: 0		Row: 0
TRACE-REQUEST:READ		2192:		Address: 0		Bank: 0		Column: 0		Row: 0
TRACE-REQUEST:READ		2196:		Address: 0		Bank: 0		Column: 0		Row: 0
TRACE-REQUEST:READ		2200:		Address: 0		Bank: 0		Column: 0		Row: 0
TRACE-REQUEST:READ		2204:		Address: 0		Bank: 0		Column: 0		Row: 0
TRACE-REQUEST:READ		2208:		Address: 0		Bank: 0		Column: 0		Row: 0
TRACE-REQUEST:READ		2212:		Address: 0		Bank: 0		Column: 0		Row: 0
TRACE-REQUEST:READ		2216:		Address: 0		Bank: 0		Column: 0		Row: 0
TRACE-REQUEST:READ		2220:		Address: 0		Bank: 0		Column: 0		Row: 0
TRACE-REQUEST:READ		2224:		Address: 0		Bank: 0		Column: 0		Row: 0
TRACE-REQUEST:READ		2228:		Address: 0		Bank: 0		Column: 0		Row: 0
TRACE-REQUEST:READ		2232:		Address: 0		Bank: 0		Column: 0		Row: 0
TRACE-REQUEST:READ		2236:		Address: 0		Bank: 0		Column: 0		Row: 0
TRACE-REQUEST:READ		2240:		Address: 0		Bank: 0		Column: 0		Row: 0
TRACE-REQUEST:READ		2244:		Address: 0		Bank: 0		Column: 0		Row: 0
TRACE-REQUEST:READ		2248:		Address: 0		Bank: 0		Column: 0		Row: 0
TRACE-REQUEST:READ		2252:		Address: 0		Bank: 0		Column: 0		Row: 0
TRACE-REQUEST:READ		2256:		Address: 0		Bank: 0		Column: 0		Row: 0
TRACE-REQUEST:READ		2260:		Address: 0		Bank: 0		Column: 0		Row: 0
TRACE-REQUEST:READ		2264:		Address: 0		Bank: 0		Column: 0		Row: 0
TRACE-REQUEST:READ		2268:		Address: 0		Bank: 0		Column: 0		Row: 0
TRACE-REQUEST:READ		2272:		Address: 0		Bank: 0		Column: 0		Row: 0
TRACE-REQUEST:READ		2276:		Address: 0		Bank: 0		Column: 0		Row: 0
TRACE-REQUEST:READ		2280:		Address: 0		Bank: 0		Column: 0		Row: 0
TRACE-REQUEST:READ		2284:		Address: 0		Bank: 0		Column: 0		Row: 0
TRACE-REQUEST:READ		2288:		Address: 0		Bank: 0		Column: 0		Row: 0
TRACE-REQUEST:READ		2292:		Address: 0		Bank: 0		Column: 0		Row: 0
TRACE-REQUEST:READ		2296:		Address: 0		Bank: 0		Column: 0		Row: 0
TRACE-REQUEST:READ		2300:		Address: 0		Bank: 0		Column: 0		Row: 0
TRACE-REQUEST:READ		2304:		Address: 0		Bank: 0		Column: 0		Row: 0
TRACE-REQUEST:READ		2308:		Address: 0		Bank: 0		Column: 0		Row: 0
TRACE-REQUEST:READ		2312:		Address: 0		Bank: 0		Column: 0		Row: 0
TRACE-REQUEST:READ		2316:		Address: 0		Bank: 0		Column: 0		Row: 0
TRACE-REQUEST:READ		2320:		Address: 0		Bank: 0		Column: 0		Row: 0
TRACE-REQUEST:READ		2324:		Address: 0		Bank: 0		Column: 0		Row: 0
TRACE-REQUEST:READ		2328:		Address: 0		Bank: 0		Column: 0		Row: 0
TRACE-REQUEST:READ		2332:		Address: 0		Bank: 0		Column: 0		Row: 0
TRACE-REQUEST:READ		2336:		Address: 0		Bank: 0		Column: 0		Row: 0
TRACE-REQUEST:READ		2340:		Address: 0		Bank: 0		Column: 0		Row: 0
TRACE-REQUEST:READ		2344:		Address: 0		Bank: 0		Column: 0		Row: 0
TRACE-REQUEST:READ		2348:		Address: 0		Bank: 0		Column: 0		Row: 0
TRACE-REQUEST:READ		2352:		Address: 0		Bank: 0		Column: 0		Row: 0
TRACE-REQUEST:READ		2356:		Address: 0		Bank: 0		Column: 0		Row: 0
TRACE-REQUEST:READ		2360:		Address: 0		Bank: 0		Column: 0		Row: 0
TRACE-REQUEST:READ		2364:		Address: 0		Bank: 0		Column: 0		Row: 0
TRACE-REQUEST:READ		2368:		Address: 0		Bank: 0		Column: 0		Row: 0
TRACE-REQUEST:READ		2372:		Address: 0		Bank: 0		Column: 0		Row: 0
TRACE-REQUEST:READ		2376:		Address: 0		Bank: 0		Column: 0		Row: 0
TRACE-REQUEST:READ		2380:		Address: 0		Bank: 0		Column: 0		Row: 0
TRACE-REQUEST:READ		2384:		Address: 0		Bank: 0		Column: 0		Row: 0
TRACE-REQUEST:READ		2388:		Address: 0		Bank: 0		Column: 0		Row: 0
TRACE-REQUEST:READ		2392:		Address: 0		Bank: 0		Column: 0		Row: 0
TRACE-REQUEST:READ		2396:		Address: 0		Bank: 0		Column: 0		Row: 0
TRACE-REQUEST:READ		2400:		Address: 0		Bank: 0		Column: 0		Row: 0
TRACE-REQUEST:READ		2404:		Address: 0		Bank: 0		Column: 0		Row: 0
TRACE-REQUEST:READ		2408:		Address: 0		Bank: 0		Column: 0		Row: 0
TRACE-REQUEST:READ		2412:		Address: 0		Bank: 0		Column: 0		Row: 0
TRACE-REQUEST:READ		2416:		Address: 0		Bank: 0		Column: 0		Row: 0
TRACE-REQUEST:READ		2420:		Address: 0		Bank: 0		Column: 0		Row: 0
TRACE-REQUEST:READ		2424:		Address: 0		Bank: 0		Column: 0		Row: 0
TRACE-REQUEST:READ		2428:		Address: 0		Bank: 0		Column: 0		Row: 0
TRACE-REQUEST:READ		2432:		Address: 0		Bank: 0		Column: 0		Row: 0
TRACE-REQUEST:READ		2436:		Address: 0		Bank: 0		Column: 0		Row: 0
TRACE-REQUEST:READ		2440:		Address: 0		Bank: 0		Column: 0		Row: 0
TRACE-REQUEST:READ		2444:		Address: 0		Bank: 0		Column: 0		Row: 0
TRACE-REQUEST:READ		2448:		Address: 0		Bank: 0		Column: 0		Row: 0
TRACE-REQUEST:READ		2452:		Address: 0		Bank: 0		Column: 0		Row: 0
TRACE-REQUEST:READ		2456:		Address: 0		Bank: 0		Column: 0		Row: 0
TRACE-REQUEST:READ		2460:		Address: 0		Bank: 0		Column: 0		Row: 0
TRACE-REQUEST:READ		2464:		Address: 0		Bank: 0		Column: 0		Row: 0
TRACE-REQUEST:READ		2468:		Address: 0		Bank: 0		Column: 0		Row: 0
TRACE-REQUEST:READ		2472:		Address: 0		Bank: 0		Column: 0		Row: 0
TRACE-REQUEST:READ		2476:		Address: 0		Bank: 0		Column: 0		Row: 0
TRACE-REQUEST:READ		2480:		Address: 0		Bank: 0		Column: 0		Row: 0
TRACE-REQUEST:READ		2484:		Address: 0		Bank: 0		Column: 0		Row: 0
TRACE-REQUEST:READ		2488:		Address: 0		Bank: 0		Column: 0		Row: 0
TRACE-REQUEST:READ		2492:		Address: 0		Bank: 0		Column: 0		Row: 0
TRACE-REQUEST:READ		2496:		Address: 0		Bank: 0		Column: 0		Row: 0
TRACE-REQUEST:READ		2500:		Address: 0		Bank: 0		Column: 0		Row: 0
TRACE-REQUEST:READ		2504:		Address: 0		Bank: 0		Column: 0		Row: 0
TRACE-REQUEST:READ		2508:		Address: 0		Bank: 0		Column: 0		Row: 0
TRACE-REQUEST:READ		2512:		Address: 0		Bank: 0		Column: 0		Row: 0
TRACE-REQUEST:READ		2516:		Address: 0		Bank: 0		Column: 0		Row: 0
TRACE-REQUEST:READ		2520:		Address: 0		Bank: 0		Column: 0		Row: 0
TRACE-REQUEST:READ		2524:		Address: 0		Bank: 0		Column: 0		Row: 0
TRACE-REQUEST:READ		2528:		Address: 0		Bank: 0		Column: 0		Row: 0
TRACE-REQUEST:READ		2532:		Address: 0		Bank: 0		Column: 0		Row: 0
TRACE-REQUEST:READ		2536:		Address: 0		Bank: 0		Column: 0		Row: 0
TRACE-REQUEST:READ		2540:		Address: 0		Bank: 0		Column: 0		Row: 0
TRACE-REQUEST:READ		2544:		Address: 0		Bank: 0		Column: 0		Row: 0
TRACE-REQUEST:READ		2548:		Address: 0		Bank: 0		Column: 0		Row: 0
TRACE-REQUEST:READ		2552:		Address: 0		Bank: 0		Column: 0		Row: 0
TRACE-REQUEST:READ		2556:		Address: 0		Bank: 0		Column: 0		Row: 0
TRACE-REQUEST:READ		2560:		Address: 0		Bank: 0		Column: 0		Row: 0
TRACE-REQUEST:READ		2564:		Address: 0		Bank: 0		Column: 0		Row: 0
TRACE-REQUEST:READ		2568:		Address: 0		Bank: 0		Column: 0		Row: 0
TRACE-REQUEST:READ		2572:		Address: 0		Bank: 0		Column: 0		Row: 0
TRACE-REQUEST:READ		2576:		Address: 0		Bank: 0		Column: 0		Row: 0
TRACE-REQUEST:READ		2580:		Address: 0		Bank: 0		Column: 0		Row: 0
TRACE-REQUEST:READ		2584:		Address: 0		Bank: 0		Column: 0		Row: 0
TRACE-REQUEST:READ		2588:		Address: 0		Bank: 0		Column: 0		Row: 0
TRACE-REQUEST:READ		2592:		Address: 0		Bank: 0		Column: 0		Row: 0
TRACE-REQUEST:READ		2596:		Address: 0		Bank: 0		Column: 0		Row: 0
TRACE-REQUEST:READ		2600:		Address: 0		Bank: 0		Column: 0		Row: 0
TRACE-REQUEST:READ		2604:		Address: 0		Bank: 0		Column: 0		Row: 0
TRACE-REQUEST:READ		2608:		Address: 0		Bank: 0		Column: 0		Row: 0
TRACE-REQUEST:READ		2612:		Address: 0		Bank: 0		Column: 0		Row: 0
TRACE-REQUEST:READ		2616:		Address: 0		Bank: 0		Column: 0		Row: 0
TRACE-REQUEST:READ		2620:		Address: 0		Bank: 0		Column: 0		Row: 0
TRACE-REQUEST:READ		2624:		Address: 0		Bank: 0		Column: 0		Row: 0
TRACE-REQUEST:READ		2628:		Address: 0		Bank: 0		Column: 0		Row: 0
TRACE-REQUEST:READ		2632:		Address: 0		Bank: 0		Column: 0		Row: 0
TRACE-REQUEST:READ		2636:		Address: 0		Bank: 0		Column: 0		Row: 0
TRACE-REQUEST:READ		2640:		Address: 0		Bank: 0		Column: 0		Row: 0
TRACE-REQUEST:READ		2644:		Address: 0		Bank: 0		Column: 0		Row: 0
TRACE-REQUEST:READ		2648:		Address: 0		Bank: 0		Column: 0		Row: 0
TRACE-REQUEST:READ		2652:		Address: 0		Bank: 0		Column: 0		Row: 0
TRACE-REQUEST:READ		2656:		Address: 0		Bank: 0		Column: 0		Row: 0
TRACE-REQUEST:READ		2660:		Address: 0		Bank: 0		Column: 0		Row: 0
TRACE-REQUEST:READ		2664:		Address: 0		Bank: 0		Column: 0		Row: 0
TRACE-REQUEST:READ		2668:		Address: 0		Bank: 0		Column: 0		Row: 0
TRACE-REQUEST:READ		2672:		Address: 0		Bank: 0		Column: 0		Row: 0
TRACE-REQUEST:READ		2676:		Address: 0		Bank: 0		Column: 0		Row: 0
TRACE-REQUEST:READ		2680:		Address: 0		Bank: 0		Column: 0		Row: 0
TRACE-REQUEST:READ		2684:		Address: 0		Bank: 0		Column: 0		Row: 0
TRACE-REQUEST:READ		2688:		Address: 0		Bank: 0		Column: 0		Row: 0
TRACE-REQUEST:READ		2692:		Address: 0		Bank: 0		Column: 0		Row: 0
TRACE-REQUEST:READ		2696:		Address: 0		Bank: 0		Column: 0		Row: 0
TRACE-REQUEST:READ		2700:		Address: 0		Bank: 0		Column: 0		Row: 0
TRACE-REQUEST:READ		2704:		Address: 0		Bank: 0		Column: 0		Row: 0
TRACE-REQUEST:READ		2708:		Address: 0		Bank: 0		Column: 0		Row: 0
TRACE-REQUEST:READ		2712:		Address: 0		Bank: 0		Column: 0		Row: 0
TRACE-REQUEST:READ		2716:		Address: 0		Bank: 0		Column: 0		Row: 0
TRACE-REQUEST:READ		2720:		Address: 0		Bank: 0		Column: 0		Row: 0
TRACE-REQUEST:READ		2724:		Address: 0		Bank: 0		Column: 0		Row: 0
TRACE-REQUEST:READ		2728:		Address: 0		Bank: 0		Column: 0		Row: 0
TRACE-REQUEST:READ		2732:		Address: 0		Bank: 0		Column: 0		Row: 0
TRACE-REQUEST:READ		2736:		Address: 0		Bank: 0		Column: 0		Row: 0
TRACE-REQUEST:READ		2740:		Address: 0		Bank: 0		Column: 0		Row: 0
TRACE-REQUEST:READ		2744:		Address: 0		Bank: 0		Column: 0		Row: 0
TRACE-REQUEST:READ		2748:		Address: 0		Bank: 0		Column: 0		Row: 0
TRACE-REQUEST:READ		2752:		Address: 0		Bank: 0		Column: 0		Row: 0
TRACE-REQUEST:READ		2756:		Address: 0		Bank: 0		Column: 0		Row: 0
TRACE-REQUEST:READ		2760:		Address: 0		Bank: 0		Column: 0		Row: 0
TRACE-REQUEST:READ		2764:		Address: 0		Bank: 0		Column: 0		Row: 0
TRACE-REQUEST:READ		2768:		Address: 0		Bank: 0		Column: 0		Row: 0
TRACE-REQUEST:READ		2772:		Address: 0		Bank: 0		Column: 0		Row: 0
TRACE-REQUEST:READ		2776:		Address: 0		Bank: 0		Column: 0		Row: 0
TRACE-REQUEST:READ		2780:		Address: 0		Bank: 0		Column: 0		Row: 0
TRACE-REQUEST:READ		2784:		Address: 0		Bank: 0		Column: 0		Row: 0
TRACE-REQUEST:READ		2788:		Address: 0		Bank: 0		Column: 0		Row: 0
TRACE-REQUEST:READ		2792:		Address: 0		Bank: 0		Column: 0		Row: 0
TRACE-REQUEST:READ		2796:		Address: 0		Bank: 0		Column: 0		Row: 0
TRACE-REQUEST:READ		2800:		Address: 0		Bank: 0		Column: 0		Row: 0
TRACE-REQUEST:READ		2804:		Address: 0		Bank: 0		Column: 0		Row: 0
TRACE-REQUEST:READ		2808:		Address: 0		Bank: 0		Column: 0		Row: 0
TRACE-REQUEST:READ		2812:		Address: 0		Bank: 0		Column: 0		Row: 0
TRACE-REQUEST:READ		2816:		Address: 0		Bank: 0		Column: 0		Row: 0
TRACE-REQUEST:READ		2820:		Address: 0		Bank: 0		Column: 0		Row: 0
TRACE-REQUEST:READ		2824:		Address: 0		Bank: 0		Column: 0		Row: 0
TRACE-REQUEST:READ		2828:		Address: 0		Bank: 0		Column: 0		Row: 0
TRACE-REQUEST:READ		2832:		Address: 0		Bank: 0		Column: 0		Row: 0
TRACE-REQUEST:READ		2836:		Address: 0		Bank: 0		Column: 0		Row: 0
TRACE-REQUEST:READ		2840:		Address: 0		Bank: 0		Column: 0		Row: 0
TRACE-REQUEST:READ		2844:		Address: 0		Bank: 0		Column: 0		Row: 0
TRACE-REQUEST:READ		2848:		Address: 0		Bank: 0		Column: 0		Row: 0
TRACE-REQUEST:READ		2852:		Address: 0		Bank: 0		Column: 0		Row: 0
TRACE-REQUEST:READ		2856:		Address: 0		Bank: 0		Column: 0		Row: 0
TRACE-REQUEST:READ		2860:		Address: 0		Bank: 0		Column: 0		Row: 0
TRACE-REQUEST:READ		2864:		Address: 0		Bank: 0		Column: 0		Row: 0
TRACE-REQUEST:READ		2868:		Address: 0		Bank: 0		Column: 0		Row: 0
TRACE-REQUEST:READ		2872:		Address: 0		Bank: 0		Column: 0		Row: 0
TRACE-REQUEST:READ		2876:		Address: 0		Bank: 0		Column: 0		Row: 0
TRACE-REQUEST:READ		2880:		Address: 0		Bank: 0		Column: 0		Row: 0
TRACE-REQUEST:READ		2884:		Address: 0		Bank: 0		Column: 0		Row: 0
TRACE-REQUEST:READ		2888:		Address: 0		Bank: 0		Column: 0		Row: 0
TRACE-REQUEST:READ		2892:		Address: 0		Bank: 0		Column: 0		Row: 0
TRACE-REQUEST:READ		2896:		Address: 0		Bank: 0		Column: 0		Row: 0
TRACE-REQUEST:READ		2900:		Address: 0		Bank: 0		Column: 0		Row: 0
TRACE-REQUEST:READ		2904:		Address: 0		Bank: 0		Column: 0		Row: 0
TRACE-REQUEST:READ		2908:		Address: 0		Bank: 0		Column: 0		Row: 0
TRACE-REQUEST:READ		2912:		Address: 0		Bank: 0		Column: 0		Row: 0
TRACE-REQUEST:READ		2916:		Address: 0		Bank: 0		Column: 0		Row: 0
TRACE-REQUEST:READ		2920:		Address: 0		Bank: 0		Column: 0		Row: 0
TRACE-REQUEST:READ		2924:		Address: 0		Bank: 0		Column: 0		Row: 0
TRACE-REQUEST:READ		2928:		Address: 0		Bank: 0		Column: 0		Row: 0
TRACE-REQUEST:READ		2932:		Address: 0		Bank: 0		Column: 0		Row: 0
TRACE-REQUEST:READ		2936:		Address: 0		Bank: 0		Column: 0		Row: 0
TRACE-REQUEST:READ		2940:		Address: 0		Bank: 0		Column: 0		Row: 0
TRACE-REQUEST:READ		2944:		Address: 0		Bank: 0		Column: 0		Row: 0
TRACE-REQUEST:READ		2948:		Address: 0		Bank: 0		Column: 0		Row: 0
TRACE-REQUEST:READ		2952:		Address: 0		Bank: 0		Column: 0		Row: 0
TRACE-REQUEST:READ		2956:		Address: 0		Bank: 0		Column: 0		Row: 0
TRACE-REQUEST:READ		2960:		Address: 0		Bank: 0		Column: 0		Row: 0
TRACE-REQUEST:READ		2964:		Address: 0		Bank: 0		Column: 0		Row: 0
TRACE-REQUEST:READ		2968:		Address: 0		Bank: 0		Column: 0		Row: 0
TRACE-REQUEST:READ		2972:		Address: 0		Bank: 0		Column: 0		Row: 0
TRACE-REQUEST:READ		2976:		Address: 0		Bank: 0		Column: 0		Row: 0
TRACE-REQUEST:READ		2980:		Address: 0		Bank: 0		Column: 0		Row: 0
TRACE-REQUEST:READ		2984:		Address: 0		Bank: 0		Column: 0		Row: 0
TRACE-REQUEST:READ		2988:		Address: 0		Bank: 0		Column: 0		Row: 0
TRACE-REQUEST:READ		2992:		Address: 0		Bank: 0		Column: 0		Row: 0
TRACE-REQUEST:READ		2996:		Address: 0		Bank: 0		Column: 0		Row: 0
TRACE-REQUEST:READ		3000:		Address: 0		Bank: 0		Column: 0		Row: 0
TRACE-REQUEST:READ		3004:		Address: 0		Bank: 0		Column: 0		Row: 0
TRACE-REQUEST:READ		3008:		Address: 0		Bank: 0		Column: 0		Row: 0
TRACE-REQUEST:READ		3012:		Address: 0		Bank: 0		Column: 0		Row: 0
TRACE-REQUEST:READ		3016:		Address: 0		Bank: 0		Column: 0		Row: 0
TRACE-REQUEST:READ		3020:		Address: 0		Bank: 0		Column: 0		Row: 0
TRACE-REQUEST:READ		3024:		Address: 0		Bank: 0		Column: 0		Row: 0
TRACE-REQUEST:READ		3028:		Address: 0		Bank: 0		Column: 0		Row: 0
TRACE-REQUEST:READ		3032:		Address: 0		Bank: 0		Column: 0		Row: 0
TRACE-REQUEST:READ		3036:		Address: 0		Bank: 0		Column: 0		Row: 0
TRACE-REQUEST:READ		3040:		Address: 0		Bank: 0		Column: 0		Row: 0
TRACE-REQUEST:READ		3044:		Address: 0		Bank: 0		Column: 0		Row: 0
TRACE-REQUEST:READ		3048:		Address: 0		Bank: 0		Column: 0		Row: 0
TRACE-REQUEST:READ		3052:		Address: 0		Bank: 0		Column: 0		Row: 0
TRACE-REQUEST:READ		3056:		Address: 0		Bank: 0		Column: 0		Row: 0
TRACE-REQUEST:READ		3060:		Address: 0		Bank: 0		Column: 0		Row: 0
TRACE-REQUEST:READ		3064:		Address: 0		Bank: 0		Column: 0		Row: 0
TRACE-REQUEST:READ		3068:		Address: 0		Bank: 0		Column: 0		Row: 0
TRACE-REQUEST:READ		3072:		Address: 0		Bank: 0		Column: 0		Row: 0
TRACE-REQUEST:READ		3076:		Address: 0		Bank: 0		Column: 0		Row: 0
TRACE-REQUEST:READ		3080:		Address: 0		Bank: 0		Column: 0		Row: 0
TRACE-REQUEST:READ		3084:		Address: 0		Bank: 0		Column: 0		Row: 0
TRACE-REQUEST:READ		3088:		Address: 0		Bank: 0		Column: 0		Row: 0
TRACE-REQUEST:READ		3092:		Address: 0		Bank: 0		Column: 0		Row: 0
TRACE-REQUEST:READ		3096:		Address: 0		Bank: 0		Column: 0		Row: 0
TRACE-REQUEST:READ		3100:		Address: 0		Bank: 0		Column: 0		Row: 0
TRACE-REQUEST:READ		3104:		Address: 0		Bank: 0		Column: 0		Row: 0
TRACE-REQUEST:READ		3108:		Address: 0		Bank: 0		Column: 0		Row: 0
TRACE-REQUEST:READ		3112:		Address: 0		Bank: 0		Column: 0		Row: 0
TRACE-REQUEST:READ		3116:		Address: 0		Bank: 0		Column: 0		Row: 0
TRACE-REQUEST:READ		3120:		Address: 0		Bank: 0		Column: 0		Row: 0
TRACE-REQUEST:READ		3124:		Address: 0		Bank: 0		Column: 0		Row: 0
TRACE-REQUEST:READ		3128:		Address: 0		Bank: 0		Column: 0		Row: 0
TRACE-REQUEST:READ		3132:		Address: 0		Bank: 0		Column: 0		Row: 0
TRACE-REQUEST:READ		3136:		Address: 0		Bank: 0		Column: 0		Row: 0
TRACE-REQUEST:READ		3140:		Address: 0		Bank: 0		Column: 0		Row: 0
TRACE-REQUEST:READ		3144:		Address: 0		Bank: 0		Column: 0		Row: 0
TRACE-REQUEST:READ		3148:		Address: 0		Bank: 0		Column: 0		Row: 0
TRACE-REQUEST:READ		3152:		Address: 0		Bank: 0		Column: 0		Row: 0
TRACE-REQUEST:READ		3156:		Address: 0		Bank: 0		Column: 0		Row: 0
TRACE-REQUEST:READ		3160:		Address: 0		Bank: 0		Column: 0		Row: 0
TRACE-REQUEST:READ		3164:		Address: 0		Bank: 0		Column: 0		Row: 0
TRACE-REQUEST:READ		3168:		Address: 0		Bank: 0		Column: 0		Row: 0
TRACE-REQUEST:READ		3172:		Address: 0		Bank: 0		Column: 0		Row: 0
TRACE-REQUEST:READ		3176:		Address: 0		Bank: 0		Column: 0		Row: 0
TRACE-REQUEST:READ		3180:		Address: 0		Bank: 0		Column: 0		Row: 0
TRACE-REQUEST:READ		3184:		Address: 0		Bank: 0		Column: 0		Row: 0
TRACE-REQUEST:READ		3188:		Address: 0		Bank: 0		Column: 0		Row: 0
TRACE-REQUEST:READ		3192:		Address: 0		Bank: 0		Column: 0		Row: 0
TRACE-REQUEST:READ		3196:		Address: 0		Bank: 0		Column: 0		Row: 0
TRACE-REQUEST:READ		3200:		Address: 0		Bank: 0		Column: 0		Row: 0
TRACE-REQUEST:READ		3204:		Address: 0		Bank: 0		Column: 0		Row: 0
TRACE-REQUEST:READ		3208:		Address: 0		Bank: 0		Column: 0		Row: 0
TRACE-REQUEST:READ		3212:		Address: 0		Bank: 0		Column: 0		Row: 0
TRACE-REQUEST:READ		3216:		Address: 0		Bank: 0		Column: 0		Row: 0
TRACE-REQUEST:READ		3220:		Address: 0		Bank: 0		Column: 0		Row: 0
TRACE-REQUEST:READ		3224:		Address: 0		Bank: 0		Column: 0		Row: 0
TRACE-REQUEST:READ		3228:		Address: 0		Bank: 0		Column: 0		Row: 0
TRACE-REQUEST:READ		3232:		Address: 0		Bank: 0		Column: 0		Row: 0
TRACE-REQUEST:READ		3236:		Address: 0		Bank: 0		Column: 0		Row: 0
TRACE-REQUEST:READ		3240:		Address: 0		Bank: 0		Column: 0		Row: 0
TRACE-REQUEST:READ		3244:		Address: 0		Bank: 0		Column: 0		Row: 0
TRACE-REQUEST:READ		3248:		Address: 0		Bank: 0		Column: 0		Row: 0
TRACE-REQUEST:READ		3252:		Address: 0		Bank: 0		Column: 0		Row: 0
TRACE-REQUEST:READ		3256:		Address: 0		Bank: 0		Column: 0		Row: 0
TRACE-REQUEST:READ		3260:		Address: 0		Bank: 0		Column: 0		Row: 0
TRACE-REQUEST:READ		3264:		Address: 0		Bank: 0		Column: 0		Row: 0
TRACE-REQUEST:READ		3268:		Address: 0		Bank: 0		Column: 0		Row: 0
TRACE-REQUEST:READ		3272:		Address: 0		Bank: 0		Column: 0		Row: 0
TRACE-REQUEST:READ		3276:		Address: 0		Bank: 0		Column: 0		Row: 0
TRACE-REQUEST:READ		3280:		Address: 0		Bank: 0		Column: 0		Row: 0
TRACE-REQUEST:READ		3284:		Address: 0		Bank: 0		Column: 0		Row: 0
TRACE-REQUEST:READ		3288:		Address: 0		Bank: 0		Column: 0		Row: 0
TRACE-REQUEST:READ		3292:		Address: 0		Bank: 0		Column: 0		Row: 0
TRACE-REQUEST:READ		3296:		Address: 0		Bank: 0		Column: 0		Row: 0
TRACE-REQUEST:READ		3300:		Address: 0		Bank: 0		Column: 0		Row: 0
TRACE-REQUEST:READ		3304:		Address: 0		Bank: 0		Column: 0		Row: 0
TRACE-REQUEST:READ		3308:		Address: 0		Bank: 0		Column: 0		Row: 0
TRACE-REQUEST:READ		3312:		Address: 0		Bank: 0		Column: 0		Row: 0
TRACE-REQUEST:READ		3316:		Address: 0		Bank: 0		Column: 0		Row: 0
TRACE-REQUEST:READ		3320:		Address: 0		Bank: 0		Column: 0		Row: 0
TRACE-REQUEST:READ		3324:		Address: 0		Bank: 0		Column: 0		Row: 0
TRACE-REQUEST:READ		3328:		Address: 0		Bank: 0		Column: 0		Row: 0
TRACE-REQUEST:READ		3332:		Address: 0		Bank: 0		Column: 0		Row: 0
TRACE-REQUEST:READ		3336:		Address: 0		Bank: 0		Column: 0		Row: 0
TRACE-REQUEST:READ		3340:		Address: 0		Bank: 0		Column: 0		Row: 0
TRACE-REQUEST:READ		3344:		Address: 0		Bank: 0		Column: 0		Row: 0
TRACE-REQUEST:READ		3348:		Address: 0		Bank: 0		Column: 0		Row: 0
TRACE-REQUEST:READ		3352:		Address: 0		Bank: 0		Column: 0		Row: 0
TRACE-REQUEST:READ		3356:		Address: 0		Bank: 0		Column: 0		Row: 0
TRACE-REQUEST:READ		3360:		Address: 0		Bank: 0		Column: 0		Row: 0
TRACE-REQUEST:READ		3364:		Address: 0		Bank: 0		Column: 0		Row: 0
TRACE-REQUEST:READ		3368:		Address: 0		Bank: 0		Column: 0		Row: 0
TRACE-REQUEST:READ		3372:		Address: 0		Bank: 0		Column: 0		Row: 0
TRACE-REQUEST:READ		3376:		Address: 0		Bank: 0		Column: 0		Row: 0
TRACE-REQUEST:READ		3380:		Address: 0		Bank: 0		Column: 0		Row: 0
TRACE-REQUEST:READ		3384:		Address: 0		Bank: 0		Column: 0		Row: 0
TRACE-REQUEST:READ		3388:		Address: 0		Bank: 0		Column: 0		Row: 0
TRACE-REQUEST:READ		3392:		Address: 0		Bank: 0		Column: 0		Row: 0
TRACE-REQUEST:READ		3396:		Address: 0		Bank: 0		Column: 0		Row: 0
TRACE-REQUEST:READ		3400:		Address: 0		Bank: 0		Column: 0		Row: 0
TRACE-REQUEST:READ		3404:		Address: 0		Bank: 0		Column: 0		Row: 0
TRACE-REQUEST:READ		3408:		Address: 0		Bank: 0		Column: 0		Row: 0
TRACE-REQUEST:READ		3412:		Address: 0		Bank: 0		Column: 0		Row: 0
TRACE-REQUEST:READ		3416:		Address: 0		Bank: 0		Column: 0		Row: 0
TRACE-REQUEST:READ		3420:		Address: 0		Bank: 0		Column: 0		Row: 0
TRACE-REQUEST:READ		3424:		Address: 0		Bank: 0		Column: 0		Row: 0
TRACE-REQUEST:READ		3428:		Address: 0		Bank: 0		Column: 0		Row: 0
TRACE-REQUEST:READ		3432:		Address: 0		Bank: 0		Column: 0		Row: 0
TRACE-REQUEST:READ		3436:		Address: 0		Bank: 0		Column: 0		Row: 0
TRACE-REQUEST:READ		3440:		Address: 0		Bank: 0		Column: 0		Row: 0
TRACE-REQUEST:READ		3444:		Address: 0		Bank: 0		Column: 0		Row: 0
TRACE-REQUEST:READ		3448:		Address: 0		Bank: 0		Column: 0		Row: 0
TRACE-REQUEST:READ		3452:		Address: 0		Bank: 0		Column: 0		Row: 0
TRACE-REQUEST:READ		3456:		Address: 0		Bank: 0		Column: 0		Row: 0
TRACE-REQUEST:READ		3460:		Address: 0		Bank: 0		Column: 0		Row: 0
TRACE-REQUEST:READ		3464:		Address: 0		Bank: 0		Column: 0		Row: 0
TRACE-REQUEST:READ		3468:		Address: 0		Bank: 0		Column: 0		Row: 0
TRACE-REQUEST:READ		3472:		Address: 0		Bank: 0		Column: 0		Row: 0
TRACE-REQUEST:READ		3476:		Address: 0		Bank: 0		Column: 0		Row: 0
TRACE-REQUEST:READ		3480:		Address: 0		Bank: 0		Column: 0		Row: 0
TRACE-REQUEST:READ		3484:		Address: 0		Bank: 0		Column: 0		Row: 0
TRACE-REQUEST:READ		3488:		Address: 0		Bank: 0		Column: 0		Row: 0
TRACE-REQUEST:READ		3492:		Address: 0		Bank: 0		Column: 0		Row: 0
TRACE-REQUEST:READ		3496:		Address: 0		Bank: 0		Column: 0		Row: 0
TRACE-REQUEST:READ		3500:		Address: 0		Bank: 0		Column: 0		Row: 0
TRACE-REQUEST:READ		3504:		Address: 0		Bank: 0		Column: 0		Row: 0
TRACE-REQUEST:READ		3508:		Address: 0		Bank: 0		Column: 0		Row: 0
TRACE-REQUEST:READ		3512:		Address: 0		Bank: 0		Column: 0		Row: 0
TRACE-REQUEST:READ		3516:		Address: 0		Bank: 0		Column: 0		Row: 0
TRACE-REQUEST:READ		3520:		Address: 0		Bank: 0		Column: 0		Row: 0
TRACE-REQUEST:READ		3524:		Address: 0		Bank: 0		Column: 0		Row: 0
TRACE-REQUEST:READ		3528:		Address: 0		Bank: 0		Column: 0		Row: 0
TRACE-REQUEST:READ		3532:		Address: 0		Bank: 0		Column: 0		Row: 0
TRACE-REQUEST:READ		3536:		Address: 0		Bank: 0		Column: 0		Row: 0
TRACE-REQUEST:READ		3540:		Address: 0		Bank: 0		Column: 0		Row: 0
TRACE-REQUEST:READ		3544:		Address: 0		Bank: 0		Column: 0		Row: 0
TRACE-REQUEST:READ		3548:		Address: 0		Bank: 0		Column: 0		Row: 0
TRACE-REQUEST:READ		3552:		Address: 0		Bank: 0		Column: 0		Row: 0
TRACE-REQUEST:READ		3556:		Address: 0		Bank: 0		Column: 0		Row: 0
TRACE-REQUEST:READ		3560:		Address: 0		Bank: 0		Column: 0		Row: 0
TRACE-REQUEST:READ		3564:		Address: 0		Bank: 0		Column: 0		Row: 0
TRACE-REQUEST:READ		3568:		Address: 0		Bank: 0		Column: 0		Row: 0
TRACE-REQUEST:READ		3572:		Address: 0		Bank: 0		Column: 0		Row: 0
TRACE-REQUEST:READ		3576:		Address: 0		Bank: 0		Column: 0		Row: 0
TRACE-REQUEST:READ		3580:		Address: 0		Bank: 0		Column: 0		Row: 0
TRACE-REQUEST:READ		3584:		Address: 0		Bank: 0		Column: 0		Row: 0
TRACE-REQUEST:READ		3588:		Address: 0		Bank: 0		Column: 0		Row: 0
TRACE-REQUEST:READ		3592:		Address: 0		Bank: 0		Column: 0		Row: 0
TRACE-REQUEST:READ		3596:		Address: 0		Bank: 0		Column: 0		Row: 0
TRACE-REQUEST:READ		3600:		Address: 0		Bank: 0		Column: 0		Row: 0
TRACE-REQUEST:READ		3604:		Address: 0		Bank: 0		Column: 0		Row: 0
TRACE-REQUEST:READ		3608:		Address: 0		Bank: 0		Column: 0		Row: 0
TRACE-REQUEST:READ		3612:		Address: 0		Bank: 0		Column: 0		Row: 0
TRACE-REQUEST:READ		3616:		Address: 0		Bank: 0		Column: 0		Row: 0
TRACE-REQUEST:READ		3620:		Address: 0		Bank: 0		Column: 0		Row: 0
TRACE-REQUEST:READ		3624:		Address: 0		Bank: 0		Column: 0		Row: 0
TRACE-REQUEST:READ		3628:		Address: 0		Bank: 0		Column: 0		Row: 0
TRACE-REQUEST:READ		3632:		Address: 0		Bank: 0		Column: 0		Row: 0
TRACE-REQUEST:READ		3636:		Address: 0		Bank: 0		Column: 0		Row: 0
TRACE-REQUEST:READ		3640:		Address: 0		Bank: 0		Column: 0		Row: 0
TRACE-REQUEST:READ		3644:		Address: 0		Bank: 0		Column: 0		Row: 0
TRACE-REQUEST:READ		3648:		Address: 0		Bank: 0		Column: 0		Row: 0
TRACE-REQUEST:READ		3652:		Address: 0		Bank: 0		Column: 0		Row: 0
TRACE-REQUEST:READ		3656:		Address: 0		Bank: 0		Column: 0		Row: 0
TRACE-REQUEST:READ		3660:		Address: 0		Bank: 0		Column: 0		Row: 0
TRACE-REQUEST:READ		3664:		Address: 0		Bank: 0		Column: 0		Row: 0
TRACE-REQUEST:READ		3668:		Address: 0		Bank: 0		Column: 0		Row: 0
TRACE-REQUEST:READ		3672:		Address: 0		Bank: 0		Column: 0		Row: 0
TRACE-REQUEST:READ		3676:		Address: 0		Bank: 0		Column: 0		Row: 0
TRACE-REQUEST:READ		3680:		Address: 0		Bank: 0		Column: 0		Row: 0
TRACE-REQUEST:READ		3684:		Address: 0		Bank: 0		Column: 0		Row: 0
TRACE-REQUEST:READ		3688:		Address: 0		Bank: 0		Column: 0		Row: 0
TRACE-REQUEST:READ		3692:		Address: 0		Bank: 0		Column: 0		Row: 0
TRACE-REQUEST:READ		3696:		Address: 0		Bank: 0		Column: 0		Row: 0
TRACE-REQUEST:READ		3700:		Address: 0		Bank: 0		Column: 0		Row: 0
TRACE-REQUEST:READ		3704:		Address: 0		Bank: 0		Column: 0		Row: 0
TRACE-REQUEST:READ		3708:		Address: 0		Bank: 0		Column: 0		Row: 0
TRACE-REQUEST:READ		3712:		Address: 0		Bank: 0		Column: 0		Row: 0
TRACE-REQUEST:READ		3716:		Address: 0		Bank: 0		Column: 0		Row: 0
TRACE-REQUEST:READ		3720:		Address: 0		Bank: 0		Column: 0		Row: 0
TRACE-REQUEST:READ		3724:		Address: 0		Bank: 0		Column: 0		Row: 0
TRACE-REQUEST:READ		3728:		Address: 0		Bank: 0		Column: 0		Row: 0
TRACE-REQUEST:READ		3732:		Address: 0		Bank: 0		Column: 0		Row: 0
TRACE-REQUEST:READ		3736:		Address: 0		Bank: 0		Column: 0		Row: 0
TRACE-REQUEST:READ		3740:		Address: 0		Bank: 0		Column: 0		Row: 0
TRACE-REQUEST:READ		3744:		Address: 0		Bank: 0		Column: 0		Row: 0
TRACE-REQUEST:READ		3748:		Address: 0		Bank: 0		Column: 0		Row: 0
TRACE-REQUEST:READ		3752:		Address: 0		Bank: 0		Column: 0		Row: 0
TRACE-REQUEST:READ		3756:		Address: 0		Bank: 0		Column: 0		Row: 0
TRACE-REQUEST:READ		3760:		Address: 0		Bank: 0		Column: 0		Row: 0
TRACE-REQUEST:READ		3764:		Address: 0		Bank: 0		Column: 0		Row: 0
TRACE-REQUEST:READ		3768:		Address: 0		Bank: 0		Column: 0		Row: 0
TRACE-REQUEST:READ		3772:		Address: 0		Bank: 0		Column: 0		Row: 0
TRACE-REQUEST:READ		3776:		Address: 0		Bank: 0		Column: 0		Row: 0
TRACE-REQUEST:READ		3780:		Address: 0		Bank: 0		Column: 0		Row: 0
TRACE-REQUEST:READ		3784:		Address: 0		Bank: 0		Column: 0		Row: 0
TRACE-REQUEST:READ		3788:		Address: 0		Bank: 0		Column: 0		Row: 0
TRACE-REQUEST:READ		3792:		Address: 0		Bank: 0		Column: 0		Row: 0
TRACE-REQUEST:READ		3796:		Address: 0		Bank: 0		Column: 0		Row: 0
TRACE-REQUEST:READ		3800:		Address: 0		Bank: 0		Column: 0		Row: 0
TRACE-REQUEST:READ		3804:		Address: 0		Bank: 0		Column: 0		Row: 0
TRACE-REQUEST:READ		3808:		Address: 0		Bank: 0		Column: 0		Row: 0
TRACE-REQUEST:READ		3812:		Address: 0		Bank: 0		Column: 0		Row: 0
TRACE-REQUEST:READ		3816:		Address: 0		Bank: 0		Column: 0		Row: 0
TRACE-REQUEST:READ		3820:		Address: 0		Bank: 0		Column: 0		Row: 0
TRACE-REQUEST:READ		3824:		Address: 0		Bank: 0		Column: 0		Row: 0
TRACE-REQUEST:READ		3828:		Address: 0		Bank: 0		Column: 0		Row: 0
TRACE-REQUEST:READ		3832:		Address: 0		Bank: 0		Column: 0		Row: 0
TRACE-REQUEST:READ		3836:		Address: 0		Bank: 0		Column: 0		Row: 0
TRACE-REQUEST:READ		3840:		Address: 0		Bank: 0		Column: 0		Row: 0
TRACE-REQUEST:READ		3844:		Address: 0		Bank: 0		Column: 0		Row: 0
TRACE-REQUEST:READ		3848:		Address: 0		Bank: 0		Column: 0		Row: 0
TRACE-REQUEST:READ		3852:		Address: 0		Bank: 0		Column: 0		Row: 0
TRACE-REQUEST:READ		3856:		Address: 0		Bank: 0		Column: 0		Row: 0
TRACE-REQUEST:READ		3860:		Address: 0		Bank: 0		Column: 0		Row: 0
TRACE-REQUEST:READ		3864:		Address: 0		Bank: 0		Column: 0		Row: 0
TRACE-REQUEST:READ		3868:		Address: 0		Bank: 0		Column: 0		Row: 0
TRACE-REQUEST:READ		3872:		Address: 0		Bank: 0		Column: 0		Row: 0
TRACE-REQUEST:READ		3876:		Address: 0		Bank: 0		Column: 0		Row: 0
TRACE-REQUEST:READ		3880:		Address: 0		Bank: 0		Column: 0		Row: 0
TRACE-REQUEST:READ		3884:		Address: 0		Bank: 0		Column: 0		Row: 0
TRACE-REQUEST:READ		3888:		Address: 0		Bank: 0		Column: 0		Row: 0
TRACE-REQUEST:READ		3892:		Address: 0		Bank: 0		Column: 0		Row: 0
TRACE-REQUEST:READ		3896:		Address: 0		Bank: 0		Column: 0		Row: 0
TRACE-REQUEST:READ		3900:		Address: 0		Bank: 0		Column: 0		Row: 0
TRACE-REQUEST:READ		3904:		Address: 0		Bank: 0		Column: 0		Row: 0
TRACE-REQUEST:READ		3908:		Address: 0		Bank: 0		Column: 0		Row: 0
TRACE-REQUEST:READ		3912:		Address: 0		Bank: 0		Column: 0		Row: 0
TRACE-REQUEST:READ		3916:		Address: 0		Bank: 0		Column: 0		Row: 0
TRACE-REQUEST:READ		3920:		Address: 0		Bank: 0		Column: 0		Row: 0
TRACE-REQUEST:READ		3924:		Address: 0		Bank: 0		Column: 0		Row: 0
TRACE-REQUEST:READ		3928:		Address: 0		Bank: 0		Column: 0		Row: 0
TRACE-REQUEST:READ		3932:		Address: 0		Bank: 0		Column: 0		Row: 0
TRACE-REQUEST:READ		3936:		Address: 0		Bank: 0		Column: 0		Row: 0
TRACE-REQUEST:READ		3940:		Address: 0		Bank: 0		Column: 0		Row: 0
TRACE-REQUEST:READ		3944:		Address: 0		Bank: 0		Column: 0		Row: 0
TRACE-REQUEST:READ		3948:		Address: 0		Bank: 0		Column: 0		Row: 0
TRACE-REQUEST:READ		3952:		Address: 0		Bank: 0		Column: 0		Row: 0
TRACE-REQUEST:READ		3956:		Address: 0		Bank: 0		Column: 0		Row: 0
TRACE-REQUEST:READ		3960:		Address: 0		Bank: 0		Column: 0		Row: 0
TRACE-REQUEST:READ		3964:		Address: 0		Bank: 0		Column: 0		Row: 0
TRACE-REQUEST:READ		3968:		Address: 0		Bank: 0		Column: 0		Row: 0
TRACE-REQUEST:READ		3972:		Address: 0		Bank: 0		Column: 0		Row: 0
TRACE-REQUEST:READ		3976:		Address: 0		Bank: 0		Column: 0		Row: 0
TRACE-REQUEST:READ		3980:		Address: 0		Bank: 0		Column: 0		Row: 0
TRACE-REQUEST:READ		3984:		Address: 0		Bank: 0		Column: 0		Row: 0
TRACE-REQUEST:READ		3988:		Address: 0		Bank: 0		Column: 0		Row: 0
TRACE-REQUEST:READ		3992:		Address: 0		Bank: 0		Column: 0		Row: 0
TRACE-REQUEST:READ		3996:		Address: 0		Bank: 0		Column: 0		Row: 0
TRACE-REQUEST:READ		4000:		Address: 0		Bank: 0		Column: 0		Row: 0
TRACE-REQUEST:READ		4004:		Address: 0		Bank: 0		Column: 0		Row: 0
TRACE-REQUEST:READ		4008:		Address: 0		Bank: 0		Column: 0		Row: 0
TRACE-REQUEST:READ		4012:		Address: 0		Bank: 0		Column: 0		Row: 0
TRACE-REQUEST:READ		4016:		Address: 0		Bank: 0		Column: 0		Row: 0
TRACE-REQUEST:READ		4020:		Address: 0		Bank: 0		Column: 0		Row: 0
TRACE-REQUEST:READ		4024:		Address: 0		Bank: 0		Column: 0		Row: 0
TRACE-REQUEST:READ		4028:		Address: 0		Bank: 0		Column: 0		Row: 0
TRACE-REQUEST:READ		4032:		Address: 0		Bank: 0		Column: 0		Row: 0
TRACE-REQUEST:READ		4036:		Address: 0		Bank: 0		Column: 0		Row: 0
TRACE-REQUEST:READ		4040:		Address: 0		Bank: 0		Column: 0		Row: 0
TRACE-REQUEST:READ		4044:		Address: 0		Bank: 0		Column: 0		Row: 0
TRACE-REQUEST:READ		4048:		Address: 0		Bank: 0		Column: 0		Row: 0
TRACE-REQUEST:READ		4052:		Address: 0		Bank: 0		Column: 0		Row: 0
TRACE-REQUEST:READ		4056:		Address: 0		Bank: 0		Column: 0		Row: 0
Requestor 0 End @ 4072
==== Channel [0] ====


Statistics Assuming Cores are In Order:


REQ under analysis: Open Request Ratio : 0.994
   
REQ under analysis: WC Open Read : 4	WC Close Read : 12	WC Open Write : 0	WC Close Write : 0
   
-----------------------------------------Simulation Summary---------------------------------------------
Bandwidth = 12573.7 MB/s
   
Number of Open Read     :  994
Number of Close Read	:  6
Number of Open Write    :  0
Number of Close Write   :  0
   
//// Channel [0] ////
-----------------------------------------Summary Per Requestor------------------------------------------- 
Requestor 0: Worst-Case 184 Done 1000 Request From 1000 Computation Time = 0 @ 1.25
Simulation End @ 4073 time = 39319
