call back

Start Simulation
---------------------------------------Configuration Summary--------------------------------------------
Rank count   :   1
Bank count   :   8
Row count    :   32768
Column count :   1024
	Address Mapping 	: 425
	Request Queue 		: 1 perREQ 0 WBuffer 0
	Request Scheduler 	: FRFCFS
	Command Generator 	: OPEN
	Command Queue 		: 8 perREQ 0
	Command Scheduler 	: FRFCFS
TRACE-REQUEST:READ		1:		Address: 0		Bank: 0		Column: 0		Row: 0
TRACE-REQUEST:READ		11:		Address: 0		Bank: 0		Column: 0		Row: 0
TRACE-REQUEST:READ		15:		Address: 0		Bank: 0		Column: 0		Row: 0
TRACE-REQUEST:READ		19:		Address: 0		Bank: 0		Column: 0		Row: 0
TRACE-REQUEST:READ		23:		Address: 0		Bank: 0		Column: 0		Row: 0
TRACE-REQUEST:READ		27:		Address: 0		Bank: 0		Column: 0		Row: 0
TRACE-REQUEST:READ		31:		Address: 0		Bank: 0		Column: 0		Row: 0
TRACE-REQUEST:READ		35:		Address: 0		Bank: 0		Column: 0		Row: 0
TRACE-REQUEST:READ		39:		Address: 0		Bank: 0		Column: 0		Row: 0
TRACE-REQUEST:READ		43:		Address: 0		Bank: 0		Column: 0		Row: 0
TRACE-REQUEST:READ		47:		Address: 0		Bank: 0		Column: 0		Row: 0
TRACE-REQUEST:READ		51:		Address: 0		Bank: 0		Column: 0		Row: 0
TRACE-REQUEST:READ		55:		Address: 0		Bank: 0		Column: 0		Row: 0
TRACE-REQUEST:READ		59:		Address: 0		Bank: 0		Column: 0		Row: 0
TRACE-REQUEST:READ		63:		Address: 0		Bank: 0		Column: 0		Row: 0
TRACE-REQUEST:READ		67:		Address: 0		Bank: 0		Column: 0		Row: 0
TRACE-REQUEST:READ		71:		Address: 0		Bank: 0		Column: 0		Row: 0
TRACE-REQUEST:READ		75:		Address: 0		Bank: 0		Column: 0		Row: 0
TRACE-REQUEST:READ		79:		Address: 0		Bank: 0		Column: 0		Row: 0
TRACE-REQUEST:READ		83:		Address: 0		Bank: 0		Column: 0		Row: 0
TRACE-REQUEST:READ		87:		Address: 0		Bank: 0		Column: 0		Row: 0
TRACE-REQUEST:READ		91:		Address: 0		Bank: 0		Column: 0		Row: 0
TRACE-REQUEST:READ		95:		Address: 0		Bank: 0		Column: 0		Row: 0
TRACE-REQUEST:READ		99:		Address: 0		Bank: 0		Column: 0		Row: 0
TRACE-REQUEST:READ		103:		Address: 0		Bank: 0		Column: 0		Row: 0
TRACE-REQUEST:READ		107:		Address: 0		Bank: 0		Column: 0		Row: 0
TRACE-REQUEST:READ		111:		Address: 0		Bank: 0		Column: 0		Row: 0
TRACE-REQUEST:READ		115:		Address: 0		Bank: 0		Column: 0		Row: 0
TRACE-REQUEST:READ		119:		Address: 0		Bank: 0		Column: 0		Row: 0
TRACE-REQUEST:READ		123:		Address: 0		Bank: 0		Column: 0		Row: 0
TRACE-REQUEST:READ		127:		Address: 0		Bank: 0		Column: 0		Row: 0
TRACE-REQUEST:READ		131:		Address: 0		Bank: 0		Column: 0		Row: 0
TRACE-REQUEST:READ		135:		Address: 0		Bank: 0		Column: 0		Row: 0
TRACE-REQUEST:READ		139:		Address: 0		Bank: 0		Column: 0		Row: 0
TRACE-REQUEST:READ		143:		Address: 0		Bank: 0		Column: 0		Row: 0
TRACE-REQUEST:READ		147:		Address: 0		Bank: 0		Column: 0		Row: 0
TRACE-REQUEST:READ		151:		Address: 0		Bank: 0		Column: 0		Row: 0
TRACE-REQUEST:READ		155:		Address: 0		Bank: 0		Column: 0		Row: 0
TRACE-REQUEST:READ		159:		Address: 0		Bank: 0		Column: 0		Row: 0
TRACE-REQUEST:READ		163:		Address: 0		Bank: 0		Column: 0		Row: 0
TRACE-REQUEST:READ		167:		Address: 0		Bank: 0		Column: 0		Row: 0
TRACE-REQUEST:READ		171:		Address: 0		Bank: 0		Column: 0		Row: 0
TRACE-REQUEST:READ		175:		Address: 0		Bank: 0		Column: 0		Row: 0
TRACE-REQUEST:READ		179:		Address: 0		Bank: 0		Column: 0		Row: 0
TRACE-REQUEST:READ		183:		Address: 0		Bank: 0		Column: 0		Row: 0
TRACE-REQUEST:READ		187:		Address: 0		Bank: 0		Column: 0		Row: 0
TRACE-REQUEST:READ		191:		Address: 0		Bank: 0		Column: 0		Row: 0
TRACE-REQUEST:READ		195:		Address: 0		Bank: 0		Column: 0		Row: 0
TRACE-REQUEST:READ		199:		Address: 0		Bank: 0		Column: 0		Row: 0
TRACE-REQUEST:READ		203:		Address: 0		Bank: 0		Column: 0		Row: 0
TRACE-REQUEST:READ		207:		Address: 0		Bank: 0		Column: 0		Row: 0
TRACE-REQUEST:READ		211:		Address: 0		Bank: 0		Column: 0		Row: 0
TRACE-REQUEST:READ		215:		Address: 0		Bank: 0		Column: 0		Row: 0
TRACE-REQUEST:READ		219:		Address: 0		Bank: 0		Column: 0		Row: 0
TRACE-REQUEST:READ		223:		Address: 0		Bank: 0		Column: 0		Row: 0
TRACE-REQUEST:READ		227:		Address: 0		Bank: 0		Column: 0		Row: 0
TRACE-REQUEST:READ		231:		Address: 0		Bank: 0		Column: 0		Row: 0
TRACE-REQUEST:READ		235:		Address: 0		Bank: 0		Column: 0		Row: 0
TRACE-REQUEST:READ		239:		Address: 0		Bank: 0		Column: 0		Row: 0
TRACE-REQUEST:READ		243:		Address: 0		Bank: 0		Column: 0		Row: 0
TRACE-REQUEST:READ		247:		Address: 0		Bank: 0		Column: 0		Row: 0
TRACE-REQUEST:READ		251:		Address: 0		Bank: 0		Column: 0		Row: 0
TRACE-REQUEST:READ		255:		Address: 0		Bank: 0		Column: 0		Row: 0
TRACE-REQUEST:READ		259:		Address: 0		Bank: 0		Column: 0		Row: 0
TRACE-REQUEST:READ		263:		Address: 0		Bank: 0		Column: 0		Row: 0
TRACE-REQUEST:READ		267:		Address: 0		Bank: 0		Column: 0		Row: 0
TRACE-REQUEST:READ		271:		Address: 0		Bank: 0		Column: 0		Row: 0
TRACE-REQUEST:READ		275:		Address: 0		Bank: 0		Column: 0		Row: 0
TRACE-REQUEST:READ		279:		Address: 0		Bank: 0		Column: 0		Row: 0
TRACE-REQUEST:READ		283:		Address: 0		Bank: 0		Column: 0		Row: 0
TRACE-REQUEST:READ		287:		Address: 0		Bank: 0		Column: 0		Row: 0
TRACE-REQUEST:READ		291:		Address: 0		Bank: 0		Column: 0		Row: 0
TRACE-REQUEST:READ		295:		Address: 0		Bank: 0		Column: 0		Row: 0
TRACE-REQUEST:READ		299:		Address: 0		Bank: 0		Column: 0		Row: 0
TRACE-REQUEST:READ		303:		Address: 0		Bank: 0		Column: 0		Row: 0
TRACE-REQUEST:READ		307:		Address: 0		Bank: 0		Column: 0		Row: 0
TRACE-REQUEST:READ		311:		Address: 0		Bank: 0		Column: 0		Row: 0
TRACE-REQUEST:READ		315:		Address: 0		Bank: 0		Column: 0		Row: 0
TRACE-REQUEST:READ		319:		Address: 0		Bank: 0		Column: 0		Row: 0
TRACE-REQUEST:READ		323:		Address: 0		Bank: 0		Column: 0		Row: 0
TRACE-REQUEST:READ		327:		Address: 0		Bank: 0		Column: 0		Row: 0
TRACE-REQUEST:READ		331:		Address: 0		Bank: 0		Column: 0		Row: 0
TRACE-REQUEST:READ		335:		Address: 0		Bank: 0		Column: 0		Row: 0
TRACE-REQUEST:READ		339:		Address: 0		Bank: 0		Column: 0		Row: 0
TRACE-REQUEST:READ		343:		Address: 0		Bank: 0		Column: 0		Row: 0
TRACE-REQUEST:READ		347:		Address: 0		Bank: 0		Column: 0		Row: 0
TRACE-REQUEST:READ		351:		Address: 0		Bank: 0		Column: 0		Row: 0
TRACE-REQUEST:READ		355:		Address: 0		Bank: 0		Column: 0		Row: 0
TRACE-REQUEST:READ		359:		Address: 0		Bank: 0		Column: 0		Row: 0
TRACE-REQUEST:READ		363:		Address: 0		Bank: 0		Column: 0		Row: 0
TRACE-REQUEST:READ		367:		Address: 0		Bank: 0		Column: 0		Row: 0
TRACE-REQUEST:READ		371:		Address: 0		Bank: 0		Column: 0		Row: 0
TRACE-REQUEST:READ		375:		Address: 0		Bank: 0		Column: 0		Row: 0
TRACE-REQUEST:READ		379:		Address: 0		Bank: 0		Column: 0		Row: 0
TRACE-REQUEST:READ		383:		Address: 0		Bank: 0		Column: 0		Row: 0
TRACE-REQUEST:READ		387:		Address: 0		Bank: 0		Column: 0		Row: 0
TRACE-REQUEST:READ		391:		Address: 0		Bank: 0		Column: 0		Row: 0
TRACE-REQUEST:READ		395:		Address: 0		Bank: 0		Column: 0		Row: 0
TRACE-REQUEST:READ		399:		Address: 0		Bank: 0		Column: 0		Row: 0
TRACE-REQUEST:READ		403:		Address: 0		Bank: 0		Column: 0		Row: 0
TRACE-REQUEST:READ		407:		Address: 0		Bank: 0		Column: 0		Row: 0
TRACE-REQUEST:READ		411:		Address: 0		Bank: 0		Column: 0		Row: 0
TRACE-REQUEST:READ		415:		Address: 0		Bank: 0		Column: 0		Row: 0
TRACE-REQUEST:READ		419:		Address: 0		Bank: 0		Column: 0		Row: 0
TRACE-REQUEST:READ		423:		Address: 0		Bank: 0		Column: 0		Row: 0
TRACE-REQUEST:READ		427:		Address: 0		Bank: 0		Column: 0		Row: 0
TRACE-REQUEST:READ		431:		Address: 0		Bank: 0		Column: 0		Row: 0
TRACE-REQUEST:READ		435:		Address: 0		Bank: 0		Column: 0		Row: 0
TRACE-REQUEST:READ		439:		Address: 0		Bank: 0		Column: 0		Row: 0
TRACE-REQUEST:READ		443:		Address: 0		Bank: 0		Column: 0		Row: 0
TRACE-REQUEST:READ		447:		Address: 0		Bank: 0		Column: 0		Row: 0
TRACE-REQUEST:READ		451:		Address: 0		Bank: 0		Column: 0		Row: 0
TRACE-REQUEST:READ		455:		Address: 0		Bank: 0		Column: 0		Row: 0
TRACE-REQUEST:READ		459:		Address: 0		Bank: 0		Column: 0		Row: 0
TRACE-REQUEST:READ		463:		Address: 0		Bank: 0		Column: 0		Row: 0
TRACE-REQUEST:READ		467:		Address: 0		Bank: 0		Column: 0		Row: 0
TRACE-REQUEST:READ		471:		Address: 0		Bank: 0		Column: 0		Row: 0
TRACE-REQUEST:READ		475:		Address: 0		Bank: 0		Column: 0		Row: 0
TRACE-REQUEST:READ		479:		Address: 0		Bank: 0		Column: 0		Row: 0
TRACE-REQUEST:READ		483:		Address: 0		Bank: 0		Column: 0		Row: 0
TRACE-REQUEST:READ		487:		Address: 0		Bank: 0		Column: 0		Row: 0
TRACE-REQUEST:READ		491:		Address: 0		Bank: 0		Column: 0		Row: 0
TRACE-REQUEST:READ		495:		Address: 0		Bank: 0		Column: 0		Row: 0
TRACE-REQUEST:READ		499:		Address: 0		Bank: 0		Column: 0		Row: 0
TRACE-REQUEST:READ		503:		Address: 0		Bank: 0		Column: 0		Row: 0
TRACE-REQUEST:READ		507:		Address: 0		Bank: 0		Column: 0		Row: 0
TRACE-REQUEST:READ		511:		Address: 0		Bank: 0		Column: 0		Row: 0
TRACE-REQUEST:READ		515:		Address: 0		Bank: 0		Column: 0		Row: 0
TRACE-REQUEST:READ		519:		Address: 0		Bank: 0		Column: 0		Row: 0
TRACE-REQUEST:READ		523:		Address: 0		Bank: 0		Column: 0		Row: 0
TRACE-REQUEST:READ		527:		Address: 0		Bank: 0		Column: 0		Row: 0
TRACE-REQUEST:READ		531:		Address: 0		Bank: 0		Column: 0		Row: 0
TRACE-REQUEST:READ		535:		Address: 0		Bank: 0		Column: 0		Row: 0
TRACE-REQUEST:READ		539:		Address: 0		Bank: 0		Column: 0		Row: 0
TRACE-REQUEST:READ		543:		Address: 0		Bank: 0		Column: 0		Row: 0
TRACE-REQUEST:READ		547:		Address: 0		Bank: 0		Column: 0		Row: 0
TRACE-REQUEST:READ		551:		Address: 0		Bank: 0		Column: 0		Row: 0
TRACE-REQUEST:READ		555:		Address: 0		Bank: 0		Column: 0		Row: 0
TRACE-REQUEST:READ		559:		Address: 0		Bank: 0		Column: 0		Row: 0
TRACE-REQUEST:READ		563:		Address: 0		Bank: 0		Column: 0		Row: 0
TRACE-REQUEST:READ		567:		Address: 0		Bank: 0		Column: 0		Row: 0
TRACE-REQUEST:READ		571:		Address: 0		Bank: 0		Column: 0		Row: 0
TRACE-REQUEST:READ		575:		Address: 0		Bank: 0		Column: 0		Row: 0
TRACE-REQUEST:READ		579:		Address: 0		Bank: 0		Column: 0		Row: 0
TRACE-REQUEST:READ		583:		Address: 0		Bank: 0		Column: 0		Row: 0
TRACE-REQUEST:READ		587:		Address: 0		Bank: 0		Column: 0		Row: 0
TRACE-REQUEST:READ		591:		Address: 0		Bank: 0		Column: 0		Row: 0
TRACE-REQUEST:READ		595:		Address: 0		Bank: 0		Column: 0		Row: 0
TRACE-REQUEST:READ		599:		Address: 0		Bank: 0		Column: 0		Row: 0
TRACE-REQUEST:READ		603:		Address: 0		Bank: 0		Column: 0		Row: 0
TRACE-REQUEST:READ		607:		Address: 0		Bank: 0		Column: 0		Row: 0
TRACE-REQUEST:READ		611:		Address: 0		Bank: 0		Column: 0		Row: 0
TRACE-REQUEST:READ		615:		Address: 0		Bank: 0		Column: 0		Row: 0
TRACE-REQUEST:READ		619:		Address: 0		Bank: 0		Column: 0		Row: 0
TRACE-REQUEST:READ		623:		Address: 0		Bank: 0		Column: 0		Row: 0
TRACE-REQUEST:READ		627:		Address: 0		Bank: 0		Column: 0		Row: 0
TRACE-REQUEST:READ		631:		Address: 0		Bank: 0		Column: 0		Row: 0
TRACE-REQUEST:READ		635:		Address: 0		Bank: 0		Column: 0		Row: 0
TRACE-REQUEST:READ		639:		Address: 0		Bank: 0		Column: 0		Row: 0
TRACE-REQUEST:READ		643:		Address: 0		Bank: 0		Column: 0		Row: 0
TRACE-REQUEST:READ		647:		Address: 0		Bank: 0		Column: 0		Row: 0
TRACE-REQUEST:READ		651:		Address: 0		Bank: 0		Column: 0		Row: 0
TRACE-REQUEST:READ		655:		Address: 0		Bank: 0		Column: 0		Row: 0
TRACE-REQUEST:READ		659:		Address: 0		Bank: 0		Column: 0		Row: 0
TRACE-REQUEST:READ		663:		Address: 0		Bank: 0		Column: 0		Row: 0
TRACE-REQUEST:READ		667:		Address: 0		Bank: 0		Column: 0		Row: 0
TRACE-REQUEST:READ		671:		Address: 0		Bank: 0		Column: 0		Row: 0
TRACE-REQUEST:READ		675:		Address: 0		Bank: 0		Column: 0		Row: 0
TRACE-REQUEST:READ		679:		Address: 0		Bank: 0		Column: 0		Row: 0
TRACE-REQUEST:READ		683:		Address: 0		Bank: 0		Column: 0		Row: 0
TRACE-REQUEST:READ		687:		Address: 0		Bank: 0		Column: 0		Row: 0
TRACE-REQUEST:READ		691:		Address: 0		Bank: 0		Column: 0		Row: 0
TRACE-REQUEST:READ		695:		Address: 0		Bank: 0		Column: 0		Row: 0
TRACE-REQUEST:READ		699:		Address: 0		Bank: 0		Column: 0		Row: 0
TRACE-REQUEST:READ		703:		Address: 0		Bank: 0		Column: 0		Row: 0
TRACE-REQUEST:READ		707:		Address: 0		Bank: 0		Column: 0		Row: 0
TRACE-REQUEST:READ		711:		Address: 0		Bank: 0		Column: 0		Row: 0
TRACE-REQUEST:READ		715:		Address: 0		Bank: 0		Column: 0		Row: 0
TRACE-REQUEST:READ		719:		Address: 0		Bank: 0		Column: 0		Row: 0
TRACE-REQUEST:READ		723:		Address: 0		Bank: 0		Column: 0		Row: 0
TRACE-REQUEST:READ		727:		Address: 0		Bank: 0		Column: 0		Row: 0
TRACE-REQUEST:READ		731:		Address: 0		Bank: 0		Column: 0		Row: 0
TRACE-REQUEST:READ		735:		Address: 0		Bank: 0		Column: 0		Row: 0
TRACE-REQUEST:READ		739:		Address: 0		Bank: 0		Column: 0		Row: 0
TRACE-REQUEST:READ		743:		Address: 0		Bank: 0		Column: 0		Row: 0
TRACE-REQUEST:READ		747:		Address: 0		Bank: 0		Column: 0		Row: 0
TRACE-REQUEST:READ		751:		Address: 0		Bank: 0		Column: 0		Row: 0
TRACE-REQUEST:READ		755:		Address: 0		Bank: 0		Column: 0		Row: 0
TRACE-REQUEST:READ		759:		Address: 0		Bank: 0		Column: 0		Row: 0
TRACE-REQUEST:READ		763:		Address: 0		Bank: 0		Column: 0		Row: 0
TRACE-REQUEST:READ		767:		Address: 0		Bank: 0		Column: 0		Row: 0
TRACE-REQUEST:READ		771:		Address: 0		Bank: 0		Column: 0		Row: 0
TRACE-REQUEST:READ		775:		Address: 0		Bank: 0		Column: 0		Row: 0
TRACE-REQUEST:READ		779:		Address: 0		Bank: 0		Column: 0		Row: 0
TRACE-REQUEST:READ		783:		Address: 0		Bank: 0		Column: 0		Row: 0
TRACE-REQUEST:READ		787:		Address: 0		Bank: 0		Column: 0		Row: 0
TRACE-REQUEST:READ		791:		Address: 0		Bank: 0		Column: 0		Row: 0
TRACE-REQUEST:READ		795:		Address: 0		Bank: 0		Column: 0		Row: 0
TRACE-REQUEST:READ		799:		Address: 0		Bank: 0		Column: 0		Row: 0
TRACE-REQUEST:READ		803:		Address: 0		Bank: 0		Column: 0		Row: 0
TRACE-REQUEST:READ		807:		Address: 0		Bank: 0		Column: 0		Row: 0
TRACE-REQUEST:READ		811:		Address: 0		Bank: 0		Column: 0		Row: 0
TRACE-REQUEST:READ		815:		Address: 0		Bank: 0		Column: 0		Row: 0
TRACE-REQUEST:READ		819:		Address: 0		Bank: 0		Column: 0		Row: 0
TRACE-REQUEST:READ		823:		Address: 0		Bank: 0		Column: 0		Row: 0
TRACE-REQUEST:READ		827:		Address: 0		Bank: 0		Column: 0		Row: 0
TRACE-REQUEST:READ		831:		Address: 0		Bank: 0		Column: 0		Row: 0
TRACE-REQUEST:READ		835:		Address: 0		Bank: 0		Column: 0		Row: 0
TRACE-REQUEST:READ		839:		Address: 0		Bank: 0		Column: 0		Row: 0
TRACE-REQUEST:READ		843:		Address: 0		Bank: 0		Column: 0		Row: 0
TRACE-REQUEST:READ		847:		Address: 0		Bank: 0		Column: 0		Row: 0
TRACE-REQUEST:READ		851:		Address: 0		Bank: 0		Column: 0		Row: 0
TRACE-REQUEST:READ		855:		Address: 0		Bank: 0		Column: 0		Row: 0
TRACE-REQUEST:READ		859:		Address: 0		Bank: 0		Column: 0		Row: 0
TRACE-REQUEST:READ		863:		Address: 0		Bank: 0		Column: 0		Row: 0
TRACE-REQUEST:READ		867:		Address: 0		Bank: 0		Column: 0		Row: 0
TRACE-REQUEST:READ		871:		Address: 0		Bank: 0		Column: 0		Row: 0
TRACE-REQUEST:READ		875:		Address: 0		Bank: 0		Column: 0		Row: 0
TRACE-REQUEST:READ		879:		Address: 0		Bank: 0		Column: 0		Row: 0
TRACE-REQUEST:READ		883:		Address: 0		Bank: 0		Column: 0		Row: 0
TRACE-REQUEST:READ		887:		Address: 0		Bank: 0		Column: 0		Row: 0
TRACE-REQUEST:READ		891:		Address: 0		Bank: 0		Column: 0		Row: 0
TRACE-REQUEST:READ		895:		Address: 0		Bank: 0		Column: 0		Row: 0
TRACE-REQUEST:READ		899:		Address: 0		Bank: 0		Column: 0		Row: 0
TRACE-REQUEST:READ		903:		Address: 0		Bank: 0		Column: 0		Row: 0
TRACE-REQUEST:READ		907:		Address: 0		Bank: 0		Column: 0		Row: 0
TRACE-REQUEST:READ		911:		Address: 0		Bank: 0		Column: 0		Row: 0
TRACE-REQUEST:READ		915:		Address: 0		Bank: 0		Column: 0		Row: 0
TRACE-REQUEST:READ		919:		Address: 0		Bank: 0		Column: 0		Row: 0
TRACE-REQUEST:READ		923:		Address: 0		Bank: 0		Column: 0		Row: 0
TRACE-REQUEST:READ		927:		Address: 0		Bank: 0		Column: 0		Row: 0
TRACE-REQUEST:READ		931:		Address: 0		Bank: 0		Column: 0		Row: 0
TRACE-REQUEST:READ		935:		Address: 0		Bank: 0		Column: 0		Row: 0
TRACE-REQUEST:READ		939:		Address: 0		Bank: 0		Column: 0		Row: 0
TRACE-REQUEST:READ		943:		Address: 0		Bank: 0		Column: 0		Row: 0
TRACE-REQUEST:READ		947:		Address: 0		Bank: 0		Column: 0		Row: 0
TRACE-REQUEST:READ		951:		Address: 0		Bank: 0		Column: 0		Row: 0
TRACE-REQUEST:READ		955:		Address: 0		Bank: 0		Column: 0		Row: 0
TRACE-REQUEST:READ		959:		Address: 0		Bank: 0		Column: 0		Row: 0
TRACE-REQUEST:READ		963:		Address: 0		Bank: 0		Column: 0		Row: 0
TRACE-REQUEST:READ		967:		Address: 0		Bank: 0		Column: 0		Row: 0
TRACE-REQUEST:READ		971:		Address: 0		Bank: 0		Column: 0		Row: 0
TRACE-REQUEST:READ		975:		Address: 0		Bank: 0		Column: 0		Row: 0
TRACE-REQUEST:READ		979:		Address: 0		Bank: 0		Column: 0		Row: 0
TRACE-REQUEST:READ		983:		Address: 0		Bank: 0		Column: 0		Row: 0
TRACE-REQUEST:READ		987:		Address: 0		Bank: 0		Column: 0		Row: 0
TRACE-REQUEST:READ		991:		Address: 0		Bank: 0		Column: 0		Row: 0
TRACE-REQUEST:READ		995:		Address: 0		Bank: 0		Column: 0		Row: 0
TRACE-REQUEST:READ		999:		Address: 0		Bank: 0		Column: 0		Row: 0
TRACE-REQUEST:READ		1003:		Address: 0		Bank: 0		Column: 0		Row: 0
TRACE-REQUEST:READ		1007:		Address: 0		Bank: 0		Column: 0		Row: 0
TRACE-REQUEST:READ		1011:		Address: 0		Bank: 0		Column: 0		Row: 0
TRACE-REQUEST:READ		1015:		Address: 0		Bank: 0		Column: 0		Row: 0
TRACE-REQUEST:READ		1019:		Address: 0		Bank: 0		Column: 0		Row: 0
TRACE-REQUEST:READ		1023:		Address: 0		Bank: 0		Column: 0		Row: 0
TRACE-REQUEST:READ		1027:		Address: 0		Bank: 0		Column: 0		Row: 0
TRACE-REQUEST:READ		1031:		Address: 0		Bank: 0		Column: 0		Row: 0
TRACE-REQUEST:READ		1035:		Address: 0		Bank: 0		Column: 0		Row: 0
TRACE-REQUEST:READ		1039:		Address: 0		Bank: 0		Column: 0		Row: 0
TRACE-REQUEST:READ		1043:		Address: 0		Bank: 0		Column: 0		Row: 0
TRACE-REQUEST:READ		1047:		Address: 0		Bank: 0		Column: 0		Row: 0
TRACE-REQUEST:READ		1051:		Address: 0		Bank: 0		Column: 0		Row: 0
TRACE-REQUEST:READ		1055:		Address: 0		Bank: 0		Column: 0		Row: 0
TRACE-REQUEST:READ		1059:		Address: 0		Bank: 0		Column: 0		Row: 0
TRACE-REQUEST:READ		1063:		Address: 0		Bank: 0		Column: 0		Row: 0
TRACE-REQUEST:READ		1067:		Address: 0		Bank: 0		Column: 0		Row: 0
TRACE-REQUEST:READ		1071:		Address: 0		Bank: 0		Column: 0		Row: 0
TRACE-REQUEST:READ		1075:		Address: 0		Bank: 0		Column: 0		Row: 0
TRACE-REQUEST:READ		1079:		Address: 0		Bank: 0		Column: 0		Row: 0
TRACE-REQUEST:READ		1083:		Address: 0		Bank: 0		Column: 0		Row: 0
TRACE-REQUEST:READ		1087:		Address: 0		Bank: 0		Column: 0		Row: 0
TRACE-REQUEST:READ		1091:		Address: 0		Bank: 0		Column: 0		Row: 0
TRACE-REQUEST:READ		1095:		Address: 0		Bank: 0		Column: 0		Row: 0
TRACE-REQUEST:READ		1099:		Address: 0		Bank: 0		Column: 0		Row: 0
TRACE-REQUEST:READ		1103:		Address: 0		Bank: 0		Column: 0		Row: 0
TRACE-REQUEST:READ		1107:		Address: 0		Bank: 0		Column: 0		Row: 0
TRACE-REQUEST:READ		1111:		Address: 0		Bank: 0		Column: 0		Row: 0
TRACE-REQUEST:READ		1115:		Address: 0		Bank: 0		Column: 0		Row: 0
TRACE-REQUEST:READ		1119:		Address: 0		Bank: 0		Column: 0		Row: 0
TRACE-REQUEST:READ		1123:		Address: 0		Bank: 0		Column: 0		Row: 0
TRACE-REQUEST:READ		1127:		Address: 0		Bank: 0		Column: 0		Row: 0
TRACE-REQUEST:READ		1131:		Address: 0		Bank: 0		Column: 0		Row: 0
TRACE-REQUEST:READ		1135:		Address: 0		Bank: 0		Column: 0		Row: 0
TRACE-REQUEST:READ		1139:		Address: 0		Bank: 0		Column: 0		Row: 0
TRACE-REQUEST:READ		1143:		Address: 0		Bank: 0		Column: 0		Row: 0
TRACE-REQUEST:READ		1147:		Address: 0		Bank: 0		Column: 0		Row: 0
TRACE-REQUEST:READ		1151:		Address: 0		Bank: 0		Column: 0		Row: 0
TRACE-REQUEST:READ		1155:		Address: 0		Bank: 0		Column: 0		Row: 0
TRACE-REQUEST:READ		1159:		Address: 0		Bank: 0		Column: 0		Row: 0
TRACE-REQUEST:READ		1163:		Address: 0		Bank: 0		Column: 0		Row: 0
TRACE-REQUEST:READ		1167:		Address: 0		Bank: 0		Column: 0		Row: 0
TRACE-REQUEST:READ		1171:		Address: 0		Bank: 0		Column: 0		Row: 0
TRACE-REQUEST:READ		1175:		Address: 0		Bank: 0		Column: 0		Row: 0
TRACE-REQUEST:READ		1179:		Address: 0		Bank: 0		Column: 0		Row: 0
TRACE-REQUEST:READ		1183:		Address: 0		Bank: 0		Column: 0		Row: 0
TRACE-REQUEST:READ		1187:		Address: 0		Bank: 0		Column: 0		Row: 0
TRACE-REQUEST:READ		1191:		Address: 0		Bank: 0		Column: 0		Row: 0
TRACE-REQUEST:READ		1195:		Address: 0		Bank: 0		Column: 0		Row: 0
TRACE-REQUEST:READ		1199:		Address: 0		Bank: 0		Column: 0		Row: 0
TRACE-REQUEST:READ		1203:		Address: 0		Bank: 0		Column: 0		Row: 0
TRACE-REQUEST:READ		1207:		Address: 0		Bank: 0		Column: 0		Row: 0
TRACE-REQUEST:READ		1211:		Address: 0		Bank: 0		Column: 0		Row: 0
TRACE-REQUEST:READ		1215:		Address: 0		Bank: 0		Column: 0		Row: 0
TRACE-REQUEST:READ		1219:		Address: 0		Bank: 0		Column: 0		Row: 0
TRACE-REQUEST:READ		1223:		Address: 0		Bank: 0		Column: 0		Row: 0
TRACE-REQUEST:READ		1227:		Address: 0		Bank: 0		Column: 0		Row: 0
TRACE-REQUEST:READ		1231:		Address: 0		Bank: 0		Column: 0		Row: 0
TRACE-REQUEST:READ		1235:		Address: 0		Bank: 0		Column: 0		Row: 0
TRACE-REQUEST:READ		1239:		Address: 0		Bank: 0		Column: 0		Row: 0
TRACE-REQUEST:READ		1243:		Address: 0		Bank: 0		Column: 0		Row: 0
TRACE-REQUEST:READ		1247:		Address: 0		Bank: 0		Column: 0		Row: 0
TRACE-REQUEST:READ		1251:		Address: 0		Bank: 0		Column: 0		Row: 0
TRACE-REQUEST:READ		1255:		Address: 0		Bank: 0		Column: 0		Row: 0
TRACE-REQUEST:READ		1259:		Address: 0		Bank: 0		Column: 0		Row: 0
TRACE-REQUEST:READ		1263:		Address: 0		Bank: 0		Column: 0		Row: 0
TRACE-REQUEST:READ		1267:		Address: 0		Bank: 0		Column: 0		Row: 0
TRACE-REQUEST:READ		1271:		Address: 0		Bank: 0		Column: 0		Row: 0
TRACE-REQUEST:READ		1275:		Address: 0		Bank: 0		Column: 0		Row: 0
TRACE-REQUEST:READ		1279:		Address: 0		Bank: 0		Column: 0		Row: 0
TRACE-REQUEST:READ		1283:		Address: 0		Bank: 0		Column: 0		Row: 0
TRACE-REQUEST:READ		1287:		Address: 0		Bank: 0		Column: 0		Row: 0
TRACE-REQUEST:READ		1291:		Address: 0		Bank: 0		Column: 0		Row: 0
TRACE-REQUEST:READ		1295:		Address: 0		Bank: 0		Column: 0		Row: 0
TRACE-REQUEST:READ		1299:		Address: 0		Bank: 0		Column: 0		Row: 0
TRACE-REQUEST:READ		1303:		Address: 0		Bank: 0		Column: 0		Row: 0
TRACE-REQUEST:READ		1307:		Address: 0		Bank: 0		Column: 0		Row: 0
TRACE-REQUEST:READ		1311:		Address: 0		Bank: 0		Column: 0		Row: 0
TRACE-REQUEST:READ		1315:		Address: 0		Bank: 0		Column: 0		Row: 0
TRACE-REQUEST:READ		1319:		Address: 0		Bank: 0		Column: 0		Row: 0
TRACE-REQUEST:READ		1323:		Address: 0		Bank: 0		Column: 0		Row: 0
TRACE-REQUEST:READ		1327:		Address: 0		Bank: 0		Column: 0		Row: 0
TRACE-REQUEST:READ		1331:		Address: 0		Bank: 0		Column: 0		Row: 0
TRACE-REQUEST:READ		1335:		Address: 0		Bank: 0		Column: 0		Row: 0
TRACE-REQUEST:READ		1339:		Address: 0		Bank: 0		Column: 0		Row: 0
TRACE-REQUEST:READ		1343:		Address: 0		Bank: 0		Column: 0		Row: 0
TRACE-REQUEST:READ		1347:		Address: 0		Bank: 0		Column: 0		Row: 0
TRACE-REQUEST:READ		1351:		Address: 0		Bank: 0		Column: 0		Row: 0
TRACE-REQUEST:READ		1355:		Address: 0		Bank: 0		Column: 0		Row: 0
TRACE-REQUEST:READ		1359:		Address: 0		Bank: 0		Column: 0		Row: 0
TRACE-REQUEST:READ		1363:		Address: 0		Bank: 0		Column: 0		Row: 0
TRACE-REQUEST:READ		1367:		Address: 0		Bank: 0		Column: 0		Row: 0
TRACE-REQUEST:READ		1371:		Address: 0		Bank: 0		Column: 0		Row: 0
TRACE-REQUEST:READ		1375:		Address: 0		Bank: 0		Column: 0		Row: 0
TRACE-REQUEST:READ		1379:		Address: 0		Bank: 0		Column: 0		Row: 0
TRACE-REQUEST:READ		1383:		Address: 0		Bank: 0		Column: 0		Row: 0
TRACE-REQUEST:READ		1387:		Address: 0		Bank: 0		Column: 0		Row: 0
TRACE-REQUEST:READ		1391:		Address: 0		Bank: 0		Column: 0		Row: 0
TRACE-REQUEST:READ		1395:		Address: 0		Bank: 0		Column: 0		Row: 0
TRACE-REQUEST:READ		1399:		Address: 0		Bank: 0		Column: 0		Row: 0
TRACE-REQUEST:READ		1403:		Address: 0		Bank: 0		Column: 0		Row: 0
TRACE-REQUEST:READ		1407:		Address: 0		Bank: 0		Column: 0		Row: 0
TRACE-REQUEST:READ		1411:		Address: 0		Bank: 0		Column: 0		Row: 0
TRACE-REQUEST:READ		1415:		Address: 0		Bank: 0		Column: 0		Row: 0
TRACE-REQUEST:READ		1419:		Address: 0		Bank: 0		Column: 0		Row: 0
TRACE-REQUEST:READ		1423:		Address: 0		Bank: 0		Column: 0		Row: 0
TRACE-REQUEST:READ		1427:		Address: 0		Bank: 0		Column: 0		Row: 0
TRACE-REQUEST:READ		1431:		Address: 0		Bank: 0		Column: 0		Row: 0
TRACE-REQUEST:READ		1435:		Address: 0		Bank: 0		Column: 0		Row: 0
TRACE-REQUEST:READ		1439:		Address: 0		Bank: 0		Column: 0		Row: 0
TRACE-REQUEST:READ		1443:		Address: 0		Bank: 0		Column: 0		Row: 0
TRACE-REQUEST:READ		1447:		Address: 0		Bank: 0		Column: 0		Row: 0
TRACE-REQUEST:READ		1451:		Address: 0		Bank: 0		Column: 0		Row: 0
TRACE-REQUEST:READ		1455:		Address: 0		Bank: 0		Column: 0		Row: 0
TRACE-REQUEST:READ		1459:		Address: 0		Bank: 0		Column: 0		Row: 0
TRACE-REQUEST:READ		1463:		Address: 0		Bank: 0		Column: 0		Row: 0
TRACE-REQUEST:READ		1467:		Address: 0		Bank: 0		Column: 0		Row: 0
TRACE-REQUEST:READ		1471:		Address: 0		Bank: 0		Column: 0		Row: 0
TRACE-REQUEST:READ		1475:		Address: 0		Bank: 0		Column: 0		Row: 0
TRACE-REQUEST:READ		1479:		Address: 0		Bank: 0		Column: 0		Row: 0
TRACE-REQUEST:READ		1483:		Address: 0		Bank: 0		Column: 0		Row: 0
TRACE-REQUEST:READ		1487:		Address: 0		Bank: 0		Column: 0		Row: 0
TRACE-REQUEST:READ		1491:		Address: 0		Bank: 0		Column: 0		Row: 0
TRACE-REQUEST:READ		1495:		Address: 0		Bank: 0		Column: 0		Row: 0
TRACE-REQUEST:READ		1499:		Address: 0		Bank: 0		Column: 0		Row: 0
TRACE-REQUEST:READ		1503:		Address: 0		Bank: 0		Column: 0		Row: 0
TRACE-REQUEST:READ		1507:		Address: 0		Bank: 0		Column: 0		Row: 0
TRACE-REQUEST:READ		1511:		Address: 0		Bank: 0		Column: 0		Row: 0
TRACE-REQUEST:READ		1515:		Address: 0		Bank: 0		Column: 0		Row: 0
TRACE-REQUEST:READ		1519:		Address: 0		Bank: 0		Column: 0		Row: 0
TRACE-REQUEST:READ		1523:		Address: 0		Bank: 0		Column: 0		Row: 0
TRACE-REQUEST:READ		1527:		Address: 0		Bank: 0		Column: 0		Row: 0
TRACE-REQUEST:READ		1531:		Address: 0		Bank: 0		Column: 0		Row: 0
TRACE-REQUEST:READ		1535:		Address: 0		Bank: 0		Column: 0		Row: 0
TRACE-REQUEST:READ		1539:		Address: 0		Bank: 0		Column: 0		Row: 0
TRACE-REQUEST:READ		1543:		Address: 0		Bank: 0		Column: 0		Row: 0
TRACE-REQUEST:READ		1547:		Address: 0		Bank: 0		Column: 0		Row: 0
TRACE-REQUEST:READ		1551:		Address: 0		Bank: 0		Column: 0		Row: 0
TRACE-REQUEST:READ		1555:		Address: 0		Bank: 0		Column: 0		Row: 0
TRACE-REQUEST:READ		1559:		Address: 0		Bank: 0		Column: 0		Row: 0
TRACE-REQUEST:READ		1563:		Address: 0		Bank: 0		Column: 0		Row: 0
TRACE-REQUEST:READ		1567:		Address: 0		Bank: 0		Column: 0		Row: 0
TRACE-REQUEST:READ		1571:		Address: 0		Bank: 0		Column: 0		Row: 0
TRACE-REQUEST:READ		1575:		Address: 0		Bank: 0		Column: 0		Row: 0
TRACE-REQUEST:READ		1579:		Address: 0		Bank: 0		Column: 0		Row: 0
TRACE-REQUEST:READ		1583:		Address: 0		Bank: 0		Column: 0		Row: 0
TRACE-REQUEST:READ		1587:		Address: 0		Bank: 0		Column: 0		Row: 0
TRACE-REQUEST:READ		1591:		Address: 0		Bank: 0		Column: 0		Row: 0
TRACE-REQUEST:READ		1595:		Address: 0		Bank: 0		Column: 0		Row: 0
TRACE-REQUEST:READ		1599:		Address: 0		Bank: 0		Column: 0		Row: 0
TRACE-REQUEST:READ		1603:		Address: 0		Bank: 0		Column: 0		Row: 0
TRACE-REQUEST:READ		1607:		Address: 0		Bank: 0		Column: 0		Row: 0
TRACE-REQUEST:READ		1611:		Address: 0		Bank: 0		Column: 0		Row: 0
TRACE-REQUEST:READ		1615:		Address: 0		Bank: 0		Column: 0		Row: 0
TRACE-REQUEST:READ		1619:		Address: 0		Bank: 0		Column: 0		Row: 0
TRACE-REQUEST:READ		1623:		Address: 0		Bank: 0		Column: 0		Row: 0
TRACE-REQUEST:READ		1627:		Address: 0		Bank: 0		Column: 0		Row: 0
TRACE-REQUEST:READ		1631:		Address: 0		Bank: 0		Column: 0		Row: 0
TRACE-REQUEST:READ		1635:		Address: 0		Bank: 0		Column: 0		Row: 0
TRACE-REQUEST:READ		1639:		Address: 0		Bank: 0		Column: 0		Row: 0
TRACE-REQUEST:READ		1643:		Address: 0		Bank: 0		Column: 0		Row: 0
TRACE-REQUEST:READ		1647:		Address: 0		Bank: 0		Column: 0		Row: 0
TRACE-REQUEST:READ		1651:		Address: 0		Bank: 0		Column: 0		Row: 0
TRACE-REQUEST:READ		1655:		Address: 0		Bank: 0		Column: 0		Row: 0
TRACE-REQUEST:READ		1659:		Address: 0		Bank: 0		Column: 0		Row: 0
TRACE-REQUEST:READ		1663:		Address: 0		Bank: 0		Column: 0		Row: 0
TRACE-REQUEST:READ		1667:		Address: 0		Bank: 0		Column: 0		Row: 0
TRACE-REQUEST:READ		1671:		Address: 0		Bank: 0		Column: 0		Row: 0
TRACE-REQUEST:READ		1675:		Address: 0		Bank: 0		Column: 0		Row: 0
TRACE-REQUEST:READ		1679:		Address: 0		Bank: 0		Column: 0		Row: 0
TRACE-REQUEST:READ		1683:		Address: 0		Bank: 0		Column: 0		Row: 0
TRACE-REQUEST:READ		1687:		Address: 0		Bank: 0		Column: 0		Row: 0
TRACE-REQUEST:READ		1691:		Address: 0		Bank: 0		Column: 0		Row: 0
TRACE-REQUEST:READ		1695:		Address: 0		Bank: 0		Column: 0		Row: 0
TRACE-REQUEST:READ		1699:		Address: 0		Bank: 0		Column: 0		Row: 0
TRACE-REQUEST:READ		1703:		Address: 0		Bank: 0		Column: 0		Row: 0
TRACE-REQUEST:READ		1707:		Address: 0		Bank: 0		Column: 0		Row: 0
TRACE-REQUEST:READ		1711:		Address: 0		Bank: 0		Column: 0		Row: 0
TRACE-REQUEST:READ		1715:		Address: 0		Bank: 0		Column: 0		Row: 0
TRACE-REQUEST:READ		1719:		Address: 0		Bank: 0		Column: 0		Row: 0
TRACE-REQUEST:READ		1723:		Address: 0		Bank: 0		Column: 0		Row: 0
TRACE-REQUEST:READ		1727:		Address: 0		Bank: 0		Column: 0		Row: 0
TRACE-REQUEST:READ		1731:		Address: 0		Bank: 0		Column: 0		Row: 0
TRACE-REQUEST:READ		1735:		Address: 0		Bank: 0		Column: 0		Row: 0
TRACE-REQUEST:READ		1739:		Address: 0		Bank: 0		Column: 0		Row: 0
TRACE-REQUEST:READ		1743:		Address: 0		Bank: 0		Column: 0		Row: 0
TRACE-REQUEST:READ		1747:		Address: 0		Bank: 0		Column: 0		Row: 0
TRACE-REQUEST:READ		1751:		Address: 0		Bank: 0		Column: 0		Row: 0
TRACE-REQUEST:READ		1755:		Address: 0		Bank: 0		Column: 0		Row: 0
TRACE-REQUEST:READ		1759:		Address: 0		Bank: 0		Column: 0		Row: 0
TRACE-REQUEST:READ		1763:		Address: 0		Bank: 0		Column: 0		Row: 0
TRACE-REQUEST:READ		1767:		Address: 0		Bank: 0		Column: 0		Row: 0
TRACE-REQUEST:READ		1771:		Address: 0		Bank: 0		Column: 0		Row: 0
TRACE-REQUEST:READ		1775:		Address: 0		Bank: 0		Column: 0		Row: 0
TRACE-REQUEST:READ		1779:		Address: 0		Bank: 0		Column: 0		Row: 0
TRACE-REQUEST:READ		1783:		Address: 0		Bank: 0		Column: 0		Row: 0
TRACE-REQUEST:READ		1787:		Address: 0		Bank: 0		Column: 0		Row: 0
TRACE-REQUEST:READ		1791:		Address: 0		Bank: 0		Column: 0		Row: 0
TRACE-REQUEST:READ		1795:		Address: 0		Bank: 0		Column: 0		Row: 0
TRACE-REQUEST:READ		1799:		Address: 0		Bank: 0		Column: 0		Row: 0
TRACE-REQUEST:READ		1803:		Address: 0		Bank: 0		Column: 0		Row: 0
TRACE-REQUEST:READ		1807:		Address: 0		Bank: 0		Column: 0		Row: 0
TRACE-REQUEST:READ		1811:		Address: 0		Bank: 0		Column: 0		Row: 0
TRACE-REQUEST:READ		1815:		Address: 0		Bank: 0		Column: 0		Row: 0
TRACE-REQUEST:READ		1819:		Address: 0		Bank: 0		Column: 0		Row: 0
TRACE-REQUEST:READ		1823:		Address: 0		Bank: 0		Column: 0		Row: 0
TRACE-REQUEST:READ		1827:		Address: 0		Bank: 0		Column: 0		Row: 0
TRACE-REQUEST:READ		1831:		Address: 0		Bank: 0		Column: 0		Row: 0
TRACE-REQUEST:READ		1835:		Address: 0		Bank: 0		Column: 0		Row: 0
TRACE-REQUEST:READ		1839:		Address: 0		Bank: 0		Column: 0		Row: 0
TRACE-REQUEST:READ		1843:		Address: 0		Bank: 0		Column: 0		Row: 0
TRACE-REQUEST:READ		1847:		Address: 0		Bank: 0		Column: 0		Row: 0
TRACE-REQUEST:READ		1851:		Address: 0		Bank: 0		Column: 0		Row: 0
TRACE-REQUEST:READ		1855:		Address: 0		Bank: 0		Column: 0		Row: 0
TRACE-REQUEST:READ		1859:		Address: 0		Bank: 0		Column: 0		Row: 0
TRACE-REQUEST:READ		1863:		Address: 0		Bank: 0		Column: 0		Row: 0
TRACE-REQUEST:READ		1867:		Address: 0		Bank: 0		Column: 0		Row: 0
TRACE-REQUEST:READ		1871:		Address: 0		Bank: 0		Column: 0		Row: 0
TRACE-REQUEST:READ		1875:		Address: 0		Bank: 0		Column: 0		Row: 0
TRACE-REQUEST:READ		1879:		Address: 0		Bank: 0		Column: 0		Row: 0
TRACE-REQUEST:READ		1883:		Address: 0		Bank: 0		Column: 0		Row: 0
TRACE-REQUEST:READ		1887:		Address: 0		Bank: 0		Column: 0		Row: 0
TRACE-REQUEST:READ		1891:		Address: 0		Bank: 0		Column: 0		Row: 0
TRACE-REQUEST:READ		1895:		Address: 0		Bank: 0		Column: 0		Row: 0
TRACE-REQUEST:READ		1899:		Address: 0		Bank: 0		Column: 0		Row: 0
TRACE-REQUEST:READ		1903:		Address: 0		Bank: 0		Column: 0		Row: 0
TRACE-REQUEST:READ		1907:		Address: 0		Bank: 0		Column: 0		Row: 0
TRACE-REQUEST:READ		1911:		Address: 0		Bank: 0		Column: 0		Row: 0
TRACE-REQUEST:READ		1915:		Address: 0		Bank: 0		Column: 0		Row: 0
TRACE-REQUEST:READ		1919:		Address: 0		Bank: 0		Column: 0		Row: 0
TRACE-REQUEST:READ		1923:		Address: 0		Bank: 0		Column: 0		Row: 0
TRACE-REQUEST:READ		1927:		Address: 0		Bank: 0		Column: 0		Row: 0
TRACE-REQUEST:READ		1931:		Address: 0		Bank: 0		Column: 0		Row: 0
TRACE-REQUEST:READ		1935:		Address: 0		Bank: 0		Column: 0		Row: 0
TRACE-REQUEST:READ		1939:		Address: 0		Bank: 0		Column: 0		Row: 0
TRACE-REQUEST:READ		1943:		Address: 0		Bank: 0		Column: 0		Row: 0
TRACE-REQUEST:READ		1947:		Address: 0		Bank: 0		Column: 0		Row: 0
TRACE-REQUEST:READ		1951:		Address: 0		Bank: 0		Column: 0		Row: 0
TRACE-REQUEST:READ		1955:		Address: 0		Bank: 0		Column: 0		Row: 0
TRACE-REQUEST:READ		1959:		Address: 0		Bank: 0		Column: 0		Row: 0
TRACE-REQUEST:READ		1963:		Address: 0		Bank: 0		Column: 0		Row: 0
TRACE-REQUEST:READ		1967:		Address: 0		Bank: 0		Column: 0		Row: 0
TRACE-REQUEST:READ		1971:		Address: 0		Bank: 0		Column: 0		Row: 0
TRACE-REQUEST:READ		1975:		Address: 0		Bank: 0		Column: 0		Row: 0
TRACE-REQUEST:READ		1979:		Address: 0		Bank: 0		Column: 0		Row: 0
TRACE-REQUEST:READ		1983:		Address: 0		Bank: 0		Column: 0		Row: 0
TRACE-REQUEST:READ		1987:		Address: 0		Bank: 0		Column: 0		Row: 0
TRACE-REQUEST:READ		1991:		Address: 0		Bank: 0		Column: 0		Row: 0
TRACE-REQUEST:READ		1995:		Address: 0		Bank: 0		Column: 0		Row: 0
TRACE-REQUEST:READ		1999:		Address: 0		Bank: 0		Column: 0		Row: 0
TRACE-REQUEST:READ		2003:		Address: 0		Bank: 0		Column: 0		Row: 0
TRACE-REQUEST:READ		2007:		Address: 0		Bank: 0		Column: 0		Row: 0
TRACE-REQUEST:READ		2011:		Address: 0		Bank: 0		Column: 0		Row: 0
TRACE-REQUEST:READ		2015:		Address: 0		Bank: 0		Column: 0		Row: 0
TRACE-REQUEST:READ		2019:		Address: 0		Bank: 0		Column: 0		Row: 0
TRACE-REQUEST:READ		2023:		Address: 0		Bank: 0		Column: 0		Row: 0
TRACE-REQUEST:READ		2027:		Address: 0		Bank: 0		Column: 0		Row: 0
TRACE-REQUEST:READ		2031:		Address: 0		Bank: 0		Column: 0		Row: 0
TRACE-REQUEST:READ		2035:		Address: 0		Bank: 0		Column: 0		Row: 0
TRACE-REQUEST:READ		2039:		Address: 0		Bank: 0		Column: 0		Row: 0
TRACE-REQUEST:READ		2043:		Address: 0		Bank: 0		Column: 0		Row: 0
TRACE-REQUEST:READ		2047:		Address: 0		Bank: 0		Column: 0		Row: 0
TRACE-REQUEST:READ		2051:		Address: 0		Bank: 0		Column: 0		Row: 0
TRACE-REQUEST:READ		2055:		Address: 0		Bank: 0		Column: 0		Row: 0
TRACE-REQUEST:READ		2059:		Address: 0		Bank: 0		Column: 0		Row: 0
TRACE-REQUEST:READ		2063:		Address: 0		Bank: 0		Column: 0		Row: 0
TRACE-REQUEST:READ		2067:		Address: 0		Bank: 0		Column: 0		Row: 0
TRACE-REQUEST:READ		2071:		Address: 0		Bank: 0		Column: 0		Row: 0
TRACE-REQUEST:READ		2075:		Address: 0		Bank: 0		Column: 0		Row: 0
TRACE-REQUEST:READ		2079:		Address: 0		Bank: 0		Column: 0		Row: 0
TRACE-REQUEST:READ		2083:		Address: 0		Bank: 0		Column: 0		Row: 0
TRACE-REQUEST:READ		2087:		Address: 0		Bank: 0		Column: 0		Row: 0
TRACE-REQUEST:READ		2091:		Address: 0		Bank: 0		Column: 0		Row: 0
TRACE-REQUEST:READ		2095:		Address: 0		Bank: 0		Column: 0		Row: 0
TRACE-REQUEST:READ		2099:		Address: 0		Bank: 0		Column: 0		Row: 0
TRACE-REQUEST:READ		2103:		Address: 0		Bank: 0		Column: 0		Row: 0
TRACE-REQUEST:READ		2107:		Address: 0		Bank: 0		Column: 0		Row: 0
TRACE-REQUEST:READ		2111:		Address: 0		Bank: 0		Column: 0		Row: 0
TRACE-REQUEST:READ		2115:		Address: 0		Bank: 0		Column: 0		Row: 0
TRACE-REQUEST:READ		2119:		Address: 0		Bank: 0		Column: 0		Row: 0
TRACE-REQUEST:READ		2123:		Address: 0		Bank: 0		Column: 0		Row: 0
TRACE-REQUEST:READ		2127:		Address: 0		Bank: 0		Column: 0		Row: 0
TRACE-REQUEST:READ		2131:		Address: 0		Bank: 0		Column: 0		Row: 0
TRACE-REQUEST:READ		2135:		Address: 0		Bank: 0		Column: 0		Row: 0
TRACE-REQUEST:READ		2139:		Address: 0		Bank: 0		Column: 0		Row: 0
TRACE-REQUEST:READ		2143:		Address: 0		Bank: 0		Column: 0		Row: 0
TRACE-REQUEST:READ		2147:		Address: 0		Bank: 0		Column: 0		Row: 0
TRACE-REQUEST:READ		2151:		Address: 0		Bank: 0		Column: 0		Row: 0
TRACE-REQUEST:READ		2155:		Address: 0		Bank: 0		Column: 0		Row: 0
TRACE-REQUEST:READ		2159:		Address: 0		Bank: 0		Column: 0		Row: 0
TRACE-REQUEST:READ		2163:		Address: 0		Bank: 0		Column: 0		Row: 0
TRACE-REQUEST:READ		2167:		Address: 0		Bank: 0		Column: 0		Row: 0
TRACE-REQUEST:READ		2171:		Address: 0		Bank: 0		Column: 0		Row: 0
TRACE-REQUEST:READ		2175:		Address: 0		Bank: 0		Column: 0		Row: 0
TRACE-REQUEST:READ		2179:		Address: 0		Bank: 0		Column: 0		Row: 0
TRACE-REQUEST:READ		2183:		Address: 0		Bank: 0		Column: 0		Row: 0
TRACE-REQUEST:READ		2187:		Address: 0		Bank: 0		Column: 0		Row: 0
TRACE-REQUEST:READ		2191:		Address: 0		Bank: 0		Column: 0		Row: 0
TRACE-REQUEST:READ		2195:		Address: 0		Bank: 0		Column: 0		Row: 0
TRACE-REQUEST:READ		2199:		Address: 0		Bank: 0		Column: 0		Row: 0
TRACE-REQUEST:READ		2203:		Address: 0		Bank: 0		Column: 0		Row: 0
TRACE-REQUEST:READ		2207:		Address: 0		Bank: 0		Column: 0		Row: 0
TRACE-REQUEST:READ		2211:		Address: 0		Bank: 0		Column: 0		Row: 0
TRACE-REQUEST:READ		2215:		Address: 0		Bank: 0		Column: 0		Row: 0
TRACE-REQUEST:READ		2219:		Address: 0		Bank: 0		Column: 0		Row: 0
TRACE-REQUEST:READ		2223:		Address: 0		Bank: 0		Column: 0		Row: 0
TRACE-REQUEST:READ		2227:		Address: 0		Bank: 0		Column: 0		Row: 0
TRACE-REQUEST:READ		2231:		Address: 0		Bank: 0		Column: 0		Row: 0
TRACE-REQUEST:READ		2235:		Address: 0		Bank: 0		Column: 0		Row: 0
TRACE-REQUEST:READ		2239:		Address: 0		Bank: 0		Column: 0		Row: 0
TRACE-REQUEST:READ		2243:		Address: 0		Bank: 0		Column: 0		Row: 0
TRACE-REQUEST:READ		2247:		Address: 0		Bank: 0		Column: 0		Row: 0
TRACE-REQUEST:READ		2251:		Address: 0		Bank: 0		Column: 0		Row: 0
TRACE-REQUEST:READ		2255:		Address: 0		Bank: 0		Column: 0		Row: 0
TRACE-REQUEST:READ		2259:		Address: 0		Bank: 0		Column: 0		Row: 0
TRACE-REQUEST:READ		2263:		Address: 0		Bank: 0		Column: 0		Row: 0
TRACE-REQUEST:READ		2267:		Address: 0		Bank: 0		Column: 0		Row: 0
TRACE-REQUEST:READ		2271:		Address: 0		Bank: 0		Column: 0		Row: 0
TRACE-REQUEST:READ		2275:		Address: 0		Bank: 0		Column: 0		Row: 0
TRACE-REQUEST:READ		2279:		Address: 0		Bank: 0		Column: 0		Row: 0
TRACE-REQUEST:READ		2283:		Address: 0		Bank: 0		Column: 0		Row: 0
TRACE-REQUEST:READ		2287:		Address: 0		Bank: 0		Column: 0		Row: 0
TRACE-REQUEST:READ		2291:		Address: 0		Bank: 0		Column: 0		Row: 0
TRACE-REQUEST:READ		2295:		Address: 0		Bank: 0		Column: 0		Row: 0
TRACE-REQUEST:READ		2299:		Address: 0		Bank: 0		Column: 0		Row: 0
TRACE-REQUEST:READ		2303:		Address: 0		Bank: 0		Column: 0		Row: 0
TRACE-REQUEST:READ		2307:		Address: 0		Bank: 0		Column: 0		Row: 0
TRACE-REQUEST:READ		2311:		Address: 0		Bank: 0		Column: 0		Row: 0
TRACE-REQUEST:READ		2315:		Address: 0		Bank: 0		Column: 0		Row: 0
TRACE-REQUEST:READ		2319:		Address: 0		Bank: 0		Column: 0		Row: 0
TRACE-REQUEST:READ		2323:		Address: 0		Bank: 0		Column: 0		Row: 0
TRACE-REQUEST:READ		2327:		Address: 0		Bank: 0		Column: 0		Row: 0
TRACE-REQUEST:READ		2331:		Address: 0		Bank: 0		Column: 0		Row: 0
TRACE-REQUEST:READ		2335:		Address: 0		Bank: 0		Column: 0		Row: 0
TRACE-REQUEST:READ		2339:		Address: 0		Bank: 0		Column: 0		Row: 0
TRACE-REQUEST:READ		2343:		Address: 0		Bank: 0		Column: 0		Row: 0
TRACE-REQUEST:READ		2347:		Address: 0		Bank: 0		Column: 0		Row: 0
TRACE-REQUEST:READ		2351:		Address: 0		Bank: 0		Column: 0		Row: 0
TRACE-REQUEST:READ		2355:		Address: 0		Bank: 0		Column: 0		Row: 0
TRACE-REQUEST:READ		2359:		Address: 0		Bank: 0		Column: 0		Row: 0
TRACE-REQUEST:READ		2363:		Address: 0		Bank: 0		Column: 0		Row: 0
TRACE-REQUEST:READ		2367:		Address: 0		Bank: 0		Column: 0		Row: 0
TRACE-REQUEST:READ		2371:		Address: 0		Bank: 0		Column: 0		Row: 0
TRACE-REQUEST:READ		2375:		Address: 0		Bank: 0		Column: 0		Row: 0
TRACE-REQUEST:READ		2379:		Address: 0		Bank: 0		Column: 0		Row: 0
TRACE-REQUEST:READ		2383:		Address: 0		Bank: 0		Column: 0		Row: 0
TRACE-REQUEST:READ		2387:		Address: 0		Bank: 0		Column: 0		Row: 0
TRACE-REQUEST:READ		2391:		Address: 0		Bank: 0		Column: 0		Row: 0
TRACE-REQUEST:READ		2395:		Address: 0		Bank: 0		Column: 0		Row: 0
TRACE-REQUEST:READ		2399:		Address: 0		Bank: 0		Column: 0		Row: 0
TRACE-REQUEST:READ		2403:		Address: 0		Bank: 0		Column: 0		Row: 0
TRACE-REQUEST:READ		2407:		Address: 0		Bank: 0		Column: 0		Row: 0
TRACE-REQUEST:READ		2411:		Address: 0		Bank: 0		Column: 0		Row: 0
TRACE-REQUEST:READ		2415:		Address: 0		Bank: 0		Column: 0		Row: 0
TRACE-REQUEST:READ		2419:		Address: 0		Bank: 0		Column: 0		Row: 0
TRACE-REQUEST:READ		2423:		Address: 0		Bank: 0		Column: 0		Row: 0
TRACE-REQUEST:READ		2427:		Address: 0		Bank: 0		Column: 0		Row: 0
TRACE-REQUEST:READ		2431:		Address: 0		Bank: 0		Column: 0		Row: 0
TRACE-REQUEST:READ		2435:		Address: 0		Bank: 0		Column: 0		Row: 0
TRACE-REQUEST:READ		2439:		Address: 0		Bank: 0		Column: 0		Row: 0
TRACE-REQUEST:READ		2443:		Address: 0		Bank: 0		Column: 0		Row: 0
TRACE-REQUEST:READ		2447:		Address: 0		Bank: 0		Column: 0		Row: 0
TRACE-REQUEST:READ		2451:		Address: 0		Bank: 0		Column: 0		Row: 0
TRACE-REQUEST:READ		2455:		Address: 0		Bank: 0		Column: 0		Row: 0
TRACE-REQUEST:READ		2459:		Address: 0		Bank: 0		Column: 0		Row: 0
TRACE-REQUEST:READ		2463:		Address: 0		Bank: 0		Column: 0		Row: 0
TRACE-REQUEST:READ		2467:		Address: 0		Bank: 0		Column: 0		Row: 0
TRACE-REQUEST:READ		2471:		Address: 0		Bank: 0		Column: 0		Row: 0
TRACE-REQUEST:READ		2475:		Address: 0		Bank: 0		Column: 0		Row: 0
TRACE-REQUEST:READ		2479:		Address: 0		Bank: 0		Column: 0		Row: 0
TRACE-REQUEST:READ		2483:		Address: 0		Bank: 0		Column: 0		Row: 0
TRACE-REQUEST:READ		2487:		Address: 0		Bank: 0		Column: 0		Row: 0
TRACE-REQUEST:READ		2491:		Address: 0		Bank: 0		Column: 0		Row: 0
TRACE-REQUEST:READ		2495:		Address: 0		Bank: 0		Column: 0		Row: 0
TRACE-REQUEST:READ		2499:		Address: 0		Bank: 0		Column: 0		Row: 0
TRACE-REQUEST:READ		2503:		Address: 0		Bank: 0		Column: 0		Row: 0
TRACE-REQUEST:READ		2507:		Address: 0		Bank: 0		Column: 0		Row: 0
TRACE-REQUEST:READ		2511:		Address: 0		Bank: 0		Column: 0		Row: 0
TRACE-REQUEST:READ		2515:		Address: 0		Bank: 0		Column: 0		Row: 0
TRACE-REQUEST:READ		2519:		Address: 0		Bank: 0		Column: 0		Row: 0
TRACE-REQUEST:READ		2523:		Address: 0		Bank: 0		Column: 0		Row: 0
TRACE-REQUEST:READ		2527:		Address: 0		Bank: 0		Column: 0		Row: 0
TRACE-REQUEST:READ		2531:		Address: 0		Bank: 0		Column: 0		Row: 0
TRACE-REQUEST:READ		2535:		Address: 0		Bank: 0		Column: 0		Row: 0
TRACE-REQUEST:READ		2539:		Address: 0		Bank: 0		Column: 0		Row: 0
TRACE-REQUEST:READ		2543:		Address: 0		Bank: 0		Column: 0		Row: 0
TRACE-REQUEST:READ		2547:		Address: 0		Bank: 0		Column: 0		Row: 0
TRACE-REQUEST:READ		2551:		Address: 0		Bank: 0		Column: 0		Row: 0
TRACE-REQUEST:READ		2555:		Address: 0		Bank: 0		Column: 0		Row: 0
TRACE-REQUEST:READ		2559:		Address: 0		Bank: 0		Column: 0		Row: 0
TRACE-REQUEST:READ		2563:		Address: 0		Bank: 0		Column: 0		Row: 0
TRACE-REQUEST:READ		2567:		Address: 0		Bank: 0		Column: 0		Row: 0
TRACE-REQUEST:READ		2571:		Address: 0		Bank: 0		Column: 0		Row: 0
TRACE-REQUEST:READ		2575:		Address: 0		Bank: 0		Column: 0		Row: 0
TRACE-REQUEST:READ		2579:		Address: 0		Bank: 0		Column: 0		Row: 0
TRACE-REQUEST:READ		2583:		Address: 0		Bank: 0		Column: 0		Row: 0
TRACE-REQUEST:READ		2587:		Address: 0		Bank: 0		Column: 0		Row: 0
TRACE-REQUEST:READ		2591:		Address: 0		Bank: 0		Column: 0		Row: 0
TRACE-REQUEST:READ		2595:		Address: 0		Bank: 0		Column: 0		Row: 0
TRACE-REQUEST:READ		2599:		Address: 0		Bank: 0		Column: 0		Row: 0
TRACE-REQUEST:READ		2603:		Address: 0		Bank: 0		Column: 0		Row: 0
TRACE-REQUEST:READ		2607:		Address: 0		Bank: 0		Column: 0		Row: 0
TRACE-REQUEST:READ		2611:		Address: 0		Bank: 0		Column: 0		Row: 0
TRACE-REQUEST:READ		2615:		Address: 0		Bank: 0		Column: 0		Row: 0
TRACE-REQUEST:READ		2619:		Address: 0		Bank: 0		Column: 0		Row: 0
TRACE-REQUEST:READ		2623:		Address: 0		Bank: 0		Column: 0		Row: 0
TRACE-REQUEST:READ		2627:		Address: 0		Bank: 0		Column: 0		Row: 0
TRACE-REQUEST:READ		2631:		Address: 0		Bank: 0		Column: 0		Row: 0
TRACE-REQUEST:READ		2635:		Address: 0		Bank: 0		Column: 0		Row: 0
TRACE-REQUEST:READ		2639:		Address: 0		Bank: 0		Column: 0		Row: 0
TRACE-REQUEST:READ		2643:		Address: 0		Bank: 0		Column: 0		Row: 0
TRACE-REQUEST:READ		2647:		Address: 0		Bank: 0		Column: 0		Row: 0
TRACE-REQUEST:READ		2651:		Address: 0		Bank: 0		Column: 0		Row: 0
TRACE-REQUEST:READ		2655:		Address: 0		Bank: 0		Column: 0		Row: 0
TRACE-REQUEST:READ		2659:		Address: 0		Bank: 0		Column: 0		Row: 0
TRACE-REQUEST:READ		2663:		Address: 0		Bank: 0		Column: 0		Row: 0
TRACE-REQUEST:READ		2667:		Address: 0		Bank: 0		Column: 0		Row: 0
TRACE-REQUEST:READ		2671:		Address: 0		Bank: 0		Column: 0		Row: 0
TRACE-REQUEST:READ		2675:		Address: 0		Bank: 0		Column: 0		Row: 0
TRACE-REQUEST:READ		2679:		Address: 0		Bank: 0		Column: 0		Row: 0
TRACE-REQUEST:READ		2683:		Address: 0		Bank: 0		Column: 0		Row: 0
TRACE-REQUEST:READ		2687:		Address: 0		Bank: 0		Column: 0		Row: 0
TRACE-REQUEST:READ		2691:		Address: 0		Bank: 0		Column: 0		Row: 0
TRACE-REQUEST:READ		2695:		Address: 0		Bank: 0		Column: 0		Row: 0
TRACE-REQUEST:READ		2699:		Address: 0		Bank: 0		Column: 0		Row: 0
TRACE-REQUEST:READ		2703:		Address: 0		Bank: 0		Column: 0		Row: 0
TRACE-REQUEST:READ		2707:		Address: 0		Bank: 0		Column: 0		Row: 0
TRACE-REQUEST:READ		2711:		Address: 0		Bank: 0		Column: 0		Row: 0
TRACE-REQUEST:READ		2715:		Address: 0		Bank: 0		Column: 0		Row: 0
TRACE-REQUEST:READ		2719:		Address: 0		Bank: 0		Column: 0		Row: 0
TRACE-REQUEST:READ		2723:		Address: 0		Bank: 0		Column: 0		Row: 0
TRACE-REQUEST:READ		2727:		Address: 0		Bank: 0		Column: 0		Row: 0
TRACE-REQUEST:READ		2731:		Address: 0		Bank: 0		Column: 0		Row: 0
TRACE-REQUEST:READ		2735:		Address: 0		Bank: 0		Column: 0		Row: 0
TRACE-REQUEST:READ		2739:		Address: 0		Bank: 0		Column: 0		Row: 0
TRACE-REQUEST:READ		2743:		Address: 0		Bank: 0		Column: 0		Row: 0
TRACE-REQUEST:READ		2747:		Address: 0		Bank: 0		Column: 0		Row: 0
TRACE-REQUEST:READ		2751:		Address: 0		Bank: 0		Column: 0		Row: 0
TRACE-REQUEST:READ		2755:		Address: 0		Bank: 0		Column: 0		Row: 0
TRACE-REQUEST:READ		2759:		Address: 0		Bank: 0		Column: 0		Row: 0
TRACE-REQUEST:READ		2763:		Address: 0		Bank: 0		Column: 0		Row: 0
TRACE-REQUEST:READ		2767:		Address: 0		Bank: 0		Column: 0		Row: 0
TRACE-REQUEST:READ		2771:		Address: 0		Bank: 0		Column: 0		Row: 0
TRACE-REQUEST:READ		2775:		Address: 0		Bank: 0		Column: 0		Row: 0
TRACE-REQUEST:READ		2779:		Address: 0		Bank: 0		Column: 0		Row: 0
TRACE-REQUEST:READ		2783:		Address: 0		Bank: 0		Column: 0		Row: 0
TRACE-REQUEST:READ		2787:		Address: 0		Bank: 0		Column: 0		Row: 0
TRACE-REQUEST:READ		2791:		Address: 0		Bank: 0		Column: 0		Row: 0
TRACE-REQUEST:READ		2795:		Address: 0		Bank: 0		Column: 0		Row: 0
TRACE-REQUEST:READ		2799:		Address: 0		Bank: 0		Column: 0		Row: 0
TRACE-REQUEST:READ		2803:		Address: 0		Bank: 0		Column: 0		Row: 0
TRACE-REQUEST:READ		2807:		Address: 0		Bank: 0		Column: 0		Row: 0
TRACE-REQUEST:READ		2811:		Address: 0		Bank: 0		Column: 0		Row: 0
TRACE-REQUEST:READ		2815:		Address: 0		Bank: 0		Column: 0		Row: 0
TRACE-REQUEST:READ		2819:		Address: 0		Bank: 0		Column: 0		Row: 0
TRACE-REQUEST:READ		2823:		Address: 0		Bank: 0		Column: 0		Row: 0
TRACE-REQUEST:READ		2827:		Address: 0		Bank: 0		Column: 0		Row: 0
TRACE-REQUEST:READ		2831:		Address: 0		Bank: 0		Column: 0		Row: 0
TRACE-REQUEST:READ		2835:		Address: 0		Bank: 0		Column: 0		Row: 0
TRACE-REQUEST:READ		2839:		Address: 0		Bank: 0		Column: 0		Row: 0
TRACE-REQUEST:READ		2843:		Address: 0		Bank: 0		Column: 0		Row: 0
TRACE-REQUEST:READ		2847:		Address: 0		Bank: 0		Column: 0		Row: 0
TRACE-REQUEST:READ		2851:		Address: 0		Bank: 0		Column: 0		Row: 0
TRACE-REQUEST:READ		2855:		Address: 0		Bank: 0		Column: 0		Row: 0
TRACE-REQUEST:READ		2859:		Address: 0		Bank: 0		Column: 0		Row: 0
TRACE-REQUEST:READ		2863:		Address: 0		Bank: 0		Column: 0		Row: 0
TRACE-REQUEST:READ		2867:		Address: 0		Bank: 0		Column: 0		Row: 0
TRACE-REQUEST:READ		2871:		Address: 0		Bank: 0		Column: 0		Row: 0
TRACE-REQUEST:READ		2875:		Address: 0		Bank: 0		Column: 0		Row: 0
TRACE-REQUEST:READ		2879:		Address: 0		Bank: 0		Column: 0		Row: 0
TRACE-REQUEST:READ		2883:		Address: 0		Bank: 0		Column: 0		Row: 0
TRACE-REQUEST:READ		2887:		Address: 0		Bank: 0		Column: 0		Row: 0
TRACE-REQUEST:READ		2891:		Address: 0		Bank: 0		Column: 0		Row: 0
TRACE-REQUEST:READ		2895:		Address: 0		Bank: 0		Column: 0		Row: 0
TRACE-REQUEST:READ		2899:		Address: 0		Bank: 0		Column: 0		Row: 0
TRACE-REQUEST:READ		2903:		Address: 0		Bank: 0		Column: 0		Row: 0
TRACE-REQUEST:READ		2907:		Address: 0		Bank: 0		Column: 0		Row: 0
TRACE-REQUEST:READ		2911:		Address: 0		Bank: 0		Column: 0		Row: 0
TRACE-REQUEST:READ		2915:		Address: 0		Bank: 0		Column: 0		Row: 0
TRACE-REQUEST:READ		2919:		Address: 0		Bank: 0		Column: 0		Row: 0
TRACE-REQUEST:READ		2923:		Address: 0		Bank: 0		Column: 0		Row: 0
TRACE-REQUEST:READ		2927:		Address: 0		Bank: 0		Column: 0		Row: 0
TRACE-REQUEST:READ		2931:		Address: 0		Bank: 0		Column: 0		Row: 0
TRACE-REQUEST:READ		2935:		Address: 0		Bank: 0		Column: 0		Row: 0
TRACE-REQUEST:READ		2939:		Address: 0		Bank: 0		Column: 0		Row: 0
TRACE-REQUEST:READ		2943:		Address: 0		Bank: 0		Column: 0		Row: 0
TRACE-REQUEST:READ		2947:		Address: 0		Bank: 0		Column: 0		Row: 0
TRACE-REQUEST:READ		2951:		Address: 0		Bank: 0		Column: 0		Row: 0
TRACE-REQUEST:READ		2955:		Address: 0		Bank: 0		Column: 0		Row: 0
TRACE-REQUEST:READ		2959:		Address: 0		Bank: 0		Column: 0		Row: 0
TRACE-REQUEST:READ		2963:		Address: 0		Bank: 0		Column: 0		Row: 0
TRACE-REQUEST:READ		2967:		Address: 0		Bank: 0		Column: 0		Row: 0
TRACE-REQUEST:READ		2971:		Address: 0		Bank: 0		Column: 0		Row: 0
TRACE-REQUEST:READ		2975:		Address: 0		Bank: 0		Column: 0		Row: 0
TRACE-REQUEST:READ		2979:		Address: 0		Bank: 0		Column: 0		Row: 0
TRACE-REQUEST:READ		2983:		Address: 0		Bank: 0		Column: 0		Row: 0
TRACE-REQUEST:READ		2987:		Address: 0		Bank: 0		Column: 0		Row: 0
TRACE-REQUEST:READ		2991:		Address: 0		Bank: 0		Column: 0		Row: 0
TRACE-REQUEST:READ		2995:		Address: 0		Bank: 0		Column: 0		Row: 0
TRACE-REQUEST:READ		2999:		Address: 0		Bank: 0		Column: 0		Row: 0
TRACE-REQUEST:READ		3003:		Address: 0		Bank: 0		Column: 0		Row: 0
TRACE-REQUEST:READ		3007:		Address: 0		Bank: 0		Column: 0		Row: 0
TRACE-REQUEST:READ		3011:		Address: 0		Bank: 0		Column: 0		Row: 0
TRACE-REQUEST:READ		3015:		Address: 0		Bank: 0		Column: 0		Row: 0
TRACE-REQUEST:READ		3019:		Address: 0		Bank: 0		Column: 0		Row: 0
TRACE-REQUEST:READ		3023:		Address: 0		Bank: 0		Column: 0		Row: 0
TRACE-REQUEST:READ		3027:		Address: 0		Bank: 0		Column: 0		Row: 0
TRACE-REQUEST:READ		3031:		Address: 0		Bank: 0		Column: 0		Row: 0
TRACE-REQUEST:READ		3035:		Address: 0		Bank: 0		Column: 0		Row: 0
TRACE-REQUEST:READ		3039:		Address: 0		Bank: 0		Column: 0		Row: 0
TRACE-REQUEST:READ		3043:		Address: 0		Bank: 0		Column: 0		Row: 0
TRACE-REQUEST:READ		3047:		Address: 0		Bank: 0		Column: 0		Row: 0
TRACE-REQUEST:READ		3051:		Address: 0		Bank: 0		Column: 0		Row: 0
TRACE-REQUEST:READ		3055:		Address: 0		Bank: 0		Column: 0		Row: 0
TRACE-REQUEST:READ		3059:		Address: 0		Bank: 0		Column: 0		Row: 0
TRACE-REQUEST:READ		3063:		Address: 0		Bank: 0		Column: 0		Row: 0
TRACE-REQUEST:READ		3067:		Address: 0		Bank: 0		Column: 0		Row: 0
TRACE-REQUEST:READ		3071:		Address: 0		Bank: 0		Column: 0		Row: 0
TRACE-REQUEST:READ		3075:		Address: 0		Bank: 0		Column: 0		Row: 0
TRACE-REQUEST:READ		3079:		Address: 0		Bank: 0		Column: 0		Row: 0
TRACE-REQUEST:READ		3083:		Address: 0		Bank: 0		Column: 0		Row: 0
TRACE-REQUEST:READ		3087:		Address: 0		Bank: 0		Column: 0		Row: 0
TRACE-REQUEST:READ		3091:		Address: 0		Bank: 0		Column: 0		Row: 0
TRACE-REQUEST:READ		3095:		Address: 0		Bank: 0		Column: 0		Row: 0
TRACE-REQUEST:READ		3099:		Address: 0		Bank: 0		Column: 0		Row: 0
TRACE-REQUEST:READ		3103:		Address: 0		Bank: 0		Column: 0		Row: 0
TRACE-REQUEST:READ		3107:		Address: 0		Bank: 0		Column: 0		Row: 0
TRACE-REQUEST:READ		3111:		Address: 0		Bank: 0		Column: 0		Row: 0
TRACE-REQUEST:READ		3115:		Address: 0		Bank: 0		Column: 0		Row: 0
TRACE-REQUEST:READ		3119:		Address: 0		Bank: 0		Column: 0		Row: 0
TRACE-REQUEST:READ		3123:		Address: 0		Bank: 0		Column: 0		Row: 0
TRACE-REQUEST:READ		3127:		Address: 0		Bank: 0		Column: 0		Row: 0
TRACE-REQUEST:READ		3131:		Address: 0		Bank: 0		Column: 0		Row: 0
TRACE-REQUEST:READ		3135:		Address: 0		Bank: 0		Column: 0		Row: 0
TRACE-REQUEST:READ		3139:		Address: 0		Bank: 0		Column: 0		Row: 0
TRACE-REQUEST:READ		3143:		Address: 0		Bank: 0		Column: 0		Row: 0
TRACE-REQUEST:READ		3147:		Address: 0		Bank: 0		Column: 0		Row: 0
TRACE-REQUEST:READ		3151:		Address: 0		Bank: 0		Column: 0		Row: 0
TRACE-REQUEST:READ		3155:		Address: 0		Bank: 0		Column: 0		Row: 0
TRACE-REQUEST:READ		3159:		Address: 0		Bank: 0		Column: 0		Row: 0
TRACE-REQUEST:READ		3163:		Address: 0		Bank: 0		Column: 0		Row: 0
TRACE-REQUEST:READ		3167:		Address: 0		Bank: 0		Column: 0		Row: 0
TRACE-REQUEST:READ		3171:		Address: 0		Bank: 0		Column: 0		Row: 0
TRACE-REQUEST:READ		3175:		Address: 0		Bank: 0		Column: 0		Row: 0
TRACE-REQUEST:READ		3179:		Address: 0		Bank: 0		Column: 0		Row: 0
TRACE-REQUEST:READ		3183:		Address: 0		Bank: 0		Column: 0		Row: 0
TRACE-REQUEST:READ		3187:		Address: 0		Bank: 0		Column: 0		Row: 0
TRACE-REQUEST:READ		3191:		Address: 0		Bank: 0		Column: 0		Row: 0
TRACE-REQUEST:READ		3195:		Address: 0		Bank: 0		Column: 0		Row: 0
TRACE-REQUEST:READ		3199:		Address: 0		Bank: 0		Column: 0		Row: 0
TRACE-REQUEST:READ		3203:		Address: 0		Bank: 0		Column: 0		Row: 0
TRACE-REQUEST:READ		3207:		Address: 0		Bank: 0		Column: 0		Row: 0
TRACE-REQUEST:READ		3211:		Address: 0		Bank: 0		Column: 0		Row: 0
TRACE-REQUEST:READ		3215:		Address: 0		Bank: 0		Column: 0		Row: 0
TRACE-REQUEST:READ		3219:		Address: 0		Bank: 0		Column: 0		Row: 0
TRACE-REQUEST:READ		3223:		Address: 0		Bank: 0		Column: 0		Row: 0
TRACE-REQUEST:READ		3227:		Address: 0		Bank: 0		Column: 0		Row: 0
TRACE-REQUEST:READ		3231:		Address: 0		Bank: 0		Column: 0		Row: 0
TRACE-REQUEST:READ		3235:		Address: 0		Bank: 0		Column: 0		Row: 0
TRACE-REQUEST:READ		3239:		Address: 0		Bank: 0		Column: 0		Row: 0
TRACE-REQUEST:READ		3243:		Address: 0		Bank: 0		Column: 0		Row: 0
TRACE-REQUEST:READ		3247:		Address: 0		Bank: 0		Column: 0		Row: 0
TRACE-REQUEST:READ		3251:		Address: 0		Bank: 0		Column: 0		Row: 0
TRACE-REQUEST:READ		3255:		Address: 0		Bank: 0		Column: 0		Row: 0
TRACE-REQUEST:READ		3259:		Address: 0		Bank: 0		Column: 0		Row: 0
TRACE-REQUEST:READ		3263:		Address: 0		Bank: 0		Column: 0		Row: 0
TRACE-REQUEST:READ		3267:		Address: 0		Bank: 0		Column: 0		Row: 0
TRACE-REQUEST:READ		3271:		Address: 0		Bank: 0		Column: 0		Row: 0
TRACE-REQUEST:READ		3275:		Address: 0		Bank: 0		Column: 0		Row: 0
TRACE-REQUEST:READ		3279:		Address: 0		Bank: 0		Column: 0		Row: 0
TRACE-REQUEST:READ		3283:		Address: 0		Bank: 0		Column: 0		Row: 0
TRACE-REQUEST:READ		3287:		Address: 0		Bank: 0		Column: 0		Row: 0
TRACE-REQUEST:READ		3291:		Address: 0		Bank: 0		Column: 0		Row: 0
TRACE-REQUEST:READ		3295:		Address: 0		Bank: 0		Column: 0		Row: 0
TRACE-REQUEST:READ		3299:		Address: 0		Bank: 0		Column: 0		Row: 0
TRACE-REQUEST:READ		3303:		Address: 0		Bank: 0		Column: 0		Row: 0
TRACE-REQUEST:READ		3307:		Address: 0		Bank: 0		Column: 0		Row: 0
TRACE-REQUEST:READ		3311:		Address: 0		Bank: 0		Column: 0		Row: 0
TRACE-REQUEST:READ		3315:		Address: 0		Bank: 0		Column: 0		Row: 0
TRACE-REQUEST:READ		3319:		Address: 0		Bank: 0		Column: 0		Row: 0
TRACE-REQUEST:READ		3323:		Address: 0		Bank: 0		Column: 0		Row: 0
TRACE-REQUEST:READ		3327:		Address: 0		Bank: 0		Column: 0		Row: 0
TRACE-REQUEST:READ		3331:		Address: 0		Bank: 0		Column: 0		Row: 0
TRACE-REQUEST:READ		3335:		Address: 0		Bank: 0		Column: 0		Row: 0
TRACE-REQUEST:READ		3339:		Address: 0		Bank: 0		Column: 0		Row: 0
TRACE-REQUEST:READ		3343:		Address: 0		Bank: 0		Column: 0		Row: 0
TRACE-REQUEST:READ		3347:		Address: 0		Bank: 0		Column: 0		Row: 0
TRACE-REQUEST:READ		3351:		Address: 0		Bank: 0		Column: 0		Row: 0
TRACE-REQUEST:READ		3355:		Address: 0		Bank: 0		Column: 0		Row: 0
TRACE-REQUEST:READ		3359:		Address: 0		Bank: 0		Column: 0		Row: 0
TRACE-REQUEST:READ		3363:		Address: 0		Bank: 0		Column: 0		Row: 0
TRACE-REQUEST:READ		3367:		Address: 0		Bank: 0		Column: 0		Row: 0
TRACE-REQUEST:READ		3371:		Address: 0		Bank: 0		Column: 0		Row: 0
TRACE-REQUEST:READ		3375:		Address: 0		Bank: 0		Column: 0		Row: 0
TRACE-REQUEST:READ		3379:		Address: 0		Bank: 0		Column: 0		Row: 0
TRACE-REQUEST:READ		3383:		Address: 0		Bank: 0		Column: 0		Row: 0
TRACE-REQUEST:READ		3387:		Address: 0		Bank: 0		Column: 0		Row: 0
TRACE-REQUEST:READ		3391:		Address: 0		Bank: 0		Column: 0		Row: 0
TRACE-REQUEST:READ		3395:		Address: 0		Bank: 0		Column: 0		Row: 0
TRACE-REQUEST:READ		3399:		Address: 0		Bank: 0		Column: 0		Row: 0
TRACE-REQUEST:READ		3403:		Address: 0		Bank: 0		Column: 0		Row: 0
TRACE-REQUEST:READ		3407:		Address: 0		Bank: 0		Column: 0		Row: 0
TRACE-REQUEST:READ		3411:		Address: 0		Bank: 0		Column: 0		Row: 0
TRACE-REQUEST:READ		3415:		Address: 0		Bank: 0		Column: 0		Row: 0
TRACE-REQUEST:READ		3419:		Address: 0		Bank: 0		Column: 0		Row: 0
TRACE-REQUEST:READ		3423:		Address: 0		Bank: 0		Column: 0		Row: 0
TRACE-REQUEST:READ		3427:		Address: 0		Bank: 0		Column: 0		Row: 0
TRACE-REQUEST:READ		3431:		Address: 0		Bank: 0		Column: 0		Row: 0
TRACE-REQUEST:READ		3435:		Address: 0		Bank: 0		Column: 0		Row: 0
TRACE-REQUEST:READ		3439:		Address: 0		Bank: 0		Column: 0		Row: 0
TRACE-REQUEST:READ		3443:		Address: 0		Bank: 0		Column: 0		Row: 0
TRACE-REQUEST:READ		3447:		Address: 0		Bank: 0		Column: 0		Row: 0
TRACE-REQUEST:READ		3451:		Address: 0		Bank: 0		Column: 0		Row: 0
TRACE-REQUEST:READ		3455:		Address: 0		Bank: 0		Column: 0		Row: 0
TRACE-REQUEST:READ		3459:		Address: 0		Bank: 0		Column: 0		Row: 0
TRACE-REQUEST:READ		3463:		Address: 0		Bank: 0		Column: 0		Row: 0
TRACE-REQUEST:READ		3467:		Address: 0		Bank: 0		Column: 0		Row: 0
TRACE-REQUEST:READ		3471:		Address: 0		Bank: 0		Column: 0		Row: 0
TRACE-REQUEST:READ		3475:		Address: 0		Bank: 0		Column: 0		Row: 0
TRACE-REQUEST:READ		3479:		Address: 0		Bank: 0		Column: 0		Row: 0
TRACE-REQUEST:READ		3483:		Address: 0		Bank: 0		Column: 0		Row: 0
TRACE-REQUEST:READ		3487:		Address: 0		Bank: 0		Column: 0		Row: 0
TRACE-REQUEST:READ		3491:		Address: 0		Bank: 0		Column: 0		Row: 0
TRACE-REQUEST:READ		3495:		Address: 0		Bank: 0		Column: 0		Row: 0
TRACE-REQUEST:READ		3499:		Address: 0		Bank: 0		Column: 0		Row: 0
TRACE-REQUEST:READ		3503:		Address: 0		Bank: 0		Column: 0		Row: 0
TRACE-REQUEST:READ		3507:		Address: 0		Bank: 0		Column: 0		Row: 0
TRACE-REQUEST:READ		3511:		Address: 0		Bank: 0		Column: 0		Row: 0
TRACE-REQUEST:READ		3515:		Address: 0		Bank: 0		Column: 0		Row: 0
TRACE-REQUEST:READ		3519:		Address: 0		Bank: 0		Column: 0		Row: 0
TRACE-REQUEST:READ		3523:		Address: 0		Bank: 0		Column: 0		Row: 0
TRACE-REQUEST:READ		3527:		Address: 0		Bank: 0		Column: 0		Row: 0
TRACE-REQUEST:READ		3531:		Address: 0		Bank: 0		Column: 0		Row: 0
TRACE-REQUEST:READ		3535:		Address: 0		Bank: 0		Column: 0		Row: 0
TRACE-REQUEST:READ		3539:		Address: 0		Bank: 0		Column: 0		Row: 0
TRACE-REQUEST:READ		3543:		Address: 0		Bank: 0		Column: 0		Row: 0
TRACE-REQUEST:READ		3547:		Address: 0		Bank: 0		Column: 0		Row: 0
TRACE-REQUEST:READ		3551:		Address: 0		Bank: 0		Column: 0		Row: 0
TRACE-REQUEST:READ		3555:		Address: 0		Bank: 0		Column: 0		Row: 0
TRACE-REQUEST:READ		3559:		Address: 0		Bank: 0		Column: 0		Row: 0
TRACE-REQUEST:READ		3563:		Address: 0		Bank: 0		Column: 0		Row: 0
TRACE-REQUEST:READ		3567:		Address: 0		Bank: 0		Column: 0		Row: 0
TRACE-REQUEST:READ		3571:		Address: 0		Bank: 0		Column: 0		Row: 0
TRACE-REQUEST:READ		3575:		Address: 0		Bank: 0		Column: 0		Row: 0
TRACE-REQUEST:READ		3579:		Address: 0		Bank: 0		Column: 0		Row: 0
TRACE-REQUEST:READ		3583:		Address: 0		Bank: 0		Column: 0		Row: 0
TRACE-REQUEST:READ		3587:		Address: 0		Bank: 0		Column: 0		Row: 0
TRACE-REQUEST:READ		3591:		Address: 0		Bank: 0		Column: 0		Row: 0
TRACE-REQUEST:READ		3595:		Address: 0		Bank: 0		Column: 0		Row: 0
TRACE-REQUEST:READ		3599:		Address: 0		Bank: 0		Column: 0		Row: 0
TRACE-REQUEST:READ		3603:		Address: 0		Bank: 0		Column: 0		Row: 0
TRACE-REQUEST:READ		3607:		Address: 0		Bank: 0		Column: 0		Row: 0
TRACE-REQUEST:READ		3611:		Address: 0		Bank: 0		Column: 0		Row: 0
TRACE-REQUEST:READ		3615:		Address: 0		Bank: 0		Column: 0		Row: 0
TRACE-REQUEST:READ		3619:		Address: 0		Bank: 0		Column: 0		Row: 0
TRACE-REQUEST:READ		3623:		Address: 0		Bank: 0		Column: 0		Row: 0
TRACE-REQUEST:READ		3627:		Address: 0		Bank: 0		Column: 0		Row: 0
TRACE-REQUEST:READ		3631:		Address: 0		Bank: 0		Column: 0		Row: 0
TRACE-REQUEST:READ		3635:		Address: 0		Bank: 0		Column: 0		Row: 0
TRACE-REQUEST:READ		3639:		Address: 0		Bank: 0		Column: 0		Row: 0
TRACE-REQUEST:READ		3643:		Address: 0		Bank: 0		Column: 0		Row: 0
TRACE-REQUEST:READ		3647:		Address: 0		Bank: 0		Column: 0		Row: 0
TRACE-REQUEST:READ		3651:		Address: 0		Bank: 0		Column: 0		Row: 0
TRACE-REQUEST:READ		3655:		Address: 0		Bank: 0		Column: 0		Row: 0
TRACE-REQUEST:READ		3659:		Address: 0		Bank: 0		Column: 0		Row: 0
TRACE-REQUEST:READ		3663:		Address: 0		Bank: 0		Column: 0		Row: 0
TRACE-REQUEST:READ		3667:		Address: 0		Bank: 0		Column: 0		Row: 0
TRACE-REQUEST:READ		3671:		Address: 0		Bank: 0		Column: 0		Row: 0
TRACE-REQUEST:READ		3675:		Address: 0		Bank: 0		Column: 0		Row: 0
TRACE-REQUEST:READ		3679:		Address: 0		Bank: 0		Column: 0		Row: 0
TRACE-REQUEST:READ		3683:		Address: 0		Bank: 0		Column: 0		Row: 0
TRACE-REQUEST:READ		3687:		Address: 0		Bank: 0		Column: 0		Row: 0
TRACE-REQUEST:READ		3691:		Address: 0		Bank: 0		Column: 0		Row: 0
TRACE-REQUEST:READ		3695:		Address: 0		Bank: 0		Column: 0		Row: 0
TRACE-REQUEST:READ		3699:		Address: 0		Bank: 0		Column: 0		Row: 0
TRACE-REQUEST:READ		3703:		Address: 0		Bank: 0		Column: 0		Row: 0
TRACE-REQUEST:READ		3707:		Address: 0		Bank: 0		Column: 0		Row: 0
TRACE-REQUEST:READ		3711:		Address: 0		Bank: 0		Column: 0		Row: 0
TRACE-REQUEST:READ		3715:		Address: 0		Bank: 0		Column: 0		Row: 0
TRACE-REQUEST:READ		3719:		Address: 0		Bank: 0		Column: 0		Row: 0
TRACE-REQUEST:READ		3723:		Address: 0		Bank: 0		Column: 0		Row: 0
TRACE-REQUEST:READ		3727:		Address: 0		Bank: 0		Column: 0		Row: 0
TRACE-REQUEST:READ		3731:		Address: 0		Bank: 0		Column: 0		Row: 0
TRACE-REQUEST:READ		3735:		Address: 0		Bank: 0		Column: 0		Row: 0
TRACE-REQUEST:READ		3739:		Address: 0		Bank: 0		Column: 0		Row: 0
TRACE-REQUEST:READ		3743:		Address: 0		Bank: 0		Column: 0		Row: 0
TRACE-REQUEST:READ		3747:		Address: 0		Bank: 0		Column: 0		Row: 0
TRACE-REQUEST:READ		3751:		Address: 0		Bank: 0		Column: 0		Row: 0
TRACE-REQUEST:READ		3755:		Address: 0		Bank: 0		Column: 0		Row: 0
TRACE-REQUEST:READ		3759:		Address: 0		Bank: 0		Column: 0		Row: 0
TRACE-REQUEST:READ		3763:		Address: 0		Bank: 0		Column: 0		Row: 0
TRACE-REQUEST:READ		3767:		Address: 0		Bank: 0		Column: 0		Row: 0
TRACE-REQUEST:READ		3771:		Address: 0		Bank: 0		Column: 0		Row: 0
TRACE-REQUEST:READ		3775:		Address: 0		Bank: 0		Column: 0		Row: 0
TRACE-REQUEST:READ		3779:		Address: 0		Bank: 0		Column: 0		Row: 0
TRACE-REQUEST:READ		3783:		Address: 0		Bank: 0		Column: 0		Row: 0
TRACE-REQUEST:READ		3787:		Address: 0		Bank: 0		Column: 0		Row: 0
TRACE-REQUEST:READ		3791:		Address: 0		Bank: 0		Column: 0		Row: 0
TRACE-REQUEST:READ		3795:		Address: 0		Bank: 0		Column: 0		Row: 0
TRACE-REQUEST:READ		3799:		Address: 0		Bank: 0		Column: 0		Row: 0
TRACE-REQUEST:READ		3803:		Address: 0		Bank: 0		Column: 0		Row: 0
TRACE-REQUEST:READ		3807:		Address: 0		Bank: 0		Column: 0		Row: 0
TRACE-REQUEST:READ		3811:		Address: 0		Bank: 0		Column: 0		Row: 0
TRACE-REQUEST:READ		3815:		Address: 0		Bank: 0		Column: 0		Row: 0
TRACE-REQUEST:READ		3819:		Address: 0		Bank: 0		Column: 0		Row: 0
TRACE-REQUEST:READ		3823:		Address: 0		Bank: 0		Column: 0		Row: 0
TRACE-REQUEST:READ		3827:		Address: 0		Bank: 0		Column: 0		Row: 0
TRACE-REQUEST:READ		3831:		Address: 0		Bank: 0		Column: 0		Row: 0
TRACE-REQUEST:READ		3835:		Address: 0		Bank: 0		Column: 0		Row: 0
TRACE-REQUEST:READ		3839:		Address: 0		Bank: 0		Column: 0		Row: 0
TRACE-REQUEST:READ		3843:		Address: 0		Bank: 0		Column: 0		Row: 0
TRACE-REQUEST:READ		3847:		Address: 0		Bank: 0		Column: 0		Row: 0
TRACE-REQUEST:READ		3851:		Address: 0		Bank: 0		Column: 0		Row: 0
TRACE-REQUEST:READ		3855:		Address: 0		Bank: 0		Column: 0		Row: 0
TRACE-REQUEST:READ		3859:		Address: 0		Bank: 0		Column: 0		Row: 0
TRACE-REQUEST:READ		3863:		Address: 0		Bank: 0		Column: 0		Row: 0
TRACE-REQUEST:READ		3867:		Address: 0		Bank: 0		Column: 0		Row: 0
TRACE-REQUEST:READ		3871:		Address: 0		Bank: 0		Column: 0		Row: 0
TRACE-REQUEST:READ		3875:		Address: 0		Bank: 0		Column: 0		Row: 0
TRACE-REQUEST:READ		3879:		Address: 0		Bank: 0		Column: 0		Row: 0
TRACE-REQUEST:READ		3883:		Address: 0		Bank: 0		Column: 0		Row: 0
TRACE-REQUEST:READ		3887:		Address: 0		Bank: 0		Column: 0		Row: 0
TRACE-REQUEST:READ		3891:		Address: 0		Bank: 0		Column: 0		Row: 0
TRACE-REQUEST:READ		3895:		Address: 0		Bank: 0		Column: 0		Row: 0
TRACE-REQUEST:READ		3899:		Address: 0		Bank: 0		Column: 0		Row: 0
TRACE-REQUEST:READ		3903:		Address: 0		Bank: 0		Column: 0		Row: 0
TRACE-REQUEST:READ		3907:		Address: 0		Bank: 0		Column: 0		Row: 0
TRACE-REQUEST:READ		3911:		Address: 0		Bank: 0		Column: 0		Row: 0
TRACE-REQUEST:READ		3915:		Address: 0		Bank: 0		Column: 0		Row: 0
TRACE-REQUEST:READ		3919:		Address: 0		Bank: 0		Column: 0		Row: 0
TRACE-REQUEST:READ		3923:		Address: 0		Bank: 0		Column: 0		Row: 0
TRACE-REQUEST:READ		3927:		Address: 0		Bank: 0		Column: 0		Row: 0
TRACE-REQUEST:READ		3931:		Address: 0		Bank: 0		Column: 0		Row: 0
TRACE-REQUEST:READ		3935:		Address: 0		Bank: 0		Column: 0		Row: 0
TRACE-REQUEST:READ		3939:		Address: 0		Bank: 0		Column: 0		Row: 0
TRACE-REQUEST:READ		3943:		Address: 0		Bank: 0		Column: 0		Row: 0
TRACE-REQUEST:READ		3947:		Address: 0		Bank: 0		Column: 0		Row: 0
TRACE-REQUEST:READ		3951:		Address: 0		Bank: 0		Column: 0		Row: 0
TRACE-REQUEST:READ		3955:		Address: 0		Bank: 0		Column: 0		Row: 0
TRACE-REQUEST:READ		3959:		Address: 0		Bank: 0		Column: 0		Row: 0
TRACE-REQUEST:READ		3963:		Address: 0		Bank: 0		Column: 0		Row: 0
TRACE-REQUEST:READ		3967:		Address: 0		Bank: 0		Column: 0		Row: 0
TRACE-REQUEST:READ		3971:		Address: 0		Bank: 0		Column: 0		Row: 0
TRACE-REQUEST:READ		3975:		Address: 0		Bank: 0		Column: 0		Row: 0
TRACE-REQUEST:READ		3979:		Address: 0		Bank: 0		Column: 0		Row: 0
TRACE-REQUEST:READ		3983:		Address: 0		Bank: 0		Column: 0		Row: 0
TRACE-REQUEST:READ		3987:		Address: 0		Bank: 0		Column: 0		Row: 0
TRACE-REQUEST:READ		3991:		Address: 0		Bank: 0		Column: 0		Row: 0
TRACE-REQUEST:READ		3995:		Address: 0		Bank: 0		Column: 0		Row: 0
TRACE-REQUEST:READ		3999:		Address: 0		Bank: 0		Column: 0		Row: 0
TRACE-REQUEST:READ		4003:		Address: 16777216	Bank: 0		Column: 0		Row: 32
Requestor 0 End @ 4039
==== Channel [0] ====


Statistics Assuming Cores are In Order:


REQ under analysis: Open Request Ratio : 0.995
   
REQ under analysis: WC Open Read : 24	WC Close Read : 4	WC Open Write : 0	WC Close Write : 0
   
-----------------------------------------Simulation Summary---------------------------------------------
Bandwidth = 12676.4 MB/s
   
Number of Open Read     :  995
Number of Close Read	:  5
Number of Open Write    :  0
Number of Close Write   :  0
   
//// Channel [0] ////
-----------------------------------------Summary Per Requestor------------------------------------------- 
Requestor 0: Worst-Case 4033 Done 1000 Request From 1000 Computation Time = 0 @ 1.25
Simulation End @ 4040 time = 81694
